#! /c/Source/iverilog-install/bin/vvp
:ivl_version "12.0 (devel)" "(s20150603-1539-g2693dd32b)";
:ivl_delay_selection "TYPICAL";
:vpi_time_precision + 0;
:vpi_module "C:\iverilog\lib\ivl\system.vpi";
:vpi_module "C:\iverilog\lib\ivl\vhdl_sys.vpi";
:vpi_module "C:\iverilog\lib\ivl\vhdl_textio.vpi";
:vpi_module "C:\iverilog\lib\ivl\v2005_math.vpi";
:vpi_module "C:\iverilog\lib\ivl\va_math.vpi";
S_0000025ee5d1d190 .scope module, "VolladdiererTest" "VolladdiererTest" 2 2;
 .timescale 0 0;
v0000025ee5db1e40_0 .var "s1", 0 0;
v0000025ee5db2660_0 .var "s2", 0 0;
v0000025ee5db2700_0 .var "s3", 0 0;
v0000025ee5db18a0_0 .net "summe", 0 0, L_0000025ee5d54a00;  1 drivers
v0000025ee5db1940_0 .net "uebertrag", 0 0, L_0000025ee5d54bc0;  1 drivers
S_0000025ee5d1d320 .scope module, "va" "Volladdierer" 2 6, 3 3 0, S_0000025ee5d1d190;
 .timescale 0 0;
    .port_info 0 /INPUT 1 "summand1";
    .port_info 1 /INPUT 1 "summand2";
    .port_info 2 /INPUT 1 "summand3";
    .port_info 3 /OUTPUT 1 "summe";
    .port_info 4 /OUTPUT 1 "uebertrag";
L_0000025ee5d54bc0 .functor OR 1, L_0000025ee5d54ae0, L_0000025ee5d54df0, C4<0>, C4<0>;
v0000025ee5d64210_0 .net "summand1", 0 0, v0000025ee5db1e40_0;  1 drivers
v0000025ee5d642b0_0 .net "summand2", 0 0, v0000025ee5db2660_0;  1 drivers
v0000025ee5d64350_0 .net "summand3", 0 0, v0000025ee5db2700_0;  1 drivers
v0000025ee5d643f0_0 .net "summe", 0 0, L_0000025ee5d54a00;  alias, 1 drivers
v0000025ee5db1a80_0 .net "summe1", 0 0, L_0000025ee5d54ed0;  1 drivers
v0000025ee5db2160_0 .net "uebertrag", 0 0, L_0000025ee5d54bc0;  alias, 1 drivers
v0000025ee5db1ee0_0 .net "uebertrag1", 0 0, L_0000025ee5d54ae0;  1 drivers
v0000025ee5db22a0_0 .net "uebertrag2", 0 0, L_0000025ee5d54df0;  1 drivers
S_0000025ee5d652b0 .scope module, "hb1" "Halbaddierer" 3 16, 4 1 0, S_0000025ee5d1d320;
 .timescale 0 0;
    .port_info 0 /INPUT 1 "summand1";
    .port_info 1 /INPUT 1 "summand2";
    .port_info 2 /OUTPUT 1 "summe";
    .port_info 3 /OUTPUT 1 "uebertrag";
L_0000025ee5d54ae0 .functor AND 1, v0000025ee5db1e40_0, v0000025ee5db2660_0, C4<1>, C4<1>;
L_0000025ee5d54ed0 .functor XOR 1, v0000025ee5db1e40_0, v0000025ee5db2660_0, C4<0>, C4<0>;
v0000025ee5d1d4b0_0 .net "summand1", 0 0, v0000025ee5db1e40_0;  alias, 1 drivers
v0000025ee5d16b60_0 .net "summand2", 0 0, v0000025ee5db2660_0;  alias, 1 drivers
v0000025ee5d1d550_0 .net "summe", 0 0, L_0000025ee5d54ed0;  alias, 1 drivers
v0000025ee5d65440_0 .net "uebertrag", 0 0, L_0000025ee5d54ae0;  alias, 1 drivers
S_0000025ee5d654e0 .scope module, "hb2" "Halbaddierer" 3 17, 4 1 0, S_0000025ee5d1d320;
 .timescale 0 0;
    .port_info 0 /INPUT 1 "summand1";
    .port_info 1 /INPUT 1 "summand2";
    .port_info 2 /OUTPUT 1 "summe";
    .port_info 3 /OUTPUT 1 "uebertrag";
L_0000025ee5d54df0 .functor AND 1, L_0000025ee5d54ed0, v0000025ee5db2700_0, C4<1>, C4<1>;
L_0000025ee5d54a00 .functor XOR 1, L_0000025ee5d54ed0, v0000025ee5db2700_0, C4<0>, C4<0>;
v0000025ee5d65670_0 .net "summand1", 0 0, L_0000025ee5d54ed0;  alias, 1 drivers
v0000025ee5d64030_0 .net "summand2", 0 0, v0000025ee5db2700_0;  alias, 1 drivers
v0000025ee5d640d0_0 .net "summe", 0 0, L_0000025ee5d54a00;  alias, 1 drivers
v0000025ee5d64170_0 .net "uebertrag", 0 0, L_0000025ee5d54df0;  alias, 1 drivers
    .scope S_0000025ee5d1d190;
T_0 ;
    %vpi_call 2 10 "$dumpfile", "test.vcd" {0 0 0};
    %vpi_call 2 11 "$dumpvars", 32'sb00000000000000000000000000000000, S_0000025ee5d1d190 {0 0 0};
    %pushi/vec4 0, 0, 1;
    %store/vec4 v0000025ee5db1e40_0, 0, 1;
    %pushi/vec4 0, 0, 1;
    %store/vec4 v0000025ee5db2660_0, 0, 1;
    %pushi/vec4 0, 0, 1;
    %store/vec4 v0000025ee5db2700_0, 0, 1;
    %delay 10, 0;
    %pushi/vec4 0, 0, 1;
    %store/vec4 v0000025ee5db1e40_0, 0, 1;
    %pushi/vec4 0, 0, 1;
    %store/vec4 v0000025ee5db2660_0, 0, 1;
    %pushi/vec4 1, 0, 1;
    %store/vec4 v0000025ee5db2700_0, 0, 1;
    %delay 10, 0;
    %pushi/vec4 0, 0, 1;
    %store/vec4 v0000025ee5db1e40_0, 0, 1;
    %pushi/vec4 1, 0, 1;
    %store/vec4 v0000025ee5db2660_0, 0, 1;
    %pushi/vec4 0, 0, 1;
    %store/vec4 v0000025ee5db2700_0, 0, 1;
    %delay 10, 0;
    %pushi/vec4 0, 0, 1;
    %store/vec4 v0000025ee5db1e40_0, 0, 1;
    %pushi/vec4 1, 0, 1;
    %store/vec4 v0000025ee5db2660_0, 0, 1;
    %pushi/vec4 1, 0, 1;
    %store/vec4 v0000025ee5db2700_0, 0, 1;
    %delay 10, 0;
    %pushi/vec4 1, 0, 1;
    %store/vec4 v0000025ee5db1e40_0, 0, 1;
    %pushi/vec4 0, 0, 1;
    %store/vec4 v0000025ee5db2660_0, 0, 1;
    %pushi/vec4 0, 0, 1;
    %store/vec4 v0000025ee5db2700_0, 0, 1;
    %delay 10, 0;
    %pushi/vec4 1, 0, 1;
    %store/vec4 v0000025ee5db1e40_0, 0, 1;
    %pushi/vec4 0, 0, 1;
    %store/vec4 v0000025ee5db2660_0, 0, 1;
    %pushi/vec4 1, 0, 1;
    %store/vec4 v0000025ee5db2700_0, 0, 1;
    %delay 10, 0;
    %pushi/vec4 1, 0, 1;
    %store/vec4 v0000025ee5db1e40_0, 0, 1;
    %pushi/vec4 1, 0, 1;
    %store/vec4 v0000025ee5db2660_0, 0, 1;
    %pushi/vec4 0, 0, 1;
    %store/vec4 v0000025ee5db2700_0, 0, 1;
    %delay 10, 0;
    %pushi/vec4 1, 0, 1;
    %store/vec4 v0000025ee5db1e40_0, 0, 1;
    %pushi/vec4 1, 0, 1;
    %store/vec4 v0000025ee5db2660_0, 0, 1;
    %pushi/vec4 1, 0, 1;
    %store/vec4 v0000025ee5db2700_0, 0, 1;
    %delay 10, 0;
    %vpi_call 2 28 "$finish" {0 0 0};
    %end;
    .thread T_0;
# The file index is used to find the file name in the following table.
:file_names 5;
    "N/A";
    "<interactive>";
    "VolladdiererTest.v";
    "./Volladdierer.v";
    "./Halbaddierer.v";
