#! /yosyshq/bin/vvp
:ivl_version "12.0 (devel)" "(s20150603-1135-g6b127432-dirty)";
:ivl_delay_selection "TYPICAL";
:vpi_time_precision + 0;
:vpi_module "C:\Users\Yanni\ICESTU~1\apio\packages\TOOLS-~1\lib\ivl\system.vpi";
:vpi_module "C:\Users\Yanni\ICESTU~1\apio\packages\TOOLS-~1\lib\ivl\vhdl_sys.vpi";
:vpi_module "C:\Users\Yanni\ICESTU~1\apio\packages\TOOLS-~1\lib\ivl\vhdl_textio.vpi";
:vpi_module "C:\Users\Yanni\ICESTU~1\apio\packages\TOOLS-~1\lib\ivl\v2005_math.vpi";
:vpi_module "C:\Users\Yanni\ICESTU~1\apio\packages\TOOLS-~1\lib\ivl\va_math.vpi";
S_0000000005fc7bd0 .scope module, "$__ABC9_LUT5" "$__ABC9_LUT5" 2 22;
 .timescale 0 0;
    .port_info 0 /INPUT 1 "M0";
    .port_info 1 /INPUT 1 "D";
    .port_info 2 /INPUT 1 "C";
    .port_info 3 /INPUT 1 "B";
    .port_info 4 /INPUT 1 "A";
    .port_info 5 /OUTPUT 1 "Z";
o000000000606dde8 .functor BUFZ 1, C4<z>; HiZ drive
v000000000605c340_0 .net "A", 0 0, o000000000606dde8;  0 drivers
o000000000606de18 .functor BUFZ 1, C4<z>; HiZ drive
v000000000605b9e0_0 .net "B", 0 0, o000000000606de18;  0 drivers
o000000000606de48 .functor BUFZ 1, C4<z>; HiZ drive
v000000000605a900_0 .net "C", 0 0, o000000000606de48;  0 drivers
o000000000606de78 .functor BUFZ 1, C4<z>; HiZ drive
v000000000605bc60_0 .net "D", 0 0, o000000000606de78;  0 drivers
o000000000606dea8 .functor BUFZ 1, C4<z>; HiZ drive
v000000000605bee0_0 .net "M0", 0 0, o000000000606dea8;  0 drivers
o000000000606ded8 .functor BUFZ 1, C4<z>; HiZ drive
v000000000605bb20_0 .net "Z", 0 0, o000000000606ded8;  0 drivers
S_0000000005fc7d60 .scope module, "$__ABC9_LUT6" "$__ABC9_LUT6" 2 36;
 .timescale 0 0;
    .port_info 0 /INPUT 1 "M1";
    .port_info 1 /INPUT 1 "M0";
    .port_info 2 /INPUT 1 "D";
    .port_info 3 /INPUT 1 "C";
    .port_info 4 /INPUT 1 "B";
    .port_info 5 /INPUT 1 "A";
    .port_info 6 /OUTPUT 1 "Z";
o000000000606e028 .functor BUFZ 1, C4<z>; HiZ drive
v000000000605aa40_0 .net "A", 0 0, o000000000606e028;  0 drivers
o000000000606e058 .functor BUFZ 1, C4<z>; HiZ drive
v000000000605bbc0_0 .net "B", 0 0, o000000000606e058;  0 drivers
o000000000606e088 .functor BUFZ 1, C4<z>; HiZ drive
v000000000605b3a0_0 .net "C", 0 0, o000000000606e088;  0 drivers
o000000000606e0b8 .functor BUFZ 1, C4<z>; HiZ drive
v000000000605b440_0 .net "D", 0 0, o000000000606e0b8;  0 drivers
o000000000606e0e8 .functor BUFZ 1, C4<z>; HiZ drive
v000000000605c3e0_0 .net "M0", 0 0, o000000000606e0e8;  0 drivers
o000000000606e118 .functor BUFZ 1, C4<z>; HiZ drive
v000000000605b300_0 .net "M1", 0 0, o000000000606e118;  0 drivers
o000000000606e148 .functor BUFZ 1, C4<z>; HiZ drive
v000000000605b4e0_0 .net "Z", 0 0, o000000000606e148;  0 drivers
S_0000000005fd73b0 .scope module, "$__ABC9_LUT7" "$__ABC9_LUT7" 2 51;
 .timescale 0 0;
    .port_info 0 /INPUT 1 "M2";
    .port_info 1 /INPUT 1 "M1";
    .port_info 2 /INPUT 1 "M0";
    .port_info 3 /INPUT 1 "D";
    .port_info 4 /INPUT 1 "C";
    .port_info 5 /INPUT 1 "B";
    .port_info 6 /INPUT 1 "A";
    .port_info 7 /OUTPUT 1 "Z";
o000000000606e2c8 .functor BUFZ 1, C4<z>; HiZ drive
v000000000605a9a0_0 .net "A", 0 0, o000000000606e2c8;  0 drivers
o000000000606e2f8 .functor BUFZ 1, C4<z>; HiZ drive
v000000000605ae00_0 .net "B", 0 0, o000000000606e2f8;  0 drivers
o000000000606e328 .functor BUFZ 1, C4<z>; HiZ drive
v000000000605a720_0 .net "C", 0 0, o000000000606e328;  0 drivers
o000000000606e358 .functor BUFZ 1, C4<z>; HiZ drive
v000000000605bf80_0 .net "D", 0 0, o000000000606e358;  0 drivers
o000000000606e388 .functor BUFZ 1, C4<z>; HiZ drive
v000000000605c0c0_0 .net "M0", 0 0, o000000000606e388;  0 drivers
o000000000606e3b8 .functor BUFZ 1, C4<z>; HiZ drive
v000000000605c160_0 .net "M1", 0 0, o000000000606e3b8;  0 drivers
o000000000606e3e8 .functor BUFZ 1, C4<z>; HiZ drive
v000000000605c520_0 .net "M2", 0 0, o000000000606e3e8;  0 drivers
o000000000606e418 .functor BUFZ 1, C4<z>; HiZ drive
v000000000605afe0_0 .net "Z", 0 0, o000000000606e418;  0 drivers
S_0000000005fd7540 .scope module, "DP16KD" "DP16KD" 2 602;
 .timescale 0 0;
    .port_info 0 /INPUT 1 "DIA17";
    .port_info 1 /INPUT 1 "DIA16";
    .port_info 2 /INPUT 1 "DIA15";
    .port_info 3 /INPUT 1 "DIA14";
    .port_info 4 /INPUT 1 "DIA13";
    .port_info 5 /INPUT 1 "DIA12";
    .port_info 6 /INPUT 1 "DIA11";
    .port_info 7 /INPUT 1 "DIA10";
    .port_info 8 /INPUT 1 "DIA9";
    .port_info 9 /INPUT 1 "DIA8";
    .port_info 10 /INPUT 1 "DIA7";
    .port_info 11 /INPUT 1 "DIA6";
    .port_info 12 /INPUT 1 "DIA5";
    .port_info 13 /INPUT 1 "DIA4";
    .port_info 14 /INPUT 1 "DIA3";
    .port_info 15 /INPUT 1 "DIA2";
    .port_info 16 /INPUT 1 "DIA1";
    .port_info 17 /INPUT 1 "DIA0";
    .port_info 18 /INPUT 1 "ADA13";
    .port_info 19 /INPUT 1 "ADA12";
    .port_info 20 /INPUT 1 "ADA11";
    .port_info 21 /INPUT 1 "ADA10";
    .port_info 22 /INPUT 1 "ADA9";
    .port_info 23 /INPUT 1 "ADA8";
    .port_info 24 /INPUT 1 "ADA7";
    .port_info 25 /INPUT 1 "ADA6";
    .port_info 26 /INPUT 1 "ADA5";
    .port_info 27 /INPUT 1 "ADA4";
    .port_info 28 /INPUT 1 "ADA3";
    .port_info 29 /INPUT 1 "ADA2";
    .port_info 30 /INPUT 1 "ADA1";
    .port_info 31 /INPUT 1 "ADA0";
    .port_info 32 /INPUT 1 "CEA";
    .port_info 33 /INPUT 1 "OCEA";
    .port_info 34 /INPUT 1 "CLKA";
    .port_info 35 /INPUT 1 "WEA";
    .port_info 36 /INPUT 1 "RSTA";
    .port_info 37 /INPUT 1 "CSA2";
    .port_info 38 /INPUT 1 "CSA1";
    .port_info 39 /INPUT 1 "CSA0";
    .port_info 40 /OUTPUT 1 "DOA17";
    .port_info 41 /OUTPUT 1 "DOA16";
    .port_info 42 /OUTPUT 1 "DOA15";
    .port_info 43 /OUTPUT 1 "DOA14";
    .port_info 44 /OUTPUT 1 "DOA13";
    .port_info 45 /OUTPUT 1 "DOA12";
    .port_info 46 /OUTPUT 1 "DOA11";
    .port_info 47 /OUTPUT 1 "DOA10";
    .port_info 48 /OUTPUT 1 "DOA9";
    .port_info 49 /OUTPUT 1 "DOA8";
    .port_info 50 /OUTPUT 1 "DOA7";
    .port_info 51 /OUTPUT 1 "DOA6";
    .port_info 52 /OUTPUT 1 "DOA5";
    .port_info 53 /OUTPUT 1 "DOA4";
    .port_info 54 /OUTPUT 1 "DOA3";
    .port_info 55 /OUTPUT 1 "DOA2";
    .port_info 56 /OUTPUT 1 "DOA1";
    .port_info 57 /OUTPUT 1 "DOA0";
    .port_info 58 /INPUT 1 "DIB17";
    .port_info 59 /INPUT 1 "DIB16";
    .port_info 60 /INPUT 1 "DIB15";
    .port_info 61 /INPUT 1 "DIB14";
    .port_info 62 /INPUT 1 "DIB13";
    .port_info 63 /INPUT 1 "DIB12";
    .port_info 64 /INPUT 1 "DIB11";
    .port_info 65 /INPUT 1 "DIB10";
    .port_info 66 /INPUT 1 "DIB9";
    .port_info 67 /INPUT 1 "DIB8";
    .port_info 68 /INPUT 1 "DIB7";
    .port_info 69 /INPUT 1 "DIB6";
    .port_info 70 /INPUT 1 "DIB5";
    .port_info 71 /INPUT 1 "DIB4";
    .port_info 72 /INPUT 1 "DIB3";
    .port_info 73 /INPUT 1 "DIB2";
    .port_info 74 /INPUT 1 "DIB1";
    .port_info 75 /INPUT 1 "DIB0";
    .port_info 76 /INPUT 1 "ADB13";
    .port_info 77 /INPUT 1 "ADB12";
    .port_info 78 /INPUT 1 "ADB11";
    .port_info 79 /INPUT 1 "ADB10";
    .port_info 80 /INPUT 1 "ADB9";
    .port_info 81 /INPUT 1 "ADB8";
    .port_info 82 /INPUT 1 "ADB7";
    .port_info 83 /INPUT 1 "ADB6";
    .port_info 84 /INPUT 1 "ADB5";
    .port_info 85 /INPUT 1 "ADB4";
    .port_info 86 /INPUT 1 "ADB3";
    .port_info 87 /INPUT 1 "ADB2";
    .port_info 88 /INPUT 1 "ADB1";
    .port_info 89 /INPUT 1 "ADB0";
    .port_info 90 /INPUT 1 "CEB";
    .port_info 91 /INPUT 1 "OCEB";
    .port_info 92 /INPUT 1 "CLKB";
    .port_info 93 /INPUT 1 "WEB";
    .port_info 94 /INPUT 1 "RSTB";
    .port_info 95 /INPUT 1 "CSB2";
    .port_info 96 /INPUT 1 "CSB1";
    .port_info 97 /INPUT 1 "CSB0";
    .port_info 98 /OUTPUT 1 "DOB17";
    .port_info 99 /OUTPUT 1 "DOB16";
    .port_info 100 /OUTPUT 1 "DOB15";
    .port_info 101 /OUTPUT 1 "DOB14";
    .port_info 102 /OUTPUT 1 "DOB13";
    .port_info 103 /OUTPUT 1 "DOB12";
    .port_info 104 /OUTPUT 1 "DOB11";
    .port_info 105 /OUTPUT 1 "DOB10";
    .port_info 106 /OUTPUT 1 "DOB9";
    .port_info 107 /OUTPUT 1 "DOB8";
    .port_info 108 /OUTPUT 1 "DOB7";
    .port_info 109 /OUTPUT 1 "DOB6";
    .port_info 110 /OUTPUT 1 "DOB5";
    .port_info 111 /OUTPUT 1 "DOB4";
    .port_info 112 /OUTPUT 1 "DOB3";
    .port_info 113 /OUTPUT 1 "DOB2";
    .port_info 114 /OUTPUT 1 "DOB1";
    .port_info 115 /OUTPUT 1 "DOB0";
P_000000000605f660 .param/str "ADA0MUX" 0 2 661, "ADA0";
P_000000000605f698 .param/str "ADA10MUX" 0 2 651, "ADA10";
P_000000000605f6d0 .param/str "ADA11MUX" 0 2 650, "ADA11";
P_000000000605f708 .param/str "ADA12MUX" 0 2 649, "ADA12";
P_000000000605f740 .param/str "ADA13MUX" 0 2 648, "ADA13";
P_000000000605f778 .param/str "ADA1MUX" 0 2 660, "ADA1";
P_000000000605f7b0 .param/str "ADA2MUX" 0 2 659, "ADA2";
P_000000000605f7e8 .param/str "ADA3MUX" 0 2 658, "ADA3";
P_000000000605f820 .param/str "ADA4MUX" 0 2 657, "ADA4";
P_000000000605f858 .param/str "ADA5MUX" 0 2 656, "ADA5";
P_000000000605f890 .param/str "ADA6MUX" 0 2 655, "ADA6";
P_000000000605f8c8 .param/str "ADA7MUX" 0 2 654, "ADA7";
P_000000000605f900 .param/str "ADA8MUX" 0 2 653, "ADA8";
P_000000000605f938 .param/str "ADA9MUX" 0 2 652, "ADA9";
P_000000000605f970 .param/str "ADB0MUX" 0 2 719, "ADB0";
P_000000000605f9a8 .param/str "ADB10MUX" 0 2 709, "ADB10";
P_000000000605f9e0 .param/str "ADB11MUX" 0 2 708, "ADB11";
P_000000000605fa18 .param/str "ADB12MUX" 0 2 707, "ADB12";
P_000000000605fa50 .param/str "ADB13MUX" 0 2 706, "ADB13";
P_000000000605fa88 .param/str "ADB1MUX" 0 2 718, "ADB1";
P_000000000605fac0 .param/str "ADB2MUX" 0 2 717, "ADB2";
P_000000000605faf8 .param/str "ADB3MUX" 0 2 716, "ADB3";
P_000000000605fb30 .param/str "ADB4MUX" 0 2 715, "ADB4";
P_000000000605fb68 .param/str "ADB5MUX" 0 2 714, "ADB5";
P_000000000605fba0 .param/str "ADB6MUX" 0 2 713, "ADB6";
P_000000000605fbd8 .param/str "ADB7MUX" 0 2 712, "ADB7";
P_000000000605fc10 .param/str "ADB8MUX" 0 2 711, "ADB8";
P_000000000605fc48 .param/str "ADB9MUX" 0 2 710, "ADB9";
P_000000000605fc80 .param/str "ASYNC_RESET_RELEASE" 0 2 622, "SYNC";
P_000000000605fcb8 .param/str "CEAMUX" 0 2 662, "CEA";
P_000000000605fcf0 .param/str "CEBMUX" 0 2 720, "CEB";
P_000000000605fd28 .param/str "CLKAMUX" 0 2 664, "CLKA";
P_000000000605fd60 .param/str "CLKBMUX" 0 2 722, "CLKB";
P_000000000605fd98 .param/str "CSA0MUX" 0 2 669, "CSA0";
P_000000000605fdd0 .param/str "CSA1MUX" 0 2 668, "CSA1";
P_000000000605fe08 .param/str "CSA2MUX" 0 2 667, "CSA2";
P_000000000605fe40 .param/str "CSB0MUX" 0 2 727, "CSB0";
P_000000000605fe78 .param/str "CSB1MUX" 0 2 726, "CSB1";
P_000000000605feb0 .param/str "CSB2MUX" 0 2 725, "CSB2";
P_000000000605fee8 .param/str "CSDECODE_A" 0 2 624, "0b000";
P_000000000605ff20 .param/str "CSDECODE_B" 0 2 625, "0b000";
P_000000000605ff58 .param/l "DATA_WIDTH_A" 0 2 615, +C4<00000000000000000000000000010010>;
P_000000000605ff90 .param/l "DATA_WIDTH_B" 0 2 616, +C4<00000000000000000000000000010010>;
P_000000000605ffc8 .param/str "DIA0MUX" 0 2 647, "DIA0";
P_0000000006060000 .param/str "DIA10MUX" 0 2 637, "DIA10";
P_0000000006060038 .param/str "DIA11MUX" 0 2 636, "DIA11";
P_0000000006060070 .param/str "DIA12MUX" 0 2 635, "DIA12";
P_00000000060600a8 .param/str "DIA13MUX" 0 2 634, "DIA13";
P_00000000060600e0 .param/str "DIA14MUX" 0 2 633, "DIA14";
P_0000000006060118 .param/str "DIA15MUX" 0 2 632, "DIA15";
P_0000000006060150 .param/str "DIA16MUX" 0 2 631, "DIA16";
P_0000000006060188 .param/str "DIA17MUX" 0 2 630, "DIA17";
P_00000000060601c0 .param/str "DIA1MUX" 0 2 646, "DIA1";
P_00000000060601f8 .param/str "DIA2MUX" 0 2 645, "DIA2";
P_0000000006060230 .param/str "DIA3MUX" 0 2 644, "DIA3";
P_0000000006060268 .param/str "DIA4MUX" 0 2 643, "DIA4";
P_00000000060602a0 .param/str "DIA5MUX" 0 2 642, "DIA5";
P_00000000060602d8 .param/str "DIA6MUX" 0 2 641, "DIA6";
P_0000000006060310 .param/str "DIA7MUX" 0 2 640, "DIA7";
P_0000000006060348 .param/str "DIA8MUX" 0 2 639, "DIA8";
P_0000000006060380 .param/str "DIA9MUX" 0 2 638, "DIA9";
P_00000000060603b8 .param/str "DIB0MUX" 0 2 705, "DIB0";
P_00000000060603f0 .param/str "DIB10MUX" 0 2 695, "DIB10";
P_0000000006060428 .param/str "DIB11MUX" 0 2 694, "DIB11";
P_0000000006060460 .param/str "DIB12MUX" 0 2 693, "DIB12";
P_0000000006060498 .param/str "DIB13MUX" 0 2 692, "DIB13";
P_00000000060604d0 .param/str "DIB14MUX" 0 2 691, "DIB14";
P_0000000006060508 .param/str "DIB15MUX" 0 2 690, "DIB15";
P_0000000006060540 .param/str "DIB16MUX" 0 2 689, "DIB16";
P_0000000006060578 .param/str "DIB17MUX" 0 2 688, "DIB17";
P_00000000060605b0 .param/str "DIB1MUX" 0 2 704, "DIB1";
P_00000000060605e8 .param/str "DIB2MUX" 0 2 703, "DIB2";
P_0000000006060620 .param/str "DIB3MUX" 0 2 702, "DIB3";
P_0000000006060658 .param/str "DIB4MUX" 0 2 701, "DIB4";
P_0000000006060690 .param/str "DIB5MUX" 0 2 700, "DIB5";
P_00000000060606c8 .param/str "DIB6MUX" 0 2 699, "DIB6";
P_0000000006060700 .param/str "DIB7MUX" 0 2 698, "DIB7";
P_0000000006060738 .param/str "DIB8MUX" 0 2 697, "DIB8";
P_0000000006060770 .param/str "DIB9MUX" 0 2 696, "DIB9";
P_00000000060607a8 .param/str "DOA0MUX" 0 2 687, "DOA0";
P_00000000060607e0 .param/str "DOA10MUX" 0 2 677, "DOA10";
P_0000000006060818 .param/str "DOA11MUX" 0 2 676, "DOA11";
P_0000000006060850 .param/str "DOA12MUX" 0 2 675, "DOA12";
P_0000000006060888 .param/str "DOA13MUX" 0 2 674, "DOA13";
P_00000000060608c0 .param/str "DOA14MUX" 0 2 673, "DOA14";
P_00000000060608f8 .param/str "DOA15MUX" 0 2 672, "DOA15";
P_0000000006060930 .param/str "DOA16MUX" 0 2 671, "DOA16";
P_0000000006060968 .param/str "DOA17MUX" 0 2 670, "DOA17";
P_00000000060609a0 .param/str "DOA1MUX" 0 2 686, "DOA1";
P_00000000060609d8 .param/str "DOA2MUX" 0 2 685, "DOA2";
P_0000000006060a10 .param/str "DOA3MUX" 0 2 684, "DOA3";
P_0000000006060a48 .param/str "DOA4MUX" 0 2 683, "DOA4";
P_0000000006060a80 .param/str "DOA5MUX" 0 2 682, "DOA5";
P_0000000006060ab8 .param/str "DOA6MUX" 0 2 681, "DOA6";
P_0000000006060af0 .param/str "DOA7MUX" 0 2 680, "DOA7";
P_0000000006060b28 .param/str "DOA8MUX" 0 2 679, "DOA8";
P_0000000006060b60 .param/str "DOA9MUX" 0 2 678, "DOA9";
P_0000000006060b98 .param/str "DOB0MUX" 0 2 745, "DOB0";
P_0000000006060bd0 .param/str "DOB10MUX" 0 2 735, "DOB10";
P_0000000006060c08 .param/str "DOB11MUX" 0 2 734, "DOB11";
P_0000000006060c40 .param/str "DOB12MUX" 0 2 733, "DOB12";
P_0000000006060c78 .param/str "DOB13MUX" 0 2 732, "DOB13";
P_0000000006060cb0 .param/str "DOB14MUX" 0 2 731, "DOB14";
P_0000000006060ce8 .param/str "DOB15MUX" 0 2 730, "DOB15";
P_0000000006060d20 .param/str "DOB16MUX" 0 2 729, "DOB16";
P_0000000006060d58 .param/str "DOB17MUX" 0 2 728, "DOB17";
P_0000000006060d90 .param/str "DOB1MUX" 0 2 744, "DOB1";
P_0000000006060dc8 .param/str "DOB2MUX" 0 2 743, "DOB2";
P_0000000006060e00 .param/str "DOB3MUX" 0 2 742, "DOB3";
P_0000000006060e38 .param/str "DOB4MUX" 0 2 741, "DOB4";
P_0000000006060e70 .param/str "DOB5MUX" 0 2 740, "DOB5";
P_0000000006060ea8 .param/str "DOB6MUX" 0 2 739, "DOB6";
P_0000000006060ee0 .param/str "DOB7MUX" 0 2 738, "DOB7";
P_0000000006060f18 .param/str "DOB8MUX" 0 2 737, "DOB8";
P_0000000006060f50 .param/str "DOB9MUX" 0 2 736, "DOB9";
P_0000000006060f88 .param/str "GSR" 0 2 749, "ENABLED";
P_0000000006060fc0 .param/l "INITVAL_00" 0 2 751, C4<00000000000000000000000000000000000000000000000000000000000000000000000000000000000000000000000000000000000000000000000000000000000000000000000000000000000000000000000000000000000000000000000000000000000000000000000000000000000000000000000000000000000000000000000000000000000000000000000000000000000000000000000000000000>;
P_0000000006060ff8 .param/l "INITVAL_01" 0 2 752, C4<00000000000000000000000000000000000000000000000000000000000000000000000000000000000000000000000000000000000000000000000000000000000000000000000000000000000000000000000000000000000000000000000000000000000000000000000000000000000000000000000000000000000000000000000000000000000000000000000000000000000000000000000000000000>;
P_0000000006061030 .param/l "INITVAL_02" 0 2 753, C4<00000000000000000000000000000000000000000000000000000000000000000000000000000000000000000000000000000000000000000000000000000000000000000000000000000000000000000000000000000000000000000000000000000000000000000000000000000000000000000000000000000000000000000000000000000000000000000000000000000000000000000000000000000000>;
P_0000000006061068 .param/l "INITVAL_03" 0 2 754, C4<00000000000000000000000000000000000000000000000000000000000000000000000000000000000000000000000000000000000000000000000000000000000000000000000000000000000000000000000000000000000000000000000000000000000000000000000000000000000000000000000000000000000000000000000000000000000000000000000000000000000000000000000000000000>;
P_00000000060610a0 .param/l "INITVAL_04" 0 2 755, C4<00000000000000000000000000000000000000000000000000000000000000000000000000000000000000000000000000000000000000000000000000000000000000000000000000000000000000000000000000000000000000000000000000000000000000000000000000000000000000000000000000000000000000000000000000000000000000000000000000000000000000000000000000000000>;
P_00000000060610d8 .param/l "INITVAL_05" 0 2 756, C4<00000000000000000000000000000000000000000000000000000000000000000000000000000000000000000000000000000000000000000000000000000000000000000000000000000000000000000000000000000000000000000000000000000000000000000000000000000000000000000000000000000000000000000000000000000000000000000000000000000000000000000000000000000000>;
P_0000000006061110 .param/l "INITVAL_06" 0 2 757, C4<00000000000000000000000000000000000000000000000000000000000000000000000000000000000000000000000000000000000000000000000000000000000000000000000000000000000000000000000000000000000000000000000000000000000000000000000000000000000000000000000000000000000000000000000000000000000000000000000000000000000000000000000000000000>;
P_0000000006061148 .param/l "INITVAL_07" 0 2 758, C4<00000000000000000000000000000000000000000000000000000000000000000000000000000000000000000000000000000000000000000000000000000000000000000000000000000000000000000000000000000000000000000000000000000000000000000000000000000000000000000000000000000000000000000000000000000000000000000000000000000000000000000000000000000000>;
P_0000000006061180 .param/l "INITVAL_08" 0 2 759, C4<00000000000000000000000000000000000000000000000000000000000000000000000000000000000000000000000000000000000000000000000000000000000000000000000000000000000000000000000000000000000000000000000000000000000000000000000000000000000000000000000000000000000000000000000000000000000000000000000000000000000000000000000000000000>;
P_00000000060611b8 .param/l "INITVAL_09" 0 2 760, C4<00000000000000000000000000000000000000000000000000000000000000000000000000000000000000000000000000000000000000000000000000000000000000000000000000000000000000000000000000000000000000000000000000000000000000000000000000000000000000000000000000000000000000000000000000000000000000000000000000000000000000000000000000000000>;
P_00000000060611f0 .param/l "INITVAL_0A" 0 2 761, C4<00000000000000000000000000000000000000000000000000000000000000000000000000000000000000000000000000000000000000000000000000000000000000000000000000000000000000000000000000000000000000000000000000000000000000000000000000000000000000000000000000000000000000000000000000000000000000000000000000000000000000000000000000000000>;
P_0000000006061228 .param/l "INITVAL_0B" 0 2 762, C4<00000000000000000000000000000000000000000000000000000000000000000000000000000000000000000000000000000000000000000000000000000000000000000000000000000000000000000000000000000000000000000000000000000000000000000000000000000000000000000000000000000000000000000000000000000000000000000000000000000000000000000000000000000000>;
P_0000000006061260 .param/l "INITVAL_0C" 0 2 763, C4<00000000000000000000000000000000000000000000000000000000000000000000000000000000000000000000000000000000000000000000000000000000000000000000000000000000000000000000000000000000000000000000000000000000000000000000000000000000000000000000000000000000000000000000000000000000000000000000000000000000000000000000000000000000>;
P_0000000006061298 .param/l "INITVAL_0D" 0 2 764, C4<00000000000000000000000000000000000000000000000000000000000000000000000000000000000000000000000000000000000000000000000000000000000000000000000000000000000000000000000000000000000000000000000000000000000000000000000000000000000000000000000000000000000000000000000000000000000000000000000000000000000000000000000000000000>;
P_00000000060612d0 .param/l "INITVAL_0E" 0 2 765, C4<00000000000000000000000000000000000000000000000000000000000000000000000000000000000000000000000000000000000000000000000000000000000000000000000000000000000000000000000000000000000000000000000000000000000000000000000000000000000000000000000000000000000000000000000000000000000000000000000000000000000000000000000000000000>;
P_0000000006061308 .param/l "INITVAL_0F" 0 2 766, C4<00000000000000000000000000000000000000000000000000000000000000000000000000000000000000000000000000000000000000000000000000000000000000000000000000000000000000000000000000000000000000000000000000000000000000000000000000000000000000000000000000000000000000000000000000000000000000000000000000000000000000000000000000000000>;
P_0000000006061340 .param/l "INITVAL_10" 0 2 767, C4<00000000000000000000000000000000000000000000000000000000000000000000000000000000000000000000000000000000000000000000000000000000000000000000000000000000000000000000000000000000000000000000000000000000000000000000000000000000000000000000000000000000000000000000000000000000000000000000000000000000000000000000000000000000>;
P_0000000006061378 .param/l "INITVAL_11" 0 2 768, C4<00000000000000000000000000000000000000000000000000000000000000000000000000000000000000000000000000000000000000000000000000000000000000000000000000000000000000000000000000000000000000000000000000000000000000000000000000000000000000000000000000000000000000000000000000000000000000000000000000000000000000000000000000000000>;
P_00000000060613b0 .param/l "INITVAL_12" 0 2 769, C4<00000000000000000000000000000000000000000000000000000000000000000000000000000000000000000000000000000000000000000000000000000000000000000000000000000000000000000000000000000000000000000000000000000000000000000000000000000000000000000000000000000000000000000000000000000000000000000000000000000000000000000000000000000000>;
P_00000000060613e8 .param/l "INITVAL_13" 0 2 770, C4<00000000000000000000000000000000000000000000000000000000000000000000000000000000000000000000000000000000000000000000000000000000000000000000000000000000000000000000000000000000000000000000000000000000000000000000000000000000000000000000000000000000000000000000000000000000000000000000000000000000000000000000000000000000>;
P_0000000006061420 .param/l "INITVAL_14" 0 2 771, C4<00000000000000000000000000000000000000000000000000000000000000000000000000000000000000000000000000000000000000000000000000000000000000000000000000000000000000000000000000000000000000000000000000000000000000000000000000000000000000000000000000000000000000000000000000000000000000000000000000000000000000000000000000000000>;
P_0000000006061458 .param/l "INITVAL_15" 0 2 772, C4<00000000000000000000000000000000000000000000000000000000000000000000000000000000000000000000000000000000000000000000000000000000000000000000000000000000000000000000000000000000000000000000000000000000000000000000000000000000000000000000000000000000000000000000000000000000000000000000000000000000000000000000000000000000>;
P_0000000006061490 .param/l "INITVAL_16" 0 2 773, C4<00000000000000000000000000000000000000000000000000000000000000000000000000000000000000000000000000000000000000000000000000000000000000000000000000000000000000000000000000000000000000000000000000000000000000000000000000000000000000000000000000000000000000000000000000000000000000000000000000000000000000000000000000000000>;
P_00000000060614c8 .param/l "INITVAL_17" 0 2 774, C4<00000000000000000000000000000000000000000000000000000000000000000000000000000000000000000000000000000000000000000000000000000000000000000000000000000000000000000000000000000000000000000000000000000000000000000000000000000000000000000000000000000000000000000000000000000000000000000000000000000000000000000000000000000000>;
P_0000000006061500 .param/l "INITVAL_18" 0 2 775, C4<00000000000000000000000000000000000000000000000000000000000000000000000000000000000000000000000000000000000000000000000000000000000000000000000000000000000000000000000000000000000000000000000000000000000000000000000000000000000000000000000000000000000000000000000000000000000000000000000000000000000000000000000000000000>;
P_0000000006061538 .param/l "INITVAL_19" 0 2 776, C4<00000000000000000000000000000000000000000000000000000000000000000000000000000000000000000000000000000000000000000000000000000000000000000000000000000000000000000000000000000000000000000000000000000000000000000000000000000000000000000000000000000000000000000000000000000000000000000000000000000000000000000000000000000000>;
P_0000000006061570 .param/l "INITVAL_1A" 0 2 777, C4<00000000000000000000000000000000000000000000000000000000000000000000000000000000000000000000000000000000000000000000000000000000000000000000000000000000000000000000000000000000000000000000000000000000000000000000000000000000000000000000000000000000000000000000000000000000000000000000000000000000000000000000000000000000>;
P_00000000060615a8 .param/l "INITVAL_1B" 0 2 778, C4<00000000000000000000000000000000000000000000000000000000000000000000000000000000000000000000000000000000000000000000000000000000000000000000000000000000000000000000000000000000000000000000000000000000000000000000000000000000000000000000000000000000000000000000000000000000000000000000000000000000000000000000000000000000>;
P_00000000060615e0 .param/l "INITVAL_1C" 0 2 779, C4<00000000000000000000000000000000000000000000000000000000000000000000000000000000000000000000000000000000000000000000000000000000000000000000000000000000000000000000000000000000000000000000000000000000000000000000000000000000000000000000000000000000000000000000000000000000000000000000000000000000000000000000000000000000>;
P_0000000006061618 .param/l "INITVAL_1D" 0 2 780, C4<00000000000000000000000000000000000000000000000000000000000000000000000000000000000000000000000000000000000000000000000000000000000000000000000000000000000000000000000000000000000000000000000000000000000000000000000000000000000000000000000000000000000000000000000000000000000000000000000000000000000000000000000000000000>;
P_0000000006061650 .param/l "INITVAL_1E" 0 2 781, C4<00000000000000000000000000000000000000000000000000000000000000000000000000000000000000000000000000000000000000000000000000000000000000000000000000000000000000000000000000000000000000000000000000000000000000000000000000000000000000000000000000000000000000000000000000000000000000000000000000000000000000000000000000000000>;
P_0000000006061688 .param/l "INITVAL_1F" 0 2 782, C4<00000000000000000000000000000000000000000000000000000000000000000000000000000000000000000000000000000000000000000000000000000000000000000000000000000000000000000000000000000000000000000000000000000000000000000000000000000000000000000000000000000000000000000000000000000000000000000000000000000000000000000000000000000000>;
P_00000000060616c0 .param/l "INITVAL_20" 0 2 783, C4<00000000000000000000000000000000000000000000000000000000000000000000000000000000000000000000000000000000000000000000000000000000000000000000000000000000000000000000000000000000000000000000000000000000000000000000000000000000000000000000000000000000000000000000000000000000000000000000000000000000000000000000000000000000>;
P_00000000060616f8 .param/l "INITVAL_21" 0 2 784, C4<00000000000000000000000000000000000000000000000000000000000000000000000000000000000000000000000000000000000000000000000000000000000000000000000000000000000000000000000000000000000000000000000000000000000000000000000000000000000000000000000000000000000000000000000000000000000000000000000000000000000000000000000000000000>;
P_0000000006061730 .param/l "INITVAL_22" 0 2 785, C4<00000000000000000000000000000000000000000000000000000000000000000000000000000000000000000000000000000000000000000000000000000000000000000000000000000000000000000000000000000000000000000000000000000000000000000000000000000000000000000000000000000000000000000000000000000000000000000000000000000000000000000000000000000000>;
P_0000000006061768 .param/l "INITVAL_23" 0 2 786, C4<00000000000000000000000000000000000000000000000000000000000000000000000000000000000000000000000000000000000000000000000000000000000000000000000000000000000000000000000000000000000000000000000000000000000000000000000000000000000000000000000000000000000000000000000000000000000000000000000000000000000000000000000000000000>;
P_00000000060617a0 .param/l "INITVAL_24" 0 2 787, C4<00000000000000000000000000000000000000000000000000000000000000000000000000000000000000000000000000000000000000000000000000000000000000000000000000000000000000000000000000000000000000000000000000000000000000000000000000000000000000000000000000000000000000000000000000000000000000000000000000000000000000000000000000000000>;
P_00000000060617d8 .param/l "INITVAL_25" 0 2 788, C4<00000000000000000000000000000000000000000000000000000000000000000000000000000000000000000000000000000000000000000000000000000000000000000000000000000000000000000000000000000000000000000000000000000000000000000000000000000000000000000000000000000000000000000000000000000000000000000000000000000000000000000000000000000000>;
P_0000000006061810 .param/l "INITVAL_26" 0 2 789, C4<00000000000000000000000000000000000000000000000000000000000000000000000000000000000000000000000000000000000000000000000000000000000000000000000000000000000000000000000000000000000000000000000000000000000000000000000000000000000000000000000000000000000000000000000000000000000000000000000000000000000000000000000000000000>;
P_0000000006061848 .param/l "INITVAL_27" 0 2 790, C4<00000000000000000000000000000000000000000000000000000000000000000000000000000000000000000000000000000000000000000000000000000000000000000000000000000000000000000000000000000000000000000000000000000000000000000000000000000000000000000000000000000000000000000000000000000000000000000000000000000000000000000000000000000000>;
P_0000000006061880 .param/l "INITVAL_28" 0 2 791, C4<00000000000000000000000000000000000000000000000000000000000000000000000000000000000000000000000000000000000000000000000000000000000000000000000000000000000000000000000000000000000000000000000000000000000000000000000000000000000000000000000000000000000000000000000000000000000000000000000000000000000000000000000000000000>;
P_00000000060618b8 .param/l "INITVAL_29" 0 2 792, C4<00000000000000000000000000000000000000000000000000000000000000000000000000000000000000000000000000000000000000000000000000000000000000000000000000000000000000000000000000000000000000000000000000000000000000000000000000000000000000000000000000000000000000000000000000000000000000000000000000000000000000000000000000000000>;
P_00000000060618f0 .param/l "INITVAL_2A" 0 2 793, C4<00000000000000000000000000000000000000000000000000000000000000000000000000000000000000000000000000000000000000000000000000000000000000000000000000000000000000000000000000000000000000000000000000000000000000000000000000000000000000000000000000000000000000000000000000000000000000000000000000000000000000000000000000000000>;
P_0000000006061928 .param/l "INITVAL_2B" 0 2 794, C4<00000000000000000000000000000000000000000000000000000000000000000000000000000000000000000000000000000000000000000000000000000000000000000000000000000000000000000000000000000000000000000000000000000000000000000000000000000000000000000000000000000000000000000000000000000000000000000000000000000000000000000000000000000000>;
P_0000000006061960 .param/l "INITVAL_2C" 0 2 795, C4<00000000000000000000000000000000000000000000000000000000000000000000000000000000000000000000000000000000000000000000000000000000000000000000000000000000000000000000000000000000000000000000000000000000000000000000000000000000000000000000000000000000000000000000000000000000000000000000000000000000000000000000000000000000>;
P_0000000006061998 .param/l "INITVAL_2D" 0 2 796, C4<00000000000000000000000000000000000000000000000000000000000000000000000000000000000000000000000000000000000000000000000000000000000000000000000000000000000000000000000000000000000000000000000000000000000000000000000000000000000000000000000000000000000000000000000000000000000000000000000000000000000000000000000000000000>;
P_00000000060619d0 .param/l "INITVAL_2E" 0 2 797, C4<00000000000000000000000000000000000000000000000000000000000000000000000000000000000000000000000000000000000000000000000000000000000000000000000000000000000000000000000000000000000000000000000000000000000000000000000000000000000000000000000000000000000000000000000000000000000000000000000000000000000000000000000000000000>;
P_0000000006061a08 .param/l "INITVAL_2F" 0 2 798, C4<00000000000000000000000000000000000000000000000000000000000000000000000000000000000000000000000000000000000000000000000000000000000000000000000000000000000000000000000000000000000000000000000000000000000000000000000000000000000000000000000000000000000000000000000000000000000000000000000000000000000000000000000000000000>;
P_0000000006061a40 .param/l "INITVAL_30" 0 2 799, C4<00000000000000000000000000000000000000000000000000000000000000000000000000000000000000000000000000000000000000000000000000000000000000000000000000000000000000000000000000000000000000000000000000000000000000000000000000000000000000000000000000000000000000000000000000000000000000000000000000000000000000000000000000000000>;
P_0000000006061a78 .param/l "INITVAL_31" 0 2 800, C4<00000000000000000000000000000000000000000000000000000000000000000000000000000000000000000000000000000000000000000000000000000000000000000000000000000000000000000000000000000000000000000000000000000000000000000000000000000000000000000000000000000000000000000000000000000000000000000000000000000000000000000000000000000000>;
P_0000000006061ab0 .param/l "INITVAL_32" 0 2 801, C4<00000000000000000000000000000000000000000000000000000000000000000000000000000000000000000000000000000000000000000000000000000000000000000000000000000000000000000000000000000000000000000000000000000000000000000000000000000000000000000000000000000000000000000000000000000000000000000000000000000000000000000000000000000000>;
P_0000000006061ae8 .param/l "INITVAL_33" 0 2 802, C4<00000000000000000000000000000000000000000000000000000000000000000000000000000000000000000000000000000000000000000000000000000000000000000000000000000000000000000000000000000000000000000000000000000000000000000000000000000000000000000000000000000000000000000000000000000000000000000000000000000000000000000000000000000000>;
P_0000000006061b20 .param/l "INITVAL_34" 0 2 803, C4<00000000000000000000000000000000000000000000000000000000000000000000000000000000000000000000000000000000000000000000000000000000000000000000000000000000000000000000000000000000000000000000000000000000000000000000000000000000000000000000000000000000000000000000000000000000000000000000000000000000000000000000000000000000>;
P_0000000006061b58 .param/l "INITVAL_35" 0 2 804, C4<00000000000000000000000000000000000000000000000000000000000000000000000000000000000000000000000000000000000000000000000000000000000000000000000000000000000000000000000000000000000000000000000000000000000000000000000000000000000000000000000000000000000000000000000000000000000000000000000000000000000000000000000000000000>;
P_0000000006061b90 .param/l "INITVAL_36" 0 2 805, C4<00000000000000000000000000000000000000000000000000000000000000000000000000000000000000000000000000000000000000000000000000000000000000000000000000000000000000000000000000000000000000000000000000000000000000000000000000000000000000000000000000000000000000000000000000000000000000000000000000000000000000000000000000000000>;
P_0000000006061bc8 .param/l "INITVAL_37" 0 2 806, C4<00000000000000000000000000000000000000000000000000000000000000000000000000000000000000000000000000000000000000000000000000000000000000000000000000000000000000000000000000000000000000000000000000000000000000000000000000000000000000000000000000000000000000000000000000000000000000000000000000000000000000000000000000000000>;
P_0000000006061c00 .param/l "INITVAL_38" 0 2 807, C4<00000000000000000000000000000000000000000000000000000000000000000000000000000000000000000000000000000000000000000000000000000000000000000000000000000000000000000000000000000000000000000000000000000000000000000000000000000000000000000000000000000000000000000000000000000000000000000000000000000000000000000000000000000000>;
P_0000000006061c38 .param/l "INITVAL_39" 0 2 808, C4<00000000000000000000000000000000000000000000000000000000000000000000000000000000000000000000000000000000000000000000000000000000000000000000000000000000000000000000000000000000000000000000000000000000000000000000000000000000000000000000000000000000000000000000000000000000000000000000000000000000000000000000000000000000>;
P_0000000006061c70 .param/l "INITVAL_3A" 0 2 809, C4<00000000000000000000000000000000000000000000000000000000000000000000000000000000000000000000000000000000000000000000000000000000000000000000000000000000000000000000000000000000000000000000000000000000000000000000000000000000000000000000000000000000000000000000000000000000000000000000000000000000000000000000000000000000>;
P_0000000006061ca8 .param/l "INITVAL_3B" 0 2 810, C4<00000000000000000000000000000000000000000000000000000000000000000000000000000000000000000000000000000000000000000000000000000000000000000000000000000000000000000000000000000000000000000000000000000000000000000000000000000000000000000000000000000000000000000000000000000000000000000000000000000000000000000000000000000000>;
P_0000000006061ce0 .param/l "INITVAL_3C" 0 2 811, C4<00000000000000000000000000000000000000000000000000000000000000000000000000000000000000000000000000000000000000000000000000000000000000000000000000000000000000000000000000000000000000000000000000000000000000000000000000000000000000000000000000000000000000000000000000000000000000000000000000000000000000000000000000000000>;
P_0000000006061d18 .param/l "INITVAL_3D" 0 2 812, C4<00000000000000000000000000000000000000000000000000000000000000000000000000000000000000000000000000000000000000000000000000000000000000000000000000000000000000000000000000000000000000000000000000000000000000000000000000000000000000000000000000000000000000000000000000000000000000000000000000000000000000000000000000000000>;
P_0000000006061d50 .param/l "INITVAL_3E" 0 2 813, C4<00000000000000000000000000000000000000000000000000000000000000000000000000000000000000000000000000000000000000000000000000000000000000000000000000000000000000000000000000000000000000000000000000000000000000000000000000000000000000000000000000000000000000000000000000000000000000000000000000000000000000000000000000000000>;
P_0000000006061d88 .param/l "INITVAL_3F" 0 2 814, C4<00000000000000000000000000000000000000000000000000000000000000000000000000000000000000000000000000000000000000000000000000000000000000000000000000000000000000000000000000000000000000000000000000000000000000000000000000000000000000000000000000000000000000000000000000000000000000000000000000000000000000000000000000000000>;
P_0000000006061dc0 .param/str "OCEAMUX" 0 2 663, "OCEA";
P_0000000006061df8 .param/str "OCEBMUX" 0 2 721, "OCEB";
P_0000000006061e30 .param/str "REGMODE_A" 0 2 618, "NOREG";
P_0000000006061e68 .param/str "REGMODE_B" 0 2 619, "NOREG";
P_0000000006061ea0 .param/str "RESETMODE" 0 2 621, "SYNC";
P_0000000006061ed8 .param/str "RSTAMUX" 0 2 666, "RSTA";
P_0000000006061f10 .param/str "RSTBMUX" 0 2 724, "RSTB";
P_0000000006061f48 .param/str "WEAMUX" 0 2 665, "WEA";
P_0000000006061f80 .param/str "WEBMUX" 0 2 723, "WEB";
P_0000000006061fb8 .param/l "WID" 0 2 747, +C4<00000000000000000000000000000000>;
P_0000000006061ff0 .param/str "WRITEMODE_A" 0 2 627, "NORMAL";
P_0000000006062028 .param/str "WRITEMODE_B" 0 2 628, "NORMAL";
o000000000606e5c8 .functor BUFZ 1, C4<z>; HiZ drive
v000000000605b580_0 .net "ADA0", 0 0, o000000000606e5c8;  0 drivers
o000000000606e5f8 .functor BUFZ 1, C4<z>; HiZ drive
v000000000605b620_0 .net "ADA1", 0 0, o000000000606e5f8;  0 drivers
o000000000606e628 .functor BUFZ 1, C4<z>; HiZ drive
v000000000605b6c0_0 .net "ADA10", 0 0, o000000000606e628;  0 drivers
o000000000606e658 .functor BUFZ 1, C4<z>; HiZ drive
v000000000605c2a0_0 .net "ADA11", 0 0, o000000000606e658;  0 drivers
o000000000606e688 .functor BUFZ 1, C4<z>; HiZ drive
v000000000605b760_0 .net "ADA12", 0 0, o000000000606e688;  0 drivers
o000000000606e6b8 .functor BUFZ 1, C4<z>; HiZ drive
v000000000605a680_0 .net "ADA13", 0 0, o000000000606e6b8;  0 drivers
o000000000606e6e8 .functor BUFZ 1, C4<z>; HiZ drive
v000000000605af40_0 .net "ADA2", 0 0, o000000000606e6e8;  0 drivers
o000000000606e718 .functor BUFZ 1, C4<z>; HiZ drive
v000000000605b800_0 .net "ADA3", 0 0, o000000000606e718;  0 drivers
o000000000606e748 .functor BUFZ 1, C4<z>; HiZ drive
v000000000605a7c0_0 .net "ADA4", 0 0, o000000000606e748;  0 drivers
o000000000606e778 .functor BUFZ 1, C4<z>; HiZ drive
v000000000605ab80_0 .net "ADA5", 0 0, o000000000606e778;  0 drivers
o000000000606e7a8 .functor BUFZ 1, C4<z>; HiZ drive
v000000000605acc0_0 .net "ADA6", 0 0, o000000000606e7a8;  0 drivers
o000000000606e7d8 .functor BUFZ 1, C4<z>; HiZ drive
v000000000605ad60_0 .net "ADA7", 0 0, o000000000606e7d8;  0 drivers
o000000000606e808 .functor BUFZ 1, C4<z>; HiZ drive
v000000000605b080_0 .net "ADA8", 0 0, o000000000606e808;  0 drivers
o000000000606e838 .functor BUFZ 1, C4<z>; HiZ drive
v0000000005fa4910_0 .net "ADA9", 0 0, o000000000606e838;  0 drivers
o000000000606e868 .functor BUFZ 1, C4<z>; HiZ drive
v00000000060c5a60_0 .net "ADB0", 0 0, o000000000606e868;  0 drivers
o000000000606e898 .functor BUFZ 1, C4<z>; HiZ drive
v00000000060c6640_0 .net "ADB1", 0 0, o000000000606e898;  0 drivers
o000000000606e8c8 .functor BUFZ 1, C4<z>; HiZ drive
v00000000060c6320_0 .net "ADB10", 0 0, o000000000606e8c8;  0 drivers
o000000000606e8f8 .functor BUFZ 1, C4<z>; HiZ drive
v00000000060c5ba0_0 .net "ADB11", 0 0, o000000000606e8f8;  0 drivers
o000000000606e928 .functor BUFZ 1, C4<z>; HiZ drive
v00000000060c6960_0 .net "ADB12", 0 0, o000000000606e928;  0 drivers
o000000000606e958 .functor BUFZ 1, C4<z>; HiZ drive
v00000000060c5560_0 .net "ADB13", 0 0, o000000000606e958;  0 drivers
o000000000606e988 .functor BUFZ 1, C4<z>; HiZ drive
v00000000060c5d80_0 .net "ADB2", 0 0, o000000000606e988;  0 drivers
o000000000606e9b8 .functor BUFZ 1, C4<z>; HiZ drive
v00000000060c5ec0_0 .net "ADB3", 0 0, o000000000606e9b8;  0 drivers
o000000000606e9e8 .functor BUFZ 1, C4<z>; HiZ drive
v00000000060c6a00_0 .net "ADB4", 0 0, o000000000606e9e8;  0 drivers
o000000000606ea18 .functor BUFZ 1, C4<z>; HiZ drive
v00000000060c6d20_0 .net "ADB5", 0 0, o000000000606ea18;  0 drivers
o000000000606ea48 .functor BUFZ 1, C4<z>; HiZ drive
v00000000060c5b00_0 .net "ADB6", 0 0, o000000000606ea48;  0 drivers
o000000000606ea78 .functor BUFZ 1, C4<z>; HiZ drive
v00000000060c6c80_0 .net "ADB7", 0 0, o000000000606ea78;  0 drivers
o000000000606eaa8 .functor BUFZ 1, C4<z>; HiZ drive
v00000000060c6b40_0 .net "ADB8", 0 0, o000000000606eaa8;  0 drivers
o000000000606ead8 .functor BUFZ 1, C4<z>; HiZ drive
v00000000060c59c0_0 .net "ADB9", 0 0, o000000000606ead8;  0 drivers
o000000000606eb08 .functor BUFZ 1, C4<z>; HiZ drive
v00000000060c6aa0_0 .net "CEA", 0 0, o000000000606eb08;  0 drivers
o000000000606eb38 .functor BUFZ 1, C4<z>; HiZ drive
v00000000060c6780_0 .net "CEB", 0 0, o000000000606eb38;  0 drivers
o000000000606eb68 .functor BUFZ 1, C4<z>; HiZ drive
v00000000060c6be0_0 .net "CLKA", 0 0, o000000000606eb68;  0 drivers
o000000000606eb98 .functor BUFZ 1, C4<z>; HiZ drive
v00000000060c5100_0 .net "CLKB", 0 0, o000000000606eb98;  0 drivers
o000000000606ebc8 .functor BUFZ 1, C4<z>; HiZ drive
v00000000060c6dc0_0 .net "CSA0", 0 0, o000000000606ebc8;  0 drivers
o000000000606ebf8 .functor BUFZ 1, C4<z>; HiZ drive
v00000000060c66e0_0 .net "CSA1", 0 0, o000000000606ebf8;  0 drivers
o000000000606ec28 .functor BUFZ 1, C4<z>; HiZ drive
v00000000060c6e60_0 .net "CSA2", 0 0, o000000000606ec28;  0 drivers
o000000000606ec58 .functor BUFZ 1, C4<z>; HiZ drive
v00000000060c60a0_0 .net "CSB0", 0 0, o000000000606ec58;  0 drivers
o000000000606ec88 .functor BUFZ 1, C4<z>; HiZ drive
v00000000060c5420_0 .net "CSB1", 0 0, o000000000606ec88;  0 drivers
o000000000606ecb8 .functor BUFZ 1, C4<z>; HiZ drive
v00000000060c54c0_0 .net "CSB2", 0 0, o000000000606ecb8;  0 drivers
o000000000606ece8 .functor BUFZ 1, C4<z>; HiZ drive
v00000000060c6f00_0 .net "DIA0", 0 0, o000000000606ece8;  0 drivers
o000000000606ed18 .functor BUFZ 1, C4<z>; HiZ drive
v00000000060c5740_0 .net "DIA1", 0 0, o000000000606ed18;  0 drivers
o000000000606ed48 .functor BUFZ 1, C4<z>; HiZ drive
v00000000060c5920_0 .net "DIA10", 0 0, o000000000606ed48;  0 drivers
o000000000606ed78 .functor BUFZ 1, C4<z>; HiZ drive
v00000000060c5e20_0 .net "DIA11", 0 0, o000000000606ed78;  0 drivers
o000000000606eda8 .functor BUFZ 1, C4<z>; HiZ drive
v00000000060c5060_0 .net "DIA12", 0 0, o000000000606eda8;  0 drivers
o000000000606edd8 .functor BUFZ 1, C4<z>; HiZ drive
v00000000060c5c40_0 .net "DIA13", 0 0, o000000000606edd8;  0 drivers
o000000000606ee08 .functor BUFZ 1, C4<z>; HiZ drive
v00000000060c51a0_0 .net "DIA14", 0 0, o000000000606ee08;  0 drivers
o000000000606ee38 .functor BUFZ 1, C4<z>; HiZ drive
v00000000060c6500_0 .net "DIA15", 0 0, o000000000606ee38;  0 drivers
o000000000606ee68 .functor BUFZ 1, C4<z>; HiZ drive
v00000000060c5ce0_0 .net "DIA16", 0 0, o000000000606ee68;  0 drivers
o000000000606ee98 .functor BUFZ 1, C4<z>; HiZ drive
v00000000060c5240_0 .net "DIA17", 0 0, o000000000606ee98;  0 drivers
o000000000606eec8 .functor BUFZ 1, C4<z>; HiZ drive
v00000000060c65a0_0 .net "DIA2", 0 0, o000000000606eec8;  0 drivers
o000000000606eef8 .functor BUFZ 1, C4<z>; HiZ drive
v00000000060c5f60_0 .net "DIA3", 0 0, o000000000606eef8;  0 drivers
o000000000606ef28 .functor BUFZ 1, C4<z>; HiZ drive
v00000000060c68c0_0 .net "DIA4", 0 0, o000000000606ef28;  0 drivers
o000000000606ef58 .functor BUFZ 1, C4<z>; HiZ drive
v00000000060c6000_0 .net "DIA5", 0 0, o000000000606ef58;  0 drivers
o000000000606ef88 .functor BUFZ 1, C4<z>; HiZ drive
v00000000060c52e0_0 .net "DIA6", 0 0, o000000000606ef88;  0 drivers
o000000000606efb8 .functor BUFZ 1, C4<z>; HiZ drive
v00000000060c5380_0 .net "DIA7", 0 0, o000000000606efb8;  0 drivers
o000000000606efe8 .functor BUFZ 1, C4<z>; HiZ drive
v00000000060c5600_0 .net "DIA8", 0 0, o000000000606efe8;  0 drivers
o000000000606f018 .functor BUFZ 1, C4<z>; HiZ drive
v00000000060c6140_0 .net "DIA9", 0 0, o000000000606f018;  0 drivers
o000000000606f048 .functor BUFZ 1, C4<z>; HiZ drive
v00000000060c56a0_0 .net "DIB0", 0 0, o000000000606f048;  0 drivers
o000000000606f078 .functor BUFZ 1, C4<z>; HiZ drive
v00000000060c57e0_0 .net "DIB1", 0 0, o000000000606f078;  0 drivers
o000000000606f0a8 .functor BUFZ 1, C4<z>; HiZ drive
v00000000060c6460_0 .net "DIB10", 0 0, o000000000606f0a8;  0 drivers
o000000000606f0d8 .functor BUFZ 1, C4<z>; HiZ drive
v00000000060c5880_0 .net "DIB11", 0 0, o000000000606f0d8;  0 drivers
o000000000606f108 .functor BUFZ 1, C4<z>; HiZ drive
v00000000060c61e0_0 .net "DIB12", 0 0, o000000000606f108;  0 drivers
o000000000606f138 .functor BUFZ 1, C4<z>; HiZ drive
v00000000060c6280_0 .net "DIB13", 0 0, o000000000606f138;  0 drivers
o000000000606f168 .functor BUFZ 1, C4<z>; HiZ drive
v00000000060c63c0_0 .net "DIB14", 0 0, o000000000606f168;  0 drivers
o000000000606f198 .functor BUFZ 1, C4<z>; HiZ drive
v00000000060c6820_0 .net "DIB15", 0 0, o000000000606f198;  0 drivers
o000000000606f1c8 .functor BUFZ 1, C4<z>; HiZ drive
v00000000060c8790_0 .net "DIB16", 0 0, o000000000606f1c8;  0 drivers
o000000000606f1f8 .functor BUFZ 1, C4<z>; HiZ drive
v00000000060c8830_0 .net "DIB17", 0 0, o000000000606f1f8;  0 drivers
o000000000606f228 .functor BUFZ 1, C4<z>; HiZ drive
v00000000060c7c50_0 .net "DIB2", 0 0, o000000000606f228;  0 drivers
o000000000606f258 .functor BUFZ 1, C4<z>; HiZ drive
v00000000060c8bf0_0 .net "DIB3", 0 0, o000000000606f258;  0 drivers
o000000000606f288 .functor BUFZ 1, C4<z>; HiZ drive
v00000000060c8ab0_0 .net "DIB4", 0 0, o000000000606f288;  0 drivers
o000000000606f2b8 .functor BUFZ 1, C4<z>; HiZ drive
v00000000060c7930_0 .net "DIB5", 0 0, o000000000606f2b8;  0 drivers
o000000000606f2e8 .functor BUFZ 1, C4<z>; HiZ drive
v00000000060c7cf0_0 .net "DIB6", 0 0, o000000000606f2e8;  0 drivers
o000000000606f318 .functor BUFZ 1, C4<z>; HiZ drive
v00000000060c8010_0 .net "DIB7", 0 0, o000000000606f318;  0 drivers
o000000000606f348 .functor BUFZ 1, C4<z>; HiZ drive
v00000000060c8b50_0 .net "DIB8", 0 0, o000000000606f348;  0 drivers
o000000000606f378 .functor BUFZ 1, C4<z>; HiZ drive
v00000000060c74d0_0 .net "DIB9", 0 0, o000000000606f378;  0 drivers
o000000000606f3a8 .functor BUFZ 1, C4<z>; HiZ drive
v00000000060c71b0_0 .net "DOA0", 0 0, o000000000606f3a8;  0 drivers
o000000000606f3d8 .functor BUFZ 1, C4<z>; HiZ drive
v00000000060c80b0_0 .net "DOA1", 0 0, o000000000606f3d8;  0 drivers
o000000000606f408 .functor BUFZ 1, C4<z>; HiZ drive
v00000000060c8a10_0 .net "DOA10", 0 0, o000000000606f408;  0 drivers
o000000000606f438 .functor BUFZ 1, C4<z>; HiZ drive
v00000000060c8970_0 .net "DOA11", 0 0, o000000000606f438;  0 drivers
o000000000606f468 .functor BUFZ 1, C4<z>; HiZ drive
v00000000060c8470_0 .net "DOA12", 0 0, o000000000606f468;  0 drivers
o000000000606f498 .functor BUFZ 1, C4<z>; HiZ drive
v00000000060c7a70_0 .net "DOA13", 0 0, o000000000606f498;  0 drivers
o000000000606f4c8 .functor BUFZ 1, C4<z>; HiZ drive
v00000000060c7610_0 .net "DOA14", 0 0, o000000000606f4c8;  0 drivers
o000000000606f4f8 .functor BUFZ 1, C4<z>; HiZ drive
v00000000060c7d90_0 .net "DOA15", 0 0, o000000000606f4f8;  0 drivers
o000000000606f528 .functor BUFZ 1, C4<z>; HiZ drive
v00000000060c8150_0 .net "DOA16", 0 0, o000000000606f528;  0 drivers
o000000000606f558 .functor BUFZ 1, C4<z>; HiZ drive
v00000000060c8330_0 .net "DOA17", 0 0, o000000000606f558;  0 drivers
o000000000606f588 .functor BUFZ 1, C4<z>; HiZ drive
v00000000060c7430_0 .net "DOA2", 0 0, o000000000606f588;  0 drivers
o000000000606f5b8 .functor BUFZ 1, C4<z>; HiZ drive
v00000000060c7ed0_0 .net "DOA3", 0 0, o000000000606f5b8;  0 drivers
o000000000606f5e8 .functor BUFZ 1, C4<z>; HiZ drive
v00000000060c79d0_0 .net "DOA4", 0 0, o000000000606f5e8;  0 drivers
o000000000606f618 .functor BUFZ 1, C4<z>; HiZ drive
v00000000060c88d0_0 .net "DOA5", 0 0, o000000000606f618;  0 drivers
o000000000606f648 .functor BUFZ 1, C4<z>; HiZ drive
v00000000060c81f0_0 .net "DOA6", 0 0, o000000000606f648;  0 drivers
o000000000606f678 .functor BUFZ 1, C4<z>; HiZ drive
v00000000060c77f0_0 .net "DOA7", 0 0, o000000000606f678;  0 drivers
o000000000606f6a8 .functor BUFZ 1, C4<z>; HiZ drive
v00000000060c7570_0 .net "DOA8", 0 0, o000000000606f6a8;  0 drivers
o000000000606f6d8 .functor BUFZ 1, C4<z>; HiZ drive
v00000000060c7070_0 .net "DOA9", 0 0, o000000000606f6d8;  0 drivers
o000000000606f708 .functor BUFZ 1, C4<z>; HiZ drive
v00000000060c7110_0 .net "DOB0", 0 0, o000000000606f708;  0 drivers
o000000000606f738 .functor BUFZ 1, C4<z>; HiZ drive
v00000000060c8290_0 .net "DOB1", 0 0, o000000000606f738;  0 drivers
o000000000606f768 .functor BUFZ 1, C4<z>; HiZ drive
v00000000060c83d0_0 .net "DOB10", 0 0, o000000000606f768;  0 drivers
o000000000606f798 .functor BUFZ 1, C4<z>; HiZ drive
v00000000060c8c90_0 .net "DOB11", 0 0, o000000000606f798;  0 drivers
o000000000606f7c8 .functor BUFZ 1, C4<z>; HiZ drive
v00000000060c8510_0 .net "DOB12", 0 0, o000000000606f7c8;  0 drivers
o000000000606f7f8 .functor BUFZ 1, C4<z>; HiZ drive
v00000000060c7b10_0 .net "DOB13", 0 0, o000000000606f7f8;  0 drivers
o000000000606f828 .functor BUFZ 1, C4<z>; HiZ drive
v00000000060c7e30_0 .net "DOB14", 0 0, o000000000606f828;  0 drivers
o000000000606f858 .functor BUFZ 1, C4<z>; HiZ drive
v00000000060c76b0_0 .net "DOB15", 0 0, o000000000606f858;  0 drivers
o000000000606f888 .functor BUFZ 1, C4<z>; HiZ drive
v00000000060c7f70_0 .net "DOB16", 0 0, o000000000606f888;  0 drivers
o000000000606f8b8 .functor BUFZ 1, C4<z>; HiZ drive
v00000000060c85b0_0 .net "DOB17", 0 0, o000000000606f8b8;  0 drivers
o000000000606f8e8 .functor BUFZ 1, C4<z>; HiZ drive
v00000000060c8f10_0 .net "DOB2", 0 0, o000000000606f8e8;  0 drivers
o000000000606f918 .functor BUFZ 1, C4<z>; HiZ drive
v00000000060c86f0_0 .net "DOB3", 0 0, o000000000606f918;  0 drivers
o000000000606f948 .functor BUFZ 1, C4<z>; HiZ drive
v00000000060c7750_0 .net "DOB4", 0 0, o000000000606f948;  0 drivers
o000000000606f978 .functor BUFZ 1, C4<z>; HiZ drive
v00000000060c7890_0 .net "DOB5", 0 0, o000000000606f978;  0 drivers
o000000000606f9a8 .functor BUFZ 1, C4<z>; HiZ drive
v00000000060c8650_0 .net "DOB6", 0 0, o000000000606f9a8;  0 drivers
o000000000606f9d8 .functor BUFZ 1, C4<z>; HiZ drive
v00000000060c8d30_0 .net "DOB7", 0 0, o000000000606f9d8;  0 drivers
o000000000606fa08 .functor BUFZ 1, C4<z>; HiZ drive
v00000000060c8dd0_0 .net "DOB8", 0 0, o000000000606fa08;  0 drivers
o000000000606fa38 .functor BUFZ 1, C4<z>; HiZ drive
v00000000060c8e70_0 .net "DOB9", 0 0, o000000000606fa38;  0 drivers
o000000000606fa68 .functor BUFZ 1, C4<z>; HiZ drive
v00000000060c7250_0 .net "OCEA", 0 0, o000000000606fa68;  0 drivers
o000000000606fa98 .functor BUFZ 1, C4<z>; HiZ drive
v00000000060c7bb0_0 .net "OCEB", 0 0, o000000000606fa98;  0 drivers
o000000000606fac8 .functor BUFZ 1, C4<z>; HiZ drive
v00000000060c72f0_0 .net "RSTA", 0 0, o000000000606fac8;  0 drivers
o000000000606faf8 .functor BUFZ 1, C4<z>; HiZ drive
v00000000060c7390_0 .net "RSTB", 0 0, o000000000606faf8;  0 drivers
o000000000606fb28 .functor BUFZ 1, C4<z>; HiZ drive
v00000000060c9ee0_0 .net "WEA", 0 0, o000000000606fb28;  0 drivers
o000000000606fb58 .functor BUFZ 1, C4<z>; HiZ drive
v00000000060c9e40_0 .net "WEB", 0 0, o000000000606fb58;  0 drivers
S_0000000005f22f10 .scope module, "DPR16X4C" "DPR16X4C" 2 236;
 .timescale 0 0;
    .port_info 0 /INPUT 4 "DI";
    .port_info 1 /INPUT 1 "WCK";
    .port_info 2 /INPUT 1 "WRE";
    .port_info 3 /INPUT 4 "RAD";
    .port_info 4 /INPUT 4 "WAD";
    .port_info 5 /OUTPUT 4 "DO";
P_0000000005f49350 .param/str "INITVAL" 0 2 245, "0x0000000000000000";
P_0000000005f49388 .param/l "conv_initval" 1 2 275, C4<0000000000000000000000000000000000000000000000000000000000000000>;
L_000000000601fb20 .functor BUFZ 4, L_00000000060d3220, C4<0000>, C4<0000>, C4<0000>;
o0000000006071268 .functor BUFZ 4, C4<zzzz>; HiZ drive
v00000000060ca340_0 .net "DI", 3 0, o0000000006071268;  0 drivers
v00000000060c99e0_0 .net "DO", 3 0, L_000000000601fb20;  1 drivers
o00000000060712c8 .functor BUFZ 4, C4<zzzz>; HiZ drive
v00000000060c9a80_0 .net "RAD", 3 0, o00000000060712c8;  0 drivers
o00000000060712f8 .functor BUFZ 4, C4<zzzz>; HiZ drive
v00000000060c9f80_0 .net "WAD", 3 0, o00000000060712f8;  0 drivers
o0000000006071328 .functor BUFZ 1, C4<z>; HiZ drive
v00000000060c9d00_0 .net "WCK", 0 0, o0000000006071328;  0 drivers
o0000000006071358 .functor BUFZ 1, C4<z>; HiZ drive
v00000000060ca020_0 .net "WRE", 0 0, o0000000006071358;  0 drivers
v00000000060c91c0_0 .net *"_ivl_0", 3 0, L_00000000060d3220;  1 drivers
v00000000060ca480_0 .net *"_ivl_2", 5 0, L_00000000060d37c0;  1 drivers
L_00000000060d50a8 .functor BUFT 1, C4<00>, C4<0>, C4<0>, C4<0>;
v00000000060ca0c0_0 .net *"_ivl_5", 1 0, L_00000000060d50a8;  1 drivers
v00000000060c9940_0 .var/i "i", 31 0;
v00000000060ca160 .array "ram", 15 0, 3 0;
E_0000000006032fe0 .event posedge, v00000000060c9d00_0;
L_00000000060d3220 .array/port v00000000060ca160, L_00000000060d37c0;
L_00000000060d37c0 .concat [ 4 2 0 0], o00000000060712c8, L_00000000060d50a8;
S_0000000005f5e350 .scope function.vec4.s64, "convert_initval" "convert_initval" 2 247, 2 247 0, S_0000000005f22f10;
 .timescale 0 0;
v00000000060caac0_0 .var "char", 7 0;
; Variable convert_initval is vec4 return value of scope S_0000000005f5e350
v00000000060ca5c0_0 .var "done", 0 0;
v00000000060ca2a0_0 .var "hex_initval", 143 0;
v00000000060c9c60_0 .var/i "i", 31 0;
v00000000060ca3e0_0 .var "temp", 63 0;
TD_DPR16X4C.convert_initval ;
    %pushi/vec4 0, 0, 1;
    %store/vec4 v00000000060ca5c0_0, 0, 1;
    %pushi/vec4 0, 0, 64;
    %store/vec4 v00000000060ca3e0_0, 0, 64;
    %pushi/vec4 0, 0, 32;
    %store/vec4 v00000000060c9c60_0, 0, 32;
T_0.0 ;
    %load/vec4 v00000000060c9c60_0;
    %cmpi/s 16, 0, 32;
    %jmp/0xz T_0.1, 5;
    %load/vec4 v00000000060ca5c0_0;
    %nor/r;
    %flag_set/vec4 8;
    %jmp/0xz  T_0.2, 8;
    %load/vec4 v00000000060ca2a0_0;
    %load/vec4 v00000000060c9c60_0;
    %muli 8, 0, 32;
    %part/s 8;
    %store/vec4 v00000000060caac0_0, 0, 8;
    %load/vec4 v00000000060caac0_0;
    %pushi/vec4 120, 0, 8; draw_string_vec4
    %cmp/e;
    %jmp/0xz  T_0.4, 4;
    %pushi/vec4 1, 0, 1;
    %store/vec4 v00000000060ca5c0_0, 0, 1;
    %jmp T_0.5;
T_0.4 ;
    %pushi/vec4 48, 0, 8; draw_string_vec4
    %load/vec4 v00000000060caac0_0;
    %cmp/u;
    %flag_get/vec4 4;
    %flag_get/vec4 5;
    %or;
    %load/vec4 v00000000060caac0_0;
    %pushi/vec4 57, 0, 8; draw_string_vec4
    %cmp/u;
    %flag_get/vec4 4;
    %flag_get/vec4 5;
    %or;
    %and;
    %flag_set/vec4 8;
    %jmp/0xz  T_0.6, 8;
    %load/vec4 v00000000060caac0_0;
    %pushi/vec4 48, 0, 8; draw_string_vec4
    %sub;
    %pad/u 4;
    %load/vec4 v00000000060c9c60_0;
    %muli 4, 0, 32;
    %ix/vec4/s 4;
    %store/vec4 v00000000060ca3e0_0, 4, 4;
    %jmp T_0.7;
T_0.6 ;
    %pushi/vec4 65, 0, 8; draw_string_vec4
    %load/vec4 v00000000060caac0_0;
    %cmp/u;
    %flag_get/vec4 4;
    %flag_get/vec4 5;
    %or;
    %load/vec4 v00000000060caac0_0;
    %pushi/vec4 70, 0, 8; draw_string_vec4
    %cmp/u;
    %flag_get/vec4 4;
    %flag_get/vec4 5;
    %or;
    %and;
    %flag_set/vec4 8;
    %jmp/0xz  T_0.8, 8;
    %pushi/vec4 10, 0, 8;
    %load/vec4 v00000000060caac0_0;
    %add;
    %pushi/vec4 65, 0, 8; draw_string_vec4
    %sub;
    %pad/u 4;
    %load/vec4 v00000000060c9c60_0;
    %muli 4, 0, 32;
    %ix/vec4/s 4;
    %store/vec4 v00000000060ca3e0_0, 4, 4;
    %jmp T_0.9;
T_0.8 ;
    %pushi/vec4 97, 0, 8; draw_string_vec4
    %load/vec4 v00000000060caac0_0;
    %cmp/u;
    %flag_get/vec4 4;
    %flag_get/vec4 5;
    %or;
    %load/vec4 v00000000060caac0_0;
    %pushi/vec4 102, 0, 8; draw_string_vec4
    %cmp/u;
    %flag_get/vec4 4;
    %flag_get/vec4 5;
    %or;
    %and;
    %flag_set/vec4 8;
    %jmp/0xz  T_0.10, 8;
    %pushi/vec4 10, 0, 8;
    %load/vec4 v00000000060caac0_0;
    %add;
    %pushi/vec4 97, 0, 8; draw_string_vec4
    %sub;
    %pad/u 4;
    %load/vec4 v00000000060c9c60_0;
    %muli 4, 0, 32;
    %ix/vec4/s 4;
    %store/vec4 v00000000060ca3e0_0, 4, 4;
T_0.10 ;
T_0.9 ;
T_0.7 ;
T_0.5 ;
T_0.2 ;
    %load/vec4 v00000000060c9c60_0;
    %addi 1, 0, 32;
    %store/vec4 v00000000060c9c60_0, 0, 32;
    %jmp T_0.0;
T_0.1 ;
    %load/vec4 v00000000060ca3e0_0;
    %ret/vec4 0, 0, 64;  Assign to convert_initval (store_vec4_to_lval)
    %end;
S_0000000005f230a0 .scope module, "INV" "INV" 2 422;
 .timescale 0 0;
    .port_info 0 /INPUT 1 "A";
    .port_info 1 /OUTPUT 1 "Z";
o0000000006071568 .functor BUFZ 1, C4<z>; HiZ drive
v00000000060ca200_0 .net "A", 0 0, o0000000006071568;  0 drivers
v00000000060c9620_0 .net "Z", 0 0, L_00000000060d4c60;  1 drivers
L_00000000060d4c60 .reduce/nor o0000000006071568;
S_0000000005f95610 .scope module, "TRELLIS_DPR16X4" "TRELLIS_DPR16X4" 2 190;
 .timescale 0 0;
    .port_info 0 /INPUT 4 "DI";
    .port_info 1 /INPUT 4 "WAD";
    .port_info 2 /INPUT 1 "WRE";
    .port_info 3 /INPUT 1 "WCK";
    .port_info 4 /INPUT 4 "RAD";
    .port_info 5 /OUTPUT 4 "DO";
P_0000000005f4ec40 .param/l "INITVAL" 0 2 200, C4<0000000000000000000000000000000000000000000000000000000000000000>;
P_0000000005f4ec78 .param/str "WCKMUX" 0 2 198, "WCK";
P_0000000005f4ecb0 .param/str "WREMUX" 0 2 199, "WRE";
o00000000060716e8 .functor BUFZ 1, C4<z>; HiZ drive
L_000000000601fb90 .functor BUFZ 1, o00000000060716e8, C4<0>, C4<0>, C4<0>;
L_000000000601fea0 .functor BUFZ 4, L_00000000060d3ea0, C4<0000>, C4<0000>, C4<0000>;
o0000000006071628 .functor BUFZ 4, C4<zzzz>; HiZ drive
v00000000060ca980_0 .net "DI", 3 0, o0000000006071628;  0 drivers
v00000000060c9da0_0 .net "DO", 3 0, L_000000000601fea0;  1 drivers
o0000000006071688 .functor BUFZ 4, C4<zzzz>; HiZ drive
v00000000060caa20_0 .net "RAD", 3 0, o0000000006071688;  0 drivers
o00000000060716b8 .functor BUFZ 4, C4<zzzz>; HiZ drive
v00000000060c9b20_0 .net "WAD", 3 0, o00000000060716b8;  0 drivers
v00000000060c9440_0 .net "WCK", 0 0, o00000000060716e8;  0 drivers
o0000000006071718 .functor BUFZ 1, C4<z>; HiZ drive
v00000000060c9bc0_0 .net "WRE", 0 0, o0000000006071718;  0 drivers
v00000000060cab60_0 .net *"_ivl_2", 3 0, L_00000000060d3ea0;  1 drivers
v00000000060ca520_0 .net *"_ivl_4", 5 0, L_00000000060d3900;  1 drivers
L_00000000060d50f0 .functor BUFT 1, C4<00>, C4<0>, C4<0>, C4<0>;
v00000000060c9120_0 .net *"_ivl_7", 1 0, L_00000000060d50f0;  1 drivers
v00000000060ca660_0 .var/i "i", 31 0;
v00000000060ca700 .array "mem", 0 15, 3 0;
v00000000060ca7a0_0 .net "muxwck", 0 0, L_000000000601fb90;  1 drivers
v00000000060cac00_0 .var "muxwre", 0 0;
E_0000000006033220 .event posedge, v00000000060ca7a0_0;
E_0000000006032aa0 .event anyedge, v00000000060c9bc0_0;
L_00000000060d3ea0 .array/port v00000000060ca700, L_00000000060d3900;
L_00000000060d3900 .concat [ 4 2 0 0], o0000000006071688, L_00000000060d50f0;
S_0000000005f957a0 .scope module, "TRELLIS_IO" "TRELLIS_IO" 2 393;
 .timescale 0 0;
    .port_info 0 /INOUT 1 "B";
    .port_info 1 /INPUT 1 "I";
    .port_info 2 /INPUT 1 "T";
    .port_info 3 /OUTPUT 1 "O";
P_00000000060328a0 .param/str "DIR" 0 2 399, "INPUT";
o0000000006071988 .functor BUFZ 1, C4<z>; HiZ drive
v00000000060cae80_0 .net "B", 0 0, o0000000006071988;  0 drivers
o00000000060719b8 .functor BUFZ 1, C4<z>; HiZ drive
v00000000060ca840_0 .net "I", 0 0, o00000000060719b8;  0 drivers
v00000000060c9080_0 .net "O", 0 0, L_000000000601ff10;  1 drivers
o0000000006071a18 .functor BUFZ 1, C4<z>; HiZ drive
v00000000060c9260_0 .net "T", 0 0, o0000000006071a18;  0 drivers
v00000000060ca8e0_0 .var "T_pd", 0 0;
E_0000000006033560 .event anyedge, v00000000060c9260_0;
S_0000000005f5e4e0 .scope generate, "genblk1" "genblk1" 2 404, 2 404 0, S_0000000005f957a0;
 .timescale 0 0;
L_000000000601ff10 .functor BUFZ 1, o0000000006071988, C4<0>, C4<0>, C4<0>;
S_0000000005f95930 .scope module, "TRELLIS_SLICE" "TRELLIS_SLICE" 2 428;
 .timescale 0 0;
    .port_info 0 /INPUT 1 "A0";
    .port_info 1 /INPUT 1 "B0";
    .port_info 2 /INPUT 1 "C0";
    .port_info 3 /INPUT 1 "D0";
    .port_info 4 /INPUT 1 "A1";
    .port_info 5 /INPUT 1 "B1";
    .port_info 6 /INPUT 1 "C1";
    .port_info 7 /INPUT 1 "D1";
    .port_info 8 /INPUT 1 "M0";
    .port_info 9 /INPUT 1 "M1";
    .port_info 10 /INPUT 1 "FCI";
    .port_info 11 /INPUT 1 "FXA";
    .port_info 12 /INPUT 1 "FXB";
    .port_info 13 /INPUT 1 "CLK";
    .port_info 14 /INPUT 1 "LSR";
    .port_info 15 /INPUT 1 "CE";
    .port_info 16 /INPUT 1 "DI0";
    .port_info 17 /INPUT 1 "DI1";
    .port_info 18 /INPUT 1 "WD0";
    .port_info 19 /INPUT 1 "WD1";
    .port_info 20 /INPUT 1 "WAD0";
    .port_info 21 /INPUT 1 "WAD1";
    .port_info 22 /INPUT 1 "WAD2";
    .port_info 23 /INPUT 1 "WAD3";
    .port_info 24 /INPUT 1 "WRE";
    .port_info 25 /INPUT 1 "WCK";
    .port_info 26 /OUTPUT 1 "F0";
    .port_info 27 /OUTPUT 1 "Q0";
    .port_info 28 /OUTPUT 1 "F1";
    .port_info 29 /OUTPUT 1 "Q1";
    .port_info 30 /OUTPUT 1 "FCO";
    .port_info 31 /OUTPUT 1 "OFX0";
    .port_info 32 /OUTPUT 1 "OFX1";
    .port_info 33 /OUTPUT 1 "WDO0";
    .port_info 34 /OUTPUT 1 "WDO1";
    .port_info 35 /OUTPUT 1 "WDO2";
    .port_info 36 /OUTPUT 1 "WDO3";
    .port_info 37 /OUTPUT 1 "WADO0";
    .port_info 38 /OUTPUT 1 "WADO1";
    .port_info 39 /OUTPUT 1 "WADO2";
    .port_info 40 /OUTPUT 1 "WADO3";
P_000000000606b810 .param/str "A0MUX" 0 2 468, "A0";
P_000000000606b848 .param/str "A1MUX" 0 2 469, "A1";
P_000000000606b880 .param/str "B0MUX" 0 2 470, "B0";
P_000000000606b8b8 .param/str "B1MUX" 0 2 471, "B1";
P_000000000606b8f0 .param/str "C0MUX" 0 2 472, "C0";
P_000000000606b928 .param/str "C1MUX" 0 2 473, "C1";
P_000000000606b960 .param/str "CCU2_INJECT1_0" 0 2 463, "\000\000\000\000\000\000\000\000\000\000\000\000\000\000NO";
P_000000000606b998 .param/str "CCU2_INJECT1_1" 0 2 464, "\000\000\000\000\000\000\000\000\000\000\000\000\000\000NO";
P_000000000606b9d0 .param/str "CEMUX" 0 2 452, "\000\000\000\000\000\000\000\000\000\000\000\000\000\000\0001";
P_000000000606ba08 .param/str "CLKMUX" 0 2 453, "CLK";
P_000000000606ba40 .param/str "D0MUX" 0 2 474, "D0";
P_000000000606ba78 .param/str "D1MUX" 0 2 475, "D1";
P_000000000606bab0 .param/str "GSR" 0 2 450, "ENABLED";
P_000000000606bae8 .param/str "LSRMUX" 0 2 454, "LSR";
P_000000000606bb20 .param/l "LUT0_INITVAL" 0 2 455, C4<0000000000000000>;
P_000000000606bb58 .param/l "LUT1_INITVAL" 0 2 456, C4<0000000000000000>;
P_000000000606bb90 .param/str "MODE" 0 2 449, "LOGIC";
P_000000000606bbc8 .param/str "REG0_LSRMODE" 0 2 461, "LSR";
P_000000000606bc00 .param/str "REG0_REGSET" 0 2 459, "RESET";
P_000000000606bc38 .param/str "REG0_SD" 0 2 457, "0";
P_000000000606bc70 .param/str "REG1_LSRMODE" 0 2 462, "LSR";
P_000000000606bca8 .param/str "REG1_REGSET" 0 2 460, "RESET";
P_000000000606bce0 .param/str "REG1_SD" 0 2 458, "0";
P_000000000606bd18 .param/str "SRMODE" 0 2 451, "LSR_OVER_CE";
P_000000000606bd50 .param/str "WCKMUX" 0 2 466, "WCK";
P_000000000606bd88 .param/str "WREMUX" 0 2 465, "WRE";
o0000000006071bf8 .functor BUFZ 1, C4<z>; HiZ drive
L_000000000611fdc0 .functor BUFZ 1, o0000000006071bf8, C4<0>, C4<0>, C4<0>;
o0000000006071e68 .functor BUFZ 1, C4<z>; HiZ drive
L_000000000611fc00 .functor BUFZ 1, o0000000006071e68, C4<0>, C4<0>, C4<0>;
o0000000006072b58 .functor BUFZ 1, C4<z>; HiZ drive
v00000000060d1170_0 .net "A0", 0 0, o0000000006072b58;  0 drivers
v00000000060d27f0_0 .net "A0m", 0 0, L_0000000005f90130;  1 drivers
o0000000006072b88 .functor BUFZ 1, C4<z>; HiZ drive
v00000000060d21b0_0 .net "A1", 0 0, o0000000006072b88;  0 drivers
v00000000060d2750_0 .net "A1m", 0 0, L_000000000611f3b0;  1 drivers
o0000000006072bb8 .functor BUFZ 1, C4<z>; HiZ drive
v00000000060d2c50_0 .net "B0", 0 0, o0000000006072bb8;  0 drivers
v00000000060d2430_0 .net "B0m", 0 0, L_000000000611ff80;  1 drivers
o0000000006072be8 .functor BUFZ 1, C4<z>; HiZ drive
v00000000060d1a30_0 .net "B1", 0 0, o0000000006072be8;  0 drivers
v00000000060d10d0_0 .net "B1m", 0 0, L_000000000611fce0;  1 drivers
o0000000006072c18 .functor BUFZ 1, C4<z>; HiZ drive
v00000000060d2930_0 .net "C0", 0 0, o0000000006072c18;  0 drivers
v00000000060d1670_0 .net "C0m", 0 0, L_000000000611f6c0;  1 drivers
o0000000006072c48 .functor BUFZ 1, C4<z>; HiZ drive
v00000000060d2570_0 .net "C1", 0 0, o0000000006072c48;  0 drivers
v00000000060d2610_0 .net "C1m", 0 0, L_000000000611f650;  1 drivers
o0000000006071b38 .functor BUFZ 1, C4<z>; HiZ drive
v00000000060d1df0_0 .net "CE", 0 0, o0000000006071b38;  0 drivers
o0000000006071b68 .functor BUFZ 1, C4<z>; HiZ drive
v00000000060d26b0_0 .net "CLK", 0 0, o0000000006071b68;  0 drivers
o0000000006072c78 .functor BUFZ 1, C4<z>; HiZ drive
v00000000060d1850_0 .net "D0", 0 0, o0000000006072c78;  0 drivers
v00000000060d29d0_0 .net "D0m", 0 0, L_000000000611f490;  1 drivers
o0000000006072ca8 .functor BUFZ 1, C4<z>; HiZ drive
v00000000060d2a70_0 .net "D1", 0 0, o0000000006072ca8;  0 drivers
v00000000060d18f0_0 .net "D1m", 0 0, L_000000000611f730;  1 drivers
o0000000006072cd8 .functor BUFZ 1, C4<z>; HiZ drive
v00000000060d2070_0 .net "DI0", 0 0, o0000000006072cd8;  0 drivers
o0000000006072d08 .functor BUFZ 1, C4<z>; HiZ drive
v00000000060d1cb0_0 .net "DI1", 0 0, o0000000006072d08;  0 drivers
v00000000060d13f0_0 .net "F0", 0 0, L_00000000060d3860;  1 drivers
v00000000060d2bb0_0 .net "F1", 0 0, L_00000000060d3a40;  1 drivers
o0000000006072d38 .functor BUFZ 1, C4<z>; HiZ drive
v00000000060d2b10_0 .net "FCI", 0 0, o0000000006072d38;  0 drivers
o0000000006072d68 .functor BUFZ 1, C4<z>; HiZ drive
v00000000060d17b0_0 .net "FCO", 0 0, o0000000006072d68;  0 drivers
o0000000006072978 .functor BUFZ 1, C4<z>; HiZ drive
v00000000060d1990_0 .net "FXA", 0 0, o0000000006072978;  0 drivers
o00000000060729a8 .functor BUFZ 1, C4<z>; HiZ drive
v00000000060d15d0_0 .net "FXB", 0 0, o00000000060729a8;  0 drivers
o0000000006071bc8 .functor BUFZ 1, C4<z>; HiZ drive
v00000000060d1c10_0 .net "LSR", 0 0, o0000000006071bc8;  0 drivers
v00000000060d2cf0_0 .net "M0", 0 0, o0000000006071bf8;  0 drivers
v00000000060d24d0_0 .net "M1", 0 0, o0000000006071e68;  0 drivers
v00000000060d1d50_0 .net "OFX0", 0 0, L_00000000060d3e00;  1 drivers
v00000000060d2d90_0 .net "OFX1", 0 0, L_00000000060d4080;  1 drivers
v00000000060d1ad0_0 .net "Q0", 0 0, v00000000060cade0_0;  1 drivers
v00000000060d1f30_0 .net "Q1", 0 0, v00000000060cc460_0;  1 drivers
o0000000006072d98 .functor BUFZ 1, C4<z>; HiZ drive
v00000000060d2110_0 .net "WAD0", 0 0, o0000000006072d98;  0 drivers
o0000000006072dc8 .functor BUFZ 1, C4<z>; HiZ drive
v00000000060d2e30_0 .net "WAD1", 0 0, o0000000006072dc8;  0 drivers
o0000000006072df8 .functor BUFZ 1, C4<z>; HiZ drive
v00000000060d2ed0_0 .net "WAD2", 0 0, o0000000006072df8;  0 drivers
o0000000006072e28 .functor BUFZ 1, C4<z>; HiZ drive
v00000000060d1e90_0 .net "WAD3", 0 0, o0000000006072e28;  0 drivers
o0000000006072e58 .functor BUFZ 1, C4<z>; HiZ drive
v00000000060d2f70_0 .net "WADO0", 0 0, o0000000006072e58;  0 drivers
o0000000006072e88 .functor BUFZ 1, C4<z>; HiZ drive
v00000000060d1210_0 .net "WADO1", 0 0, o0000000006072e88;  0 drivers
o0000000006072eb8 .functor BUFZ 1, C4<z>; HiZ drive
v00000000060d1fd0_0 .net "WADO2", 0 0, o0000000006072eb8;  0 drivers
o0000000006072ee8 .functor BUFZ 1, C4<z>; HiZ drive
v00000000060d12b0_0 .net "WADO3", 0 0, o0000000006072ee8;  0 drivers
o0000000006072f18 .functor BUFZ 1, C4<z>; HiZ drive
v00000000060d1350_0 .net "WCK", 0 0, o0000000006072f18;  0 drivers
o0000000006072f48 .functor BUFZ 1, C4<z>; HiZ drive
v00000000060d1490_0 .net "WD0", 0 0, o0000000006072f48;  0 drivers
o0000000006072f78 .functor BUFZ 1, C4<z>; HiZ drive
v00000000060d1b70_0 .net "WD1", 0 0, o0000000006072f78;  0 drivers
o0000000006072fa8 .functor BUFZ 1, C4<z>; HiZ drive
v00000000060d1530_0 .net "WDO0", 0 0, o0000000006072fa8;  0 drivers
o0000000006072fd8 .functor BUFZ 1, C4<z>; HiZ drive
v00000000060d2250_0 .net "WDO1", 0 0, o0000000006072fd8;  0 drivers
o0000000006073008 .functor BUFZ 1, C4<z>; HiZ drive
v00000000060d22f0_0 .net "WDO2", 0 0, o0000000006073008;  0 drivers
o0000000006073038 .functor BUFZ 1, C4<z>; HiZ drive
v00000000060d2390_0 .net "WDO3", 0 0, o0000000006073038;  0 drivers
o0000000006073068 .functor BUFZ 1, C4<z>; HiZ drive
v00000000060d48a0_0 .net "WRE", 0 0, o0000000006073068;  0 drivers
v00000000060d30e0_0 .net "muxdi0", 0 0, L_000000000611fdc0;  1 drivers
v00000000060d35e0_0 .net "muxdi1", 0 0, L_000000000611fc00;  1 drivers
S_0000000005f5e670 .scope module, "ff_0" "TRELLIS_FF" 2 581, 2 311 0, S_0000000005f95930;
 .timescale 0 0;
    .port_info 0 /INPUT 1 "CLK";
    .port_info 1 /INPUT 1 "LSR";
    .port_info 2 /INPUT 1 "CE";
    .port_info 3 /INPUT 1 "DI";
    .port_info 4 /INPUT 1 "M";
    .port_info 5 /OUTPUT 1 "Q";
P_0000000005f5b140 .param/str "CEMUX" 0 2 313, "\000\000\000\000\000\000\000\000\000\000\000\000\000\000\0001";
P_0000000005f5b178 .param/str "CLKMUX" 0 2 314, "CLK";
P_0000000005f5b1b0 .param/str "GSR" 0 2 312, "ENABLED";
P_0000000005f5b1e8 .param/l "LSRMODE" 0 2 318, C4<00000000000000000000000000000000000000000000000000000000000000000000000000000000000000000000000000000000010011000101001101010010>;
P_0000000005f5b220 .param/str "LSRMUX" 0 2 315, "LSR";
P_0000000005f5b258 .param/str "REGSET" 0 2 317, "RESET";
P_0000000005f5b290 .param/str "SRMODE" 0 2 316, "LSR_OVER_CE";
L_000000000611f570 .functor BUFZ 1, o0000000006071bc8, C4<0>, C4<0>, C4<0>;
L_000000000611fc70 .functor BUFZ 1, o0000000006071b68, C4<0>, C4<0>, C4<0>;
v00000000060caf20_0 .net "CE", 0 0, o0000000006071b38;  alias, 0 drivers
v00000000060c94e0_0 .net "CLK", 0 0, o0000000006071b68;  alias, 0 drivers
v00000000060c9800_0 .net "DI", 0 0, L_000000000611fdc0;  alias, 1 drivers
v00000000060caca0_0 .net "LSR", 0 0, o0000000006071bc8;  alias, 0 drivers
v00000000060cad40_0 .net "M", 0 0, o0000000006071bf8;  alias, 0 drivers
v00000000060cade0_0 .var "Q", 0 0;
L_00000000060d5258 .functor BUFT 1, C4<1>, C4<0>, C4<0>, C4<0>;
v00000000060c9300_0 .net "muxce", 0 0, L_00000000060d5258;  1 drivers
v00000000060c93a0_0 .net "muxclk", 0 0, L_000000000611fc70;  1 drivers
v00000000060c9580_0 .net "muxlsr", 0 0, L_000000000611f570;  1 drivers
L_00000000060d52a0 .functor BUFT 1, C4<0>, C4<0>, C4<0>, C4<0>;
v00000000060c96c0_0 .net "srval", 0 0, L_00000000060d52a0;  1 drivers
S_0000000005f5b2d0 .scope generate, "genblk1" "genblk1" 2 322, 2 322 0, S_0000000005f5e670;
 .timescale 0 0;
S_0000000005f5b460 .scope generate, "genblk3" "genblk3" 2 334, 2 334 0, S_0000000005f5e670;
 .timescale 0 0;
S_0000000005f57aa0 .scope generate, "genblk5" "genblk5" 2 343, 2 343 0, S_0000000005f5e670;
 .timescale 0 0;
E_0000000006033520 .event posedge, v00000000060c93a0_0;
S_00000000060cb3b0 .scope generate, "genblk7" "genblk7" 2 360, 2 360 0, S_0000000005f5e670;
 .timescale 0 0;
S_00000000060cbd10 .scope module, "ff_1" "TRELLIS_FF" 2 594, 2 311 0, S_0000000005f95930;
 .timescale 0 0;
    .port_info 0 /INPUT 1 "CLK";
    .port_info 1 /INPUT 1 "LSR";
    .port_info 2 /INPUT 1 "CE";
    .port_info 3 /INPUT 1 "DI";
    .port_info 4 /INPUT 1 "M";
    .port_info 5 /OUTPUT 1 "Q";
P_00000000060cb540 .param/str "CEMUX" 0 2 313, "\000\000\000\000\000\000\000\000\000\000\000\000\000\000\0001";
P_00000000060cb578 .param/str "CLKMUX" 0 2 314, "CLK";
P_00000000060cb5b0 .param/str "GSR" 0 2 312, "ENABLED";
P_00000000060cb5e8 .param/l "LSRMODE" 0 2 318, C4<00000000000000000000000000000000000000000000000000000000000000000000000000000000000000000000000000000000010011000101001101010010>;
P_00000000060cb620 .param/str "LSRMUX" 0 2 315, "LSR";
P_00000000060cb658 .param/str "REGSET" 0 2 317, "RESET";
P_00000000060cb690 .param/str "SRMODE" 0 2 316, "LSR_OVER_CE";
L_000000000611fab0 .functor BUFZ 1, o0000000006071bc8, C4<0>, C4<0>, C4<0>;
L_000000000611fb90 .functor BUFZ 1, o0000000006071b68, C4<0>, C4<0>, C4<0>;
v00000000060c9760_0 .net "CE", 0 0, o0000000006071b38;  alias, 0 drivers
v00000000060cc140_0 .net "CLK", 0 0, o0000000006071b68;  alias, 0 drivers
v00000000060cdd60_0 .net "DI", 0 0, L_000000000611fc00;  alias, 1 drivers
v00000000060cd720_0 .net "LSR", 0 0, o0000000006071bc8;  alias, 0 drivers
v00000000060ccdc0_0 .net "M", 0 0, o0000000006071e68;  alias, 0 drivers
v00000000060cc460_0 .var "Q", 0 0;
L_00000000060d52e8 .functor BUFT 1, C4<1>, C4<0>, C4<0>, C4<0>;
v00000000060cc640_0 .net "muxce", 0 0, L_00000000060d52e8;  1 drivers
v00000000060ccaa0_0 .net "muxclk", 0 0, L_000000000611fb90;  1 drivers
v00000000060cd900_0 .net "muxlsr", 0 0, L_000000000611fab0;  1 drivers
L_00000000060d5330 .functor BUFT 1, C4<0>, C4<0>, C4<0>, C4<0>;
v00000000060cdf40_0 .net "srval", 0 0, L_00000000060d5330;  1 drivers
S_00000000060cb6d0 .scope generate, "genblk1" "genblk1" 2 322, 2 322 0, S_00000000060cbd10;
 .timescale 0 0;
S_00000000060cb860 .scope generate, "genblk3" "genblk3" 2 334, 2 334 0, S_00000000060cbd10;
 .timescale 0 0;
S_00000000060cbea0 .scope generate, "genblk5" "genblk5" 2 343, 2 343 0, S_00000000060cbd10;
 .timescale 0 0;
E_00000000060331a0 .event posedge, v00000000060ccaa0_0;
S_00000000060cb9f0 .scope generate, "genblk7" "genblk7" 2 360, 2 360 0, S_00000000060cbd10;
 .timescale 0 0;
S_00000000060cbb80 .scope generate, "genblk10" "genblk10" 2 485, 2 485 0, S_0000000005f95930;
 .timescale 0 0;
L_000000000611f3b0 .functor BUFZ 1, o0000000006072b88, C4<0>, C4<0>, C4<0>;
S_00000000060cb090 .scope generate, "genblk12" "genblk12" 2 486, 2 486 0, S_0000000005f95930;
 .timescale 0 0;
L_000000000611fce0 .functor BUFZ 1, o0000000006072be8, C4<0>, C4<0>, C4<0>;
S_00000000060cb220 .scope generate, "genblk14" "genblk14" 2 487, 2 487 0, S_0000000005f95930;
 .timescale 0 0;
L_000000000611f650 .functor BUFZ 1, o0000000006072c48, C4<0>, C4<0>, C4<0>;
S_00000000060cf9b0 .scope generate, "genblk16" "genblk16" 2 488, 2 488 0, S_0000000005f95930;
 .timescale 0 0;
L_000000000611f730 .functor BUFZ 1, o0000000006072ca8, C4<0>, C4<0>, C4<0>;
S_00000000060ce6f0 .scope generate, "genblk17" "genblk17" 2 503, 2 503 0, S_0000000005f95930;
 .timescale 0 0;
S_00000000060cf370 .scope module, "lut4_0" "LUT4" 2 507, 2 4 0, S_00000000060ce6f0;
 .timescale 0 0;
    .port_info 0 /INPUT 1 "A";
    .port_info 1 /INPUT 1 "B";
    .port_info 2 /INPUT 1 "C";
    .port_info 3 /INPUT 1 "D";
    .port_info 4 /OUTPUT 1 "Z";
P_00000000060331e0 .param/l "INIT" 0 2 5, C4<0000000000000000>;
v00000000060cda40_0 .net "A", 0 0, L_0000000005f90130;  alias, 1 drivers
v00000000060cd180_0 .net "B", 0 0, L_000000000611ff80;  alias, 1 drivers
v00000000060cde00_0 .net "C", 0 0, L_000000000611f6c0;  alias, 1 drivers
v00000000060cdea0_0 .net "D", 0 0, L_000000000611f490;  alias, 1 drivers
v00000000060cd220_0 .net "Z", 0 0, L_00000000060d3860;  alias, 1 drivers
L_00000000060d5138 .functor BUFT 1, C4<00000000>, C4<0>, C4<0>, C4<0>;
v00000000060cc0a0_0 .net/2u *"_ivl_0", 7 0, L_00000000060d5138;  1 drivers
v00000000060cc1e0_0 .net *"_ivl_13", 1 0, L_00000000060d4bc0;  1 drivers
v00000000060cc280_0 .net *"_ivl_15", 1 0, L_00000000060d4d00;  1 drivers
v00000000060cc500_0 .net *"_ivl_19", 0 0, L_00000000060d4440;  1 drivers
L_00000000060d5180 .functor BUFT 1, C4<00000000>, C4<0>, C4<0>, C4<0>;
v00000000060cd860_0 .net/2u *"_ivl_2", 7 0, L_00000000060d5180;  1 drivers
v00000000060cd7c0_0 .net *"_ivl_21", 0 0, L_00000000060d3400;  1 drivers
v00000000060ccbe0_0 .net *"_ivl_7", 3 0, L_00000000060d4a80;  1 drivers
v00000000060cd2c0_0 .net *"_ivl_9", 3 0, L_00000000060d3c20;  1 drivers
v00000000060cd360_0 .net "s1", 1 0, L_00000000060d4ee0;  1 drivers
v00000000060cdcc0_0 .net "s2", 3 0, L_00000000060d3cc0;  1 drivers
v00000000060cd400_0 .net "s3", 7 0, L_00000000060d32c0;  1 drivers
L_00000000060d32c0 .functor MUXZ 8, L_00000000060d5180, L_00000000060d5138, L_000000000611f490, C4<>;
L_00000000060d4a80 .part L_00000000060d32c0, 4, 4;
L_00000000060d3c20 .part L_00000000060d32c0, 0, 4;
L_00000000060d3cc0 .functor MUXZ 4, L_00000000060d3c20, L_00000000060d4a80, L_000000000611f6c0, C4<>;
L_00000000060d4bc0 .part L_00000000060d3cc0, 2, 2;
L_00000000060d4d00 .part L_00000000060d3cc0, 0, 2;
L_00000000060d4ee0 .functor MUXZ 2, L_00000000060d4d00, L_00000000060d4bc0, L_000000000611ff80, C4<>;
L_00000000060d4440 .part L_00000000060d4ee0, 1, 1;
L_00000000060d3400 .part L_00000000060d4ee0, 0, 1;
L_00000000060d3860 .functor MUXZ 1, L_00000000060d3400, L_00000000060d4440, L_0000000005f90130, C4<>;
S_00000000060cf690 .scope module, "lut4_1" "LUT4" 2 513, 2 4 0, S_00000000060ce6f0;
 .timescale 0 0;
    .port_info 0 /INPUT 1 "A";
    .port_info 1 /INPUT 1 "B";
    .port_info 2 /INPUT 1 "C";
    .port_info 3 /INPUT 1 "D";
    .port_info 4 /OUTPUT 1 "Z";
P_0000000006032ae0 .param/l "INIT" 0 2 5, C4<0000000000000000>;
v00000000060cd4a0_0 .net "A", 0 0, L_000000000611f3b0;  alias, 1 drivers
v00000000060cd9a0_0 .net "B", 0 0, L_000000000611fce0;  alias, 1 drivers
v00000000060ccd20_0 .net "C", 0 0, L_000000000611f650;  alias, 1 drivers
v00000000060cc6e0_0 .net "D", 0 0, L_000000000611f730;  alias, 1 drivers
v00000000060cc780_0 .net "Z", 0 0, L_00000000060d3a40;  alias, 1 drivers
L_00000000060d51c8 .functor BUFT 1, C4<00000000>, C4<0>, C4<0>, C4<0>;
v00000000060cdc20_0 .net/2u *"_ivl_0", 7 0, L_00000000060d51c8;  1 drivers
v00000000060ccc80_0 .net *"_ivl_13", 1 0, L_00000000060d3180;  1 drivers
v00000000060cc3c0_0 .net *"_ivl_15", 1 0, L_00000000060d34a0;  1 drivers
v00000000060ccb40_0 .net *"_ivl_19", 0 0, L_00000000060d41c0;  1 drivers
L_00000000060d5210 .functor BUFT 1, C4<00000000>, C4<0>, C4<0>, C4<0>;
v00000000060cd5e0_0 .net/2u *"_ivl_2", 7 0, L_00000000060d5210;  1 drivers
v00000000060cce60_0 .net *"_ivl_21", 0 0, L_00000000060d4800;  1 drivers
v00000000060cd680_0 .net *"_ivl_7", 3 0, L_00000000060d4f80;  1 drivers
v00000000060cc320_0 .net *"_ivl_9", 3 0, L_00000000060d3f40;  1 drivers
v00000000060cd040_0 .net "s1", 1 0, L_00000000060d4760;  1 drivers
v00000000060cc5a0_0 .net "s2", 3 0, L_00000000060d39a0;  1 drivers
v00000000060cc820_0 .net "s3", 7 0, L_00000000060d3d60;  1 drivers
L_00000000060d3d60 .functor MUXZ 8, L_00000000060d5210, L_00000000060d51c8, L_000000000611f730, C4<>;
L_00000000060d4f80 .part L_00000000060d3d60, 4, 4;
L_00000000060d3f40 .part L_00000000060d3d60, 0, 4;
L_00000000060d39a0 .functor MUXZ 4, L_00000000060d3f40, L_00000000060d4f80, L_000000000611f650, C4<>;
L_00000000060d3180 .part L_00000000060d39a0, 2, 2;
L_00000000060d34a0 .part L_00000000060d39a0, 0, 2;
L_00000000060d4760 .functor MUXZ 2, L_00000000060d34a0, L_00000000060d3180, L_000000000611fce0, C4<>;
L_00000000060d41c0 .part L_00000000060d4760, 1, 1;
L_00000000060d4800 .part L_00000000060d4760, 0, 1;
L_00000000060d3a40 .functor MUXZ 1, L_00000000060d4800, L_00000000060d41c0, L_000000000611f3b0, C4<>;
S_00000000060cfcd0 .scope module, "lut5_mux" "PFUMX" 2 518, 2 179 0, S_00000000060ce6f0;
 .timescale 0 0;
    .port_info 0 /INPUT 1 "ALUT";
    .port_info 1 /INPUT 1 "BLUT";
    .port_info 2 /INPUT 1 "C0";
    .port_info 3 /OUTPUT 1 "Z";
v00000000060cc8c0_0 .net "ALUT", 0 0, L_00000000060d3a40;  alias, 1 drivers
v00000000060cd540_0 .net "BLUT", 0 0, L_00000000060d3860;  alias, 1 drivers
v00000000060cc960_0 .net "C0", 0 0, o0000000006071bf8;  alias, 0 drivers
v00000000060cdae0_0 .net "Z", 0 0, L_00000000060d3e00;  alias, 1 drivers
L_00000000060d3e00 .functor MUXZ 1, L_00000000060d3860, L_00000000060d3a40, o0000000006071bf8, C4<>;
S_00000000060cfe60 .scope module, "lutx_mux" "L6MUX21" 2 519, 2 65 0, S_00000000060ce6f0;
 .timescale 0 0;
    .port_info 0 /INPUT 1 "D0";
    .port_info 1 /INPUT 1 "D1";
    .port_info 2 /INPUT 1 "SD";
    .port_info 3 /OUTPUT 1 "Z";
v00000000060cdb80_0 .net "D0", 0 0, o0000000006072978;  alias, 0 drivers
v00000000060ccfa0_0 .net "D1", 0 0, o00000000060729a8;  alias, 0 drivers
v00000000060cca00_0 .net "SD", 0 0, o0000000006071e68;  alias, 0 drivers
v00000000060ccf00_0 .net "Z", 0 0, L_00000000060d4080;  alias, 1 drivers
L_00000000060d4080 .functor MUXZ 1, o0000000006072978, o00000000060729a8, o0000000006071e68, C4<>;
S_00000000060cf050 .scope generate, "genblk2" "genblk2" 2 481, 2 481 0, S_0000000005f95930;
 .timescale 0 0;
L_0000000005f90130 .functor BUFZ 1, o0000000006072b58, C4<0>, C4<0>, C4<0>;
S_00000000060cfb40 .scope generate, "genblk4" "genblk4" 2 482, 2 482 0, S_0000000005f95930;
 .timescale 0 0;
L_000000000611ff80 .functor BUFZ 1, o0000000006072bb8, C4<0>, C4<0>, C4<0>;
S_00000000060ce240 .scope generate, "genblk6" "genblk6" 2 483, 2 483 0, S_0000000005f95930;
 .timescale 0 0;
L_000000000611f6c0 .functor BUFZ 1, o0000000006072c18, C4<0>, C4<0>, C4<0>;
S_00000000060ce560 .scope generate, "genblk8" "genblk8" 2 484, 2 484 0, S_0000000005f95930;
 .timescale 0 0;
L_000000000611f490 .functor BUFZ 1, o0000000006072c78, C4<0>, C4<0>, C4<0>;
S_00000000060ce3d0 .scope function.vec4.s16, "permute_initval" "permute_initval" 2 492, 2 492 0, S_0000000005f95930;
 .timescale 0 0;
v00000000060cd0e0_0 .var/i "i", 31 0;
v00000000060d2890_0 .var "initval", 15 0;
; Variable permute_initval is vec4 return value of scope S_00000000060ce3d0
TD_TRELLIS_SLICE.permute_initval ;
    %pushi/vec4 0, 0, 32;
    %store/vec4 v00000000060cd0e0_0, 0, 32;
T_1.12 ;
    %load/vec4 v00000000060cd0e0_0;
    %cmpi/s 16, 0, 32;
    %jmp/0xz T_1.13, 5;
    %load/vec4 v00000000060d2890_0;
    %load/vec4 v00000000060cd0e0_0;
    %part/s 1;
    %load/vec4 v00000000060cd0e0_0;
    %parti/s 1, 0, 2;
    %load/vec4 v00000000060cd0e0_0;
    %parti/s 1, 2, 3;
    %concat/vec4; draw_concat_vec4
    %load/vec4 v00000000060cd0e0_0;
    %parti/s 1, 1, 2;
    %concat/vec4; draw_concat_vec4
    %load/vec4 v00000000060cd0e0_0;
    %parti/s 1, 3, 3;
    %concat/vec4; draw_concat_vec4
    %ix/vec4 4;
    %ret/vec4 0, 4, 1; Assign to permute_initval (store_vec4_to_lval)
    %load/vec4 v00000000060cd0e0_0;
    %addi 1, 0, 32;
    %store/vec4 v00000000060cd0e0_0, 0, 32;
    %jmp T_1.12;
T_1.13 ;
    %end;
S_0000000005f7b690 .scope module, "main" "main" 3 6;
 .timescale 0 0;
    .port_info 0 /INPUT 32 "v7d1d02";
    .port_info 1 /INPUT 6 "vaa5d49";
    .port_info 2 /INPUT 6 "v102134";
    .port_info 3 /INPUT 6 "v14eae6";
    .port_info 4 /INPUT 1 "v4434b8";
    .port_info 5 /INPUT 1 "va1d41f";
    .port_info 6 /INPUT 1 "v436420";
    .port_info 7 /OUTPUT 32 "vc46106";
    .port_info 8 /OUTPUT 32 "vfab6dd";
o0000000006073a58 .functor BUFZ 1, C4<z>; HiZ drive
L_000000000611fd50 .functor BUFZ 1, o0000000006073a58, C4<0>, C4<0>, C4<0>;
o0000000006073a28 .functor BUFZ 32, C4<zzzzzzzzzzzzzzzzzzzzzzzzzzzzzzzz>; HiZ drive
L_000000000611fe30 .functor BUFZ 32, o0000000006073a28, C4<00000000000000000000000000000000>, C4<00000000000000000000000000000000>, C4<00000000000000000000000000000000>;
o0000000006073968 .functor BUFZ 6, C4<zzzzzz>; HiZ drive
v00000000060d4120_0 .net "v102134", 5 0, o0000000006073968;  0 drivers
o0000000006073998 .functor BUFZ 6, C4<zzzzzz>; HiZ drive
v00000000060d3540_0 .net "v14eae6", 5 0, o0000000006073998;  0 drivers
o00000000060739c8 .functor BUFZ 1, C4<z>; HiZ drive
v00000000060d3ae0_0 .net "v436420", 0 0, o00000000060739c8;  0 drivers
o00000000060739f8 .functor BUFZ 1, C4<z>; HiZ drive
v00000000060d4da0_0 .net "v4434b8", 0 0, o00000000060739f8;  0 drivers
v00000000060d4940_0 .net "v7d1d02", 31 0, o0000000006073a28;  0 drivers
v00000000060d4e40_0 .net "va1d41f", 0 0, o0000000006073a58;  0 drivers
o0000000006073a88 .functor BUFZ 6, C4<zzzzzz>; HiZ drive
v00000000060d3b80_0 .net "vaa5d49", 5 0, o0000000006073a88;  0 drivers
o0000000006073ab8 .functor BUFZ 32, C4<zzzzzzzzzzzzzzzzzzzzzzzzzzzzzzzz>; HiZ drive
v00000000060d3fe0_0 .net "vc46106", 31 0, o0000000006073ab8;  0 drivers
o0000000006073ae8 .functor BUFZ 32, C4<zzzzzzzzzzzzzzzzzzzzzzzzzzzzzzzz>; HiZ drive
v00000000060d3360_0 .net "vfab6dd", 31 0, o0000000006073ae8;  0 drivers
v00000000060d49e0_0 .net "w0", 0 0, L_000000000611fd50;  1 drivers
v00000000060d3720_0 .net "w1", 0 31, L_000000000611fe30;  1 drivers
S_00000000060cf820 .scope module, "v56707c" "main_v56707c" 3 21, 3 33 0, S_0000000005f7b690;
 .timescale 0 0;
    .port_info 0 /INPUT 32 "re";
    .port_info 1 /INPUT 1 "clock";
    .port_info 2 /OUTPUT 32 "regout";
v00000000060d3680_0 .net "clock", 0 0, L_000000000611fd50;  alias, 1 drivers
v00000000060d4b20_0 .net "re", 31 0, L_000000000611fe30;  alias, 1 drivers
v00000000060d4580_0 .var "regout", 31 0;
E_0000000006032a20 .event posedge, v00000000060d3680_0;
    .scope S_0000000005f22f10;
T_2 ;
    %pushi/vec4 0, 0, 32;
    %store/vec4 v00000000060c9940_0, 0, 32;
T_2.0 ;
    %load/vec4 v00000000060c9940_0;
    %cmpi/s 15, 0, 32;
    %jmp/0xz T_2.1, 5;
    %pushi/vec4 0, 0, 64;
    %load/vec4 v00000000060c9940_0;
    %muli 4, 0, 32;
    %part/s 4;
    %ix/getv/s 3, v00000000060c9940_0;
    %ix/load 4, 0, 0; Constant delay
    %assign/vec4/a/d v00000000060ca160, 0, 4;
    %load/vec4 v00000000060c9940_0;
    %addi 1, 0, 32;
    %store/vec4 v00000000060c9940_0, 0, 32;
    %jmp T_2.0;
T_2.1 ;
    %end;
    .thread T_2;
    .scope S_0000000005f22f10;
T_3 ;
    %wait E_0000000006032fe0;
    %load/vec4 v00000000060ca020_0;
    %flag_set/vec4 8;
    %jmp/0xz  T_3.0, 8;
    %load/vec4 v00000000060ca340_0;
    %load/vec4 v00000000060c9f80_0;
    %pad/u 6;
    %ix/vec4 3;
    %ix/load 4, 0, 0; Constant delay
    %assign/vec4/a/d v00000000060ca160, 0, 4;
T_3.0 ;
    %jmp T_3;
    .thread T_3;
    .scope S_0000000005f95610;
T_4 ;
    %pushi/vec4 0, 0, 32;
    %store/vec4 v00000000060ca660_0, 0, 32;
T_4.0 ;
    %load/vec4 v00000000060ca660_0;
    %cmpi/s 16, 0, 32;
    %jmp/0xz T_4.1, 5;
    %pushi/vec4 0, 0, 64;
    %load/vec4 v00000000060ca660_0;
    %addi 3, 0, 32;
    %part/s 1;
    %pushi/vec4 0, 0, 64;
    %load/vec4 v00000000060ca660_0;
    %addi 2, 0, 32;
    %part/s 1;
    %concat/vec4; draw_concat_vec4
    %pushi/vec4 0, 0, 64;
    %load/vec4 v00000000060ca660_0;
    %addi 1, 0, 32;
    %part/s 1;
    %concat/vec4; draw_concat_vec4
    %pushi/vec4 0, 0, 64;
    %load/vec4 v00000000060ca660_0;
    %part/s 1;
    %concat/vec4; draw_concat_vec4
    %ix/getv/s 3, v00000000060ca660_0;
    %ix/load 4, 0, 0; Constant delay
    %assign/vec4/a/d v00000000060ca700, 0, 4;
    %load/vec4 v00000000060ca660_0;
    %addi 1, 0, 32;
    %store/vec4 v00000000060ca660_0, 0, 32;
    %jmp T_4.0;
T_4.1 ;
    %end;
    .thread T_4;
    .scope S_0000000005f95610;
T_5 ;
    %wait E_0000000006032aa0;
    %pushi/vec4 5722693, 0, 24; draw_string_vec4
    %dup/vec4;
    %pushi/vec4 49, 0, 24; draw_string_vec4
    %cmp/u;
    %jmp/1 T_5.0, 6;
    %dup/vec4;
    %pushi/vec4 48, 0, 24; draw_string_vec4
    %cmp/u;
    %jmp/1 T_5.1, 6;
    %dup/vec4;
    %pushi/vec4 4804182, 0, 24; draw_string_vec4
    %cmp/u;
    %jmp/1 T_5.2, 6;
    %load/vec4 v00000000060c9bc0_0;
    %store/vec4 v00000000060cac00_0, 0, 1;
    %jmp T_5.4;
T_5.0 ;
    %pushi/vec4 1, 0, 1;
    %store/vec4 v00000000060cac00_0, 0, 1;
    %jmp T_5.4;
T_5.1 ;
    %pushi/vec4 0, 0, 1;
    %store/vec4 v00000000060cac00_0, 0, 1;
    %jmp T_5.4;
T_5.2 ;
    %load/vec4 v00000000060c9bc0_0;
    %inv;
    %store/vec4 v00000000060cac00_0, 0, 1;
    %jmp T_5.4;
T_5.4 ;
    %pop/vec4 1;
    %jmp T_5;
    .thread T_5, $push;
    .scope S_0000000005f95610;
T_6 ;
    %wait E_0000000006033220;
    %load/vec4 v00000000060cac00_0;
    %flag_set/vec4 8;
    %jmp/0xz  T_6.0, 8;
    %load/vec4 v00000000060ca980_0;
    %load/vec4 v00000000060c9b20_0;
    %pad/u 6;
    %ix/vec4 3;
    %ix/load 4, 0, 0; Constant delay
    %assign/vec4/a/d v00000000060ca700, 0, 4;
T_6.0 ;
    %jmp T_6;
    .thread T_6;
    .scope S_0000000005f957a0;
T_7 ;
    %wait E_0000000006033560;
    %load/vec4 v00000000060c9260_0;
    %cmpi/e 0, 1, 1;
    %jmp/0xz  T_7.0, 6;
    %pushi/vec4 0, 0, 1;
    %assign/vec4 v00000000060ca8e0_0, 0;
    %jmp T_7.1;
T_7.0 ;
    %load/vec4 v00000000060c9260_0;
    %assign/vec4 v00000000060ca8e0_0, 0;
T_7.1 ;
    %jmp T_7;
    .thread T_7, $push;
    .scope S_0000000005f57aa0;
T_8 ;
    %wait E_0000000006033520;
    %load/vec4 v00000000060c9580_0;
    %flag_set/vec4 8;
    %jmp/0xz  T_8.0, 8;
    %load/vec4 v00000000060c96c0_0;
    %assign/vec4 v00000000060cade0_0, 0;
    %jmp T_8.1;
T_8.0 ;
    %load/vec4 v00000000060c9300_0;
    %flag_set/vec4 8;
    %jmp/0xz  T_8.2, 8;
    %load/vec4 v00000000060c9800_0;
    %assign/vec4 v00000000060cade0_0, 0;
T_8.2 ;
T_8.1 ;
    %jmp T_8;
    .thread T_8;
    .scope S_0000000005f5e670;
T_9 ;
    %load/vec4 v00000000060c96c0_0;
    %store/vec4 v00000000060cade0_0, 0, 1;
    %end;
    .thread T_9;
    .scope S_00000000060cbea0;
T_10 ;
    %wait E_00000000060331a0;
    %load/vec4 v00000000060cd900_0;
    %flag_set/vec4 8;
    %jmp/0xz  T_10.0, 8;
    %load/vec4 v00000000060cdf40_0;
    %assign/vec4 v00000000060cc460_0, 0;
    %jmp T_10.1;
T_10.0 ;
    %load/vec4 v00000000060cc640_0;
    %flag_set/vec4 8;
    %jmp/0xz  T_10.2, 8;
    %load/vec4 v00000000060cdd60_0;
    %assign/vec4 v00000000060cc460_0, 0;
T_10.2 ;
T_10.1 ;
    %jmp T_10;
    .thread T_10;
    .scope S_00000000060cbd10;
T_11 ;
    %load/vec4 v00000000060cdf40_0;
    %store/vec4 v00000000060cc460_0, 0, 1;
    %end;
    .thread T_11;
    .scope S_00000000060cf820;
T_12 ;
    %wait E_0000000006032a20;
    %load/vec4 v00000000060d4b20_0;
    %store/vec4 v00000000060d4580_0, 0, 32;
    %jmp T_12;
    .thread T_12;
# The file index is used to find the file name in the following table.
:file_names 4;
    "N/A";
    "<interactive>";
    "C:\Users\Yanni\.icestudio\apio\packages\tools-oss-cad-suite\share\yosys/ecp5/cells_sim.v";
    "main.v";
