#! /yosyshq/bin/vvp
:ivl_version "12.0 (devel)" "(s20150603-1135-g6b127432-dirty)";
:ivl_delay_selection "TYPICAL";
:vpi_time_precision + 0;
:vpi_module "C:\Users\Yanni\ICESTU~1\apio\packages\TOOLS-~1\lib\ivl\system.vpi";
:vpi_module "C:\Users\Yanni\ICESTU~1\apio\packages\TOOLS-~1\lib\ivl\vhdl_sys.vpi";
:vpi_module "C:\Users\Yanni\ICESTU~1\apio\packages\TOOLS-~1\lib\ivl\vhdl_textio.vpi";
:vpi_module "C:\Users\Yanni\ICESTU~1\apio\packages\TOOLS-~1\lib\ivl\v2005_math.vpi";
:vpi_module "C:\Users\Yanni\ICESTU~1\apio\packages\TOOLS-~1\lib\ivl\va_math.vpi";
S_0000000005fa7bd0 .scope module, "$__ABC9_LUT5" "$__ABC9_LUT5" 2 22;
 .timescale 0 0;
    .port_info 0 /INPUT 1 "M0";
    .port_info 1 /INPUT 1 "D";
    .port_info 2 /INPUT 1 "C";
    .port_info 3 /INPUT 1 "B";
    .port_info 4 /INPUT 1 "A";
    .port_info 5 /OUTPUT 1 "Z";
o0000000006048cd8 .functor BUFZ 1, C4<z>; HiZ drive
v0000000006038d40_0 .net "A", 0 0, o0000000006048cd8;  0 drivers
o0000000006048d08 .functor BUFZ 1, C4<z>; HiZ drive
v0000000006039100_0 .net "B", 0 0, o0000000006048d08;  0 drivers
o0000000006048d38 .functor BUFZ 1, C4<z>; HiZ drive
v00000000060376c0_0 .net "C", 0 0, o0000000006048d38;  0 drivers
o0000000006048d68 .functor BUFZ 1, C4<z>; HiZ drive
v0000000006037800_0 .net "D", 0 0, o0000000006048d68;  0 drivers
o0000000006048d98 .functor BUFZ 1, C4<z>; HiZ drive
v0000000006039420_0 .net "M0", 0 0, o0000000006048d98;  0 drivers
o0000000006048dc8 .functor BUFZ 1, C4<z>; HiZ drive
v0000000006038de0_0 .net "Z", 0 0, o0000000006048dc8;  0 drivers
S_0000000005fa7d60 .scope module, "$__ABC9_LUT6" "$__ABC9_LUT6" 2 36;
 .timescale 0 0;
    .port_info 0 /INPUT 1 "M1";
    .port_info 1 /INPUT 1 "M0";
    .port_info 2 /INPUT 1 "D";
    .port_info 3 /INPUT 1 "C";
    .port_info 4 /INPUT 1 "B";
    .port_info 5 /INPUT 1 "A";
    .port_info 6 /OUTPUT 1 "Z";
o0000000006048f18 .functor BUFZ 1, C4<z>; HiZ drive
v0000000006037580_0 .net "A", 0 0, o0000000006048f18;  0 drivers
o0000000006048f48 .functor BUFZ 1, C4<z>; HiZ drive
v0000000006038700_0 .net "B", 0 0, o0000000006048f48;  0 drivers
o0000000006048f78 .functor BUFZ 1, C4<z>; HiZ drive
v00000000060391a0_0 .net "C", 0 0, o0000000006048f78;  0 drivers
o0000000006048fa8 .functor BUFZ 1, C4<z>; HiZ drive
v0000000006038200_0 .net "D", 0 0, o0000000006048fa8;  0 drivers
o0000000006048fd8 .functor BUFZ 1, C4<z>; HiZ drive
v0000000006037620_0 .net "M0", 0 0, o0000000006048fd8;  0 drivers
o0000000006049008 .functor BUFZ 1, C4<z>; HiZ drive
v0000000006037d00_0 .net "M1", 0 0, o0000000006049008;  0 drivers
o0000000006049038 .functor BUFZ 1, C4<z>; HiZ drive
v00000000060380c0_0 .net "Z", 0 0, o0000000006049038;  0 drivers
S_0000000005fb73b0 .scope module, "$__ABC9_LUT7" "$__ABC9_LUT7" 2 51;
 .timescale 0 0;
    .port_info 0 /INPUT 1 "M2";
    .port_info 1 /INPUT 1 "M1";
    .port_info 2 /INPUT 1 "M0";
    .port_info 3 /INPUT 1 "D";
    .port_info 4 /INPUT 1 "C";
    .port_info 5 /INPUT 1 "B";
    .port_info 6 /INPUT 1 "A";
    .port_info 7 /OUTPUT 1 "Z";
o00000000060491b8 .functor BUFZ 1, C4<z>; HiZ drive
v0000000006037a80_0 .net "A", 0 0, o00000000060491b8;  0 drivers
o00000000060491e8 .functor BUFZ 1, C4<z>; HiZ drive
v00000000060385c0_0 .net "B", 0 0, o00000000060491e8;  0 drivers
o0000000006049218 .functor BUFZ 1, C4<z>; HiZ drive
v0000000006037da0_0 .net "C", 0 0, o0000000006049218;  0 drivers
o0000000006049248 .functor BUFZ 1, C4<z>; HiZ drive
v0000000006037f80_0 .net "D", 0 0, o0000000006049248;  0 drivers
o0000000006049278 .functor BUFZ 1, C4<z>; HiZ drive
v0000000006038160_0 .net "M0", 0 0, o0000000006049278;  0 drivers
o00000000060492a8 .functor BUFZ 1, C4<z>; HiZ drive
v00000000060388e0_0 .net "M1", 0 0, o00000000060492a8;  0 drivers
o00000000060492d8 .functor BUFZ 1, C4<z>; HiZ drive
v0000000006039240_0 .net "M2", 0 0, o00000000060492d8;  0 drivers
o0000000006049308 .functor BUFZ 1, C4<z>; HiZ drive
v0000000006038f20_0 .net "Z", 0 0, o0000000006049308;  0 drivers
S_0000000005fb7540 .scope module, "DP16KD" "DP16KD" 2 602;
 .timescale 0 0;
    .port_info 0 /INPUT 1 "DIA17";
    .port_info 1 /INPUT 1 "DIA16";
    .port_info 2 /INPUT 1 "DIA15";
    .port_info 3 /INPUT 1 "DIA14";
    .port_info 4 /INPUT 1 "DIA13";
    .port_info 5 /INPUT 1 "DIA12";
    .port_info 6 /INPUT 1 "DIA11";
    .port_info 7 /INPUT 1 "DIA10";
    .port_info 8 /INPUT 1 "DIA9";
    .port_info 9 /INPUT 1 "DIA8";
    .port_info 10 /INPUT 1 "DIA7";
    .port_info 11 /INPUT 1 "DIA6";
    .port_info 12 /INPUT 1 "DIA5";
    .port_info 13 /INPUT 1 "DIA4";
    .port_info 14 /INPUT 1 "DIA3";
    .port_info 15 /INPUT 1 "DIA2";
    .port_info 16 /INPUT 1 "DIA1";
    .port_info 17 /INPUT 1 "DIA0";
    .port_info 18 /INPUT 1 "ADA13";
    .port_info 19 /INPUT 1 "ADA12";
    .port_info 20 /INPUT 1 "ADA11";
    .port_info 21 /INPUT 1 "ADA10";
    .port_info 22 /INPUT 1 "ADA9";
    .port_info 23 /INPUT 1 "ADA8";
    .port_info 24 /INPUT 1 "ADA7";
    .port_info 25 /INPUT 1 "ADA6";
    .port_info 26 /INPUT 1 "ADA5";
    .port_info 27 /INPUT 1 "ADA4";
    .port_info 28 /INPUT 1 "ADA3";
    .port_info 29 /INPUT 1 "ADA2";
    .port_info 30 /INPUT 1 "ADA1";
    .port_info 31 /INPUT 1 "ADA0";
    .port_info 32 /INPUT 1 "CEA";
    .port_info 33 /INPUT 1 "OCEA";
    .port_info 34 /INPUT 1 "CLKA";
    .port_info 35 /INPUT 1 "WEA";
    .port_info 36 /INPUT 1 "RSTA";
    .port_info 37 /INPUT 1 "CSA2";
    .port_info 38 /INPUT 1 "CSA1";
    .port_info 39 /INPUT 1 "CSA0";
    .port_info 40 /OUTPUT 1 "DOA17";
    .port_info 41 /OUTPUT 1 "DOA16";
    .port_info 42 /OUTPUT 1 "DOA15";
    .port_info 43 /OUTPUT 1 "DOA14";
    .port_info 44 /OUTPUT 1 "DOA13";
    .port_info 45 /OUTPUT 1 "DOA12";
    .port_info 46 /OUTPUT 1 "DOA11";
    .port_info 47 /OUTPUT 1 "DOA10";
    .port_info 48 /OUTPUT 1 "DOA9";
    .port_info 49 /OUTPUT 1 "DOA8";
    .port_info 50 /OUTPUT 1 "DOA7";
    .port_info 51 /OUTPUT 1 "DOA6";
    .port_info 52 /OUTPUT 1 "DOA5";
    .port_info 53 /OUTPUT 1 "DOA4";
    .port_info 54 /OUTPUT 1 "DOA3";
    .port_info 55 /OUTPUT 1 "DOA2";
    .port_info 56 /OUTPUT 1 "DOA1";
    .port_info 57 /OUTPUT 1 "DOA0";
    .port_info 58 /INPUT 1 "DIB17";
    .port_info 59 /INPUT 1 "DIB16";
    .port_info 60 /INPUT 1 "DIB15";
    .port_info 61 /INPUT 1 "DIB14";
    .port_info 62 /INPUT 1 "DIB13";
    .port_info 63 /INPUT 1 "DIB12";
    .port_info 64 /INPUT 1 "DIB11";
    .port_info 65 /INPUT 1 "DIB10";
    .port_info 66 /INPUT 1 "DIB9";
    .port_info 67 /INPUT 1 "DIB8";
    .port_info 68 /INPUT 1 "DIB7";
    .port_info 69 /INPUT 1 "DIB6";
    .port_info 70 /INPUT 1 "DIB5";
    .port_info 71 /INPUT 1 "DIB4";
    .port_info 72 /INPUT 1 "DIB3";
    .port_info 73 /INPUT 1 "DIB2";
    .port_info 74 /INPUT 1 "DIB1";
    .port_info 75 /INPUT 1 "DIB0";
    .port_info 76 /INPUT 1 "ADB13";
    .port_info 77 /INPUT 1 "ADB12";
    .port_info 78 /INPUT 1 "ADB11";
    .port_info 79 /INPUT 1 "ADB10";
    .port_info 80 /INPUT 1 "ADB9";
    .port_info 81 /INPUT 1 "ADB8";
    .port_info 82 /INPUT 1 "ADB7";
    .port_info 83 /INPUT 1 "ADB6";
    .port_info 84 /INPUT 1 "ADB5";
    .port_info 85 /INPUT 1 "ADB4";
    .port_info 86 /INPUT 1 "ADB3";
    .port_info 87 /INPUT 1 "ADB2";
    .port_info 88 /INPUT 1 "ADB1";
    .port_info 89 /INPUT 1 "ADB0";
    .port_info 90 /INPUT 1 "CEB";
    .port_info 91 /INPUT 1 "OCEB";
    .port_info 92 /INPUT 1 "CLKB";
    .port_info 93 /INPUT 1 "WEB";
    .port_info 94 /INPUT 1 "RSTB";
    .port_info 95 /INPUT 1 "CSB2";
    .port_info 96 /INPUT 1 "CSB1";
    .port_info 97 /INPUT 1 "CSB0";
    .port_info 98 /OUTPUT 1 "DOB17";
    .port_info 99 /OUTPUT 1 "DOB16";
    .port_info 100 /OUTPUT 1 "DOB15";
    .port_info 101 /OUTPUT 1 "DOB14";
    .port_info 102 /OUTPUT 1 "DOB13";
    .port_info 103 /OUTPUT 1 "DOB12";
    .port_info 104 /OUTPUT 1 "DOB11";
    .port_info 105 /OUTPUT 1 "DOB10";
    .port_info 106 /OUTPUT 1 "DOB9";
    .port_info 107 /OUTPUT 1 "DOB8";
    .port_info 108 /OUTPUT 1 "DOB7";
    .port_info 109 /OUTPUT 1 "DOB6";
    .port_info 110 /OUTPUT 1 "DOB5";
    .port_info 111 /OUTPUT 1 "DOB4";
    .port_info 112 /OUTPUT 1 "DOB3";
    .port_info 113 /OUTPUT 1 "DOB2";
    .port_info 114 /OUTPUT 1 "DOB1";
    .port_info 115 /OUTPUT 1 "DOB0";
P_000000000603a550 .param/str "ADA0MUX" 0 2 661, "ADA0";
P_000000000603a588 .param/str "ADA10MUX" 0 2 651, "ADA10";
P_000000000603a5c0 .param/str "ADA11MUX" 0 2 650, "ADA11";
P_000000000603a5f8 .param/str "ADA12MUX" 0 2 649, "ADA12";
P_000000000603a630 .param/str "ADA13MUX" 0 2 648, "ADA13";
P_000000000603a668 .param/str "ADA1MUX" 0 2 660, "ADA1";
P_000000000603a6a0 .param/str "ADA2MUX" 0 2 659, "ADA2";
P_000000000603a6d8 .param/str "ADA3MUX" 0 2 658, "ADA3";
P_000000000603a710 .param/str "ADA4MUX" 0 2 657, "ADA4";
P_000000000603a748 .param/str "ADA5MUX" 0 2 656, "ADA5";
P_000000000603a780 .param/str "ADA6MUX" 0 2 655, "ADA6";
P_000000000603a7b8 .param/str "ADA7MUX" 0 2 654, "ADA7";
P_000000000603a7f0 .param/str "ADA8MUX" 0 2 653, "ADA8";
P_000000000603a828 .param/str "ADA9MUX" 0 2 652, "ADA9";
P_000000000603a860 .param/str "ADB0MUX" 0 2 719, "ADB0";
P_000000000603a898 .param/str "ADB10MUX" 0 2 709, "ADB10";
P_000000000603a8d0 .param/str "ADB11MUX" 0 2 708, "ADB11";
P_000000000603a908 .param/str "ADB12MUX" 0 2 707, "ADB12";
P_000000000603a940 .param/str "ADB13MUX" 0 2 706, "ADB13";
P_000000000603a978 .param/str "ADB1MUX" 0 2 718, "ADB1";
P_000000000603a9b0 .param/str "ADB2MUX" 0 2 717, "ADB2";
P_000000000603a9e8 .param/str "ADB3MUX" 0 2 716, "ADB3";
P_000000000603aa20 .param/str "ADB4MUX" 0 2 715, "ADB4";
P_000000000603aa58 .param/str "ADB5MUX" 0 2 714, "ADB5";
P_000000000603aa90 .param/str "ADB6MUX" 0 2 713, "ADB6";
P_000000000603aac8 .param/str "ADB7MUX" 0 2 712, "ADB7";
P_000000000603ab00 .param/str "ADB8MUX" 0 2 711, "ADB8";
P_000000000603ab38 .param/str "ADB9MUX" 0 2 710, "ADB9";
P_000000000603ab70 .param/str "ASYNC_RESET_RELEASE" 0 2 622, "SYNC";
P_000000000603aba8 .param/str "CEAMUX" 0 2 662, "CEA";
P_000000000603abe0 .param/str "CEBMUX" 0 2 720, "CEB";
P_000000000603ac18 .param/str "CLKAMUX" 0 2 664, "CLKA";
P_000000000603ac50 .param/str "CLKBMUX" 0 2 722, "CLKB";
P_000000000603ac88 .param/str "CSA0MUX" 0 2 669, "CSA0";
P_000000000603acc0 .param/str "CSA1MUX" 0 2 668, "CSA1";
P_000000000603acf8 .param/str "CSA2MUX" 0 2 667, "CSA2";
P_000000000603ad30 .param/str "CSB0MUX" 0 2 727, "CSB0";
P_000000000603ad68 .param/str "CSB1MUX" 0 2 726, "CSB1";
P_000000000603ada0 .param/str "CSB2MUX" 0 2 725, "CSB2";
P_000000000603add8 .param/str "CSDECODE_A" 0 2 624, "0b000";
P_000000000603ae10 .param/str "CSDECODE_B" 0 2 625, "0b000";
P_000000000603ae48 .param/l "DATA_WIDTH_A" 0 2 615, +C4<00000000000000000000000000010010>;
P_000000000603ae80 .param/l "DATA_WIDTH_B" 0 2 616, +C4<00000000000000000000000000010010>;
P_000000000603aeb8 .param/str "DIA0MUX" 0 2 647, "DIA0";
P_000000000603aef0 .param/str "DIA10MUX" 0 2 637, "DIA10";
P_000000000603af28 .param/str "DIA11MUX" 0 2 636, "DIA11";
P_000000000603af60 .param/str "DIA12MUX" 0 2 635, "DIA12";
P_000000000603af98 .param/str "DIA13MUX" 0 2 634, "DIA13";
P_000000000603afd0 .param/str "DIA14MUX" 0 2 633, "DIA14";
P_000000000603b008 .param/str "DIA15MUX" 0 2 632, "DIA15";
P_000000000603b040 .param/str "DIA16MUX" 0 2 631, "DIA16";
P_000000000603b078 .param/str "DIA17MUX" 0 2 630, "DIA17";
P_000000000603b0b0 .param/str "DIA1MUX" 0 2 646, "DIA1";
P_000000000603b0e8 .param/str "DIA2MUX" 0 2 645, "DIA2";
P_000000000603b120 .param/str "DIA3MUX" 0 2 644, "DIA3";
P_000000000603b158 .param/str "DIA4MUX" 0 2 643, "DIA4";
P_000000000603b190 .param/str "DIA5MUX" 0 2 642, "DIA5";
P_000000000603b1c8 .param/str "DIA6MUX" 0 2 641, "DIA6";
P_000000000603b200 .param/str "DIA7MUX" 0 2 640, "DIA7";
P_000000000603b238 .param/str "DIA8MUX" 0 2 639, "DIA8";
P_000000000603b270 .param/str "DIA9MUX" 0 2 638, "DIA9";
P_000000000603b2a8 .param/str "DIB0MUX" 0 2 705, "DIB0";
P_000000000603b2e0 .param/str "DIB10MUX" 0 2 695, "DIB10";
P_000000000603b318 .param/str "DIB11MUX" 0 2 694, "DIB11";
P_000000000603b350 .param/str "DIB12MUX" 0 2 693, "DIB12";
P_000000000603b388 .param/str "DIB13MUX" 0 2 692, "DIB13";
P_000000000603b3c0 .param/str "DIB14MUX" 0 2 691, "DIB14";
P_000000000603b3f8 .param/str "DIB15MUX" 0 2 690, "DIB15";
P_000000000603b430 .param/str "DIB16MUX" 0 2 689, "DIB16";
P_000000000603b468 .param/str "DIB17MUX" 0 2 688, "DIB17";
P_000000000603b4a0 .param/str "DIB1MUX" 0 2 704, "DIB1";
P_000000000603b4d8 .param/str "DIB2MUX" 0 2 703, "DIB2";
P_000000000603b510 .param/str "DIB3MUX" 0 2 702, "DIB3";
P_000000000603b548 .param/str "DIB4MUX" 0 2 701, "DIB4";
P_000000000603b580 .param/str "DIB5MUX" 0 2 700, "DIB5";
P_000000000603b5b8 .param/str "DIB6MUX" 0 2 699, "DIB6";
P_000000000603b5f0 .param/str "DIB7MUX" 0 2 698, "DIB7";
P_000000000603b628 .param/str "DIB8MUX" 0 2 697, "DIB8";
P_000000000603b660 .param/str "DIB9MUX" 0 2 696, "DIB9";
P_000000000603b698 .param/str "DOA0MUX" 0 2 687, "DOA0";
P_000000000603b6d0 .param/str "DOA10MUX" 0 2 677, "DOA10";
P_000000000603b708 .param/str "DOA11MUX" 0 2 676, "DOA11";
P_000000000603b740 .param/str "DOA12MUX" 0 2 675, "DOA12";
P_000000000603b778 .param/str "DOA13MUX" 0 2 674, "DOA13";
P_000000000603b7b0 .param/str "DOA14MUX" 0 2 673, "DOA14";
P_000000000603b7e8 .param/str "DOA15MUX" 0 2 672, "DOA15";
P_000000000603b820 .param/str "DOA16MUX" 0 2 671, "DOA16";
P_000000000603b858 .param/str "DOA17MUX" 0 2 670, "DOA17";
P_000000000603b890 .param/str "DOA1MUX" 0 2 686, "DOA1";
P_000000000603b8c8 .param/str "DOA2MUX" 0 2 685, "DOA2";
P_000000000603b900 .param/str "DOA3MUX" 0 2 684, "DOA3";
P_000000000603b938 .param/str "DOA4MUX" 0 2 683, "DOA4";
P_000000000603b970 .param/str "DOA5MUX" 0 2 682, "DOA5";
P_000000000603b9a8 .param/str "DOA6MUX" 0 2 681, "DOA6";
P_000000000603b9e0 .param/str "DOA7MUX" 0 2 680, "DOA7";
P_000000000603ba18 .param/str "DOA8MUX" 0 2 679, "DOA8";
P_000000000603ba50 .param/str "DOA9MUX" 0 2 678, "DOA9";
P_000000000603ba88 .param/str "DOB0MUX" 0 2 745, "DOB0";
P_000000000603bac0 .param/str "DOB10MUX" 0 2 735, "DOB10";
P_000000000603baf8 .param/str "DOB11MUX" 0 2 734, "DOB11";
P_000000000603bb30 .param/str "DOB12MUX" 0 2 733, "DOB12";
P_000000000603bb68 .param/str "DOB13MUX" 0 2 732, "DOB13";
P_000000000603bba0 .param/str "DOB14MUX" 0 2 731, "DOB14";
P_000000000603bbd8 .param/str "DOB15MUX" 0 2 730, "DOB15";
P_000000000603bc10 .param/str "DOB16MUX" 0 2 729, "DOB16";
P_000000000603bc48 .param/str "DOB17MUX" 0 2 728, "DOB17";
P_000000000603bc80 .param/str "DOB1MUX" 0 2 744, "DOB1";
P_000000000603bcb8 .param/str "DOB2MUX" 0 2 743, "DOB2";
P_000000000603bcf0 .param/str "DOB3MUX" 0 2 742, "DOB3";
P_000000000603bd28 .param/str "DOB4MUX" 0 2 741, "DOB4";
P_000000000603bd60 .param/str "DOB5MUX" 0 2 740, "DOB5";
P_000000000603bd98 .param/str "DOB6MUX" 0 2 739, "DOB6";
P_000000000603bdd0 .param/str "DOB7MUX" 0 2 738, "DOB7";
P_000000000603be08 .param/str "DOB8MUX" 0 2 737, "DOB8";
P_000000000603be40 .param/str "DOB9MUX" 0 2 736, "DOB9";
P_000000000603be78 .param/str "GSR" 0 2 749, "ENABLED";
P_000000000603beb0 .param/l "INITVAL_00" 0 2 751, C4<00000000000000000000000000000000000000000000000000000000000000000000000000000000000000000000000000000000000000000000000000000000000000000000000000000000000000000000000000000000000000000000000000000000000000000000000000000000000000000000000000000000000000000000000000000000000000000000000000000000000000000000000000000000>;
P_000000000603bee8 .param/l "INITVAL_01" 0 2 752, C4<00000000000000000000000000000000000000000000000000000000000000000000000000000000000000000000000000000000000000000000000000000000000000000000000000000000000000000000000000000000000000000000000000000000000000000000000000000000000000000000000000000000000000000000000000000000000000000000000000000000000000000000000000000000>;
P_000000000603bf20 .param/l "INITVAL_02" 0 2 753, C4<00000000000000000000000000000000000000000000000000000000000000000000000000000000000000000000000000000000000000000000000000000000000000000000000000000000000000000000000000000000000000000000000000000000000000000000000000000000000000000000000000000000000000000000000000000000000000000000000000000000000000000000000000000000>;
P_000000000603bf58 .param/l "INITVAL_03" 0 2 754, C4<00000000000000000000000000000000000000000000000000000000000000000000000000000000000000000000000000000000000000000000000000000000000000000000000000000000000000000000000000000000000000000000000000000000000000000000000000000000000000000000000000000000000000000000000000000000000000000000000000000000000000000000000000000000>;
P_000000000603bf90 .param/l "INITVAL_04" 0 2 755, C4<00000000000000000000000000000000000000000000000000000000000000000000000000000000000000000000000000000000000000000000000000000000000000000000000000000000000000000000000000000000000000000000000000000000000000000000000000000000000000000000000000000000000000000000000000000000000000000000000000000000000000000000000000000000>;
P_000000000603bfc8 .param/l "INITVAL_05" 0 2 756, C4<00000000000000000000000000000000000000000000000000000000000000000000000000000000000000000000000000000000000000000000000000000000000000000000000000000000000000000000000000000000000000000000000000000000000000000000000000000000000000000000000000000000000000000000000000000000000000000000000000000000000000000000000000000000>;
P_000000000603c000 .param/l "INITVAL_06" 0 2 757, C4<00000000000000000000000000000000000000000000000000000000000000000000000000000000000000000000000000000000000000000000000000000000000000000000000000000000000000000000000000000000000000000000000000000000000000000000000000000000000000000000000000000000000000000000000000000000000000000000000000000000000000000000000000000000>;
P_000000000603c038 .param/l "INITVAL_07" 0 2 758, C4<00000000000000000000000000000000000000000000000000000000000000000000000000000000000000000000000000000000000000000000000000000000000000000000000000000000000000000000000000000000000000000000000000000000000000000000000000000000000000000000000000000000000000000000000000000000000000000000000000000000000000000000000000000000>;
P_000000000603c070 .param/l "INITVAL_08" 0 2 759, C4<00000000000000000000000000000000000000000000000000000000000000000000000000000000000000000000000000000000000000000000000000000000000000000000000000000000000000000000000000000000000000000000000000000000000000000000000000000000000000000000000000000000000000000000000000000000000000000000000000000000000000000000000000000000>;
P_000000000603c0a8 .param/l "INITVAL_09" 0 2 760, C4<00000000000000000000000000000000000000000000000000000000000000000000000000000000000000000000000000000000000000000000000000000000000000000000000000000000000000000000000000000000000000000000000000000000000000000000000000000000000000000000000000000000000000000000000000000000000000000000000000000000000000000000000000000000>;
P_000000000603c0e0 .param/l "INITVAL_0A" 0 2 761, C4<00000000000000000000000000000000000000000000000000000000000000000000000000000000000000000000000000000000000000000000000000000000000000000000000000000000000000000000000000000000000000000000000000000000000000000000000000000000000000000000000000000000000000000000000000000000000000000000000000000000000000000000000000000000>;
P_000000000603c118 .param/l "INITVAL_0B" 0 2 762, C4<00000000000000000000000000000000000000000000000000000000000000000000000000000000000000000000000000000000000000000000000000000000000000000000000000000000000000000000000000000000000000000000000000000000000000000000000000000000000000000000000000000000000000000000000000000000000000000000000000000000000000000000000000000000>;
P_000000000603c150 .param/l "INITVAL_0C" 0 2 763, C4<00000000000000000000000000000000000000000000000000000000000000000000000000000000000000000000000000000000000000000000000000000000000000000000000000000000000000000000000000000000000000000000000000000000000000000000000000000000000000000000000000000000000000000000000000000000000000000000000000000000000000000000000000000000>;
P_000000000603c188 .param/l "INITVAL_0D" 0 2 764, C4<00000000000000000000000000000000000000000000000000000000000000000000000000000000000000000000000000000000000000000000000000000000000000000000000000000000000000000000000000000000000000000000000000000000000000000000000000000000000000000000000000000000000000000000000000000000000000000000000000000000000000000000000000000000>;
P_000000000603c1c0 .param/l "INITVAL_0E" 0 2 765, C4<00000000000000000000000000000000000000000000000000000000000000000000000000000000000000000000000000000000000000000000000000000000000000000000000000000000000000000000000000000000000000000000000000000000000000000000000000000000000000000000000000000000000000000000000000000000000000000000000000000000000000000000000000000000>;
P_000000000603c1f8 .param/l "INITVAL_0F" 0 2 766, C4<00000000000000000000000000000000000000000000000000000000000000000000000000000000000000000000000000000000000000000000000000000000000000000000000000000000000000000000000000000000000000000000000000000000000000000000000000000000000000000000000000000000000000000000000000000000000000000000000000000000000000000000000000000000>;
P_000000000603c230 .param/l "INITVAL_10" 0 2 767, C4<00000000000000000000000000000000000000000000000000000000000000000000000000000000000000000000000000000000000000000000000000000000000000000000000000000000000000000000000000000000000000000000000000000000000000000000000000000000000000000000000000000000000000000000000000000000000000000000000000000000000000000000000000000000>;
P_000000000603c268 .param/l "INITVAL_11" 0 2 768, C4<00000000000000000000000000000000000000000000000000000000000000000000000000000000000000000000000000000000000000000000000000000000000000000000000000000000000000000000000000000000000000000000000000000000000000000000000000000000000000000000000000000000000000000000000000000000000000000000000000000000000000000000000000000000>;
P_000000000603c2a0 .param/l "INITVAL_12" 0 2 769, C4<00000000000000000000000000000000000000000000000000000000000000000000000000000000000000000000000000000000000000000000000000000000000000000000000000000000000000000000000000000000000000000000000000000000000000000000000000000000000000000000000000000000000000000000000000000000000000000000000000000000000000000000000000000000>;
P_000000000603c2d8 .param/l "INITVAL_13" 0 2 770, C4<00000000000000000000000000000000000000000000000000000000000000000000000000000000000000000000000000000000000000000000000000000000000000000000000000000000000000000000000000000000000000000000000000000000000000000000000000000000000000000000000000000000000000000000000000000000000000000000000000000000000000000000000000000000>;
P_000000000603c310 .param/l "INITVAL_14" 0 2 771, C4<00000000000000000000000000000000000000000000000000000000000000000000000000000000000000000000000000000000000000000000000000000000000000000000000000000000000000000000000000000000000000000000000000000000000000000000000000000000000000000000000000000000000000000000000000000000000000000000000000000000000000000000000000000000>;
P_000000000603c348 .param/l "INITVAL_15" 0 2 772, C4<00000000000000000000000000000000000000000000000000000000000000000000000000000000000000000000000000000000000000000000000000000000000000000000000000000000000000000000000000000000000000000000000000000000000000000000000000000000000000000000000000000000000000000000000000000000000000000000000000000000000000000000000000000000>;
P_000000000603c380 .param/l "INITVAL_16" 0 2 773, C4<00000000000000000000000000000000000000000000000000000000000000000000000000000000000000000000000000000000000000000000000000000000000000000000000000000000000000000000000000000000000000000000000000000000000000000000000000000000000000000000000000000000000000000000000000000000000000000000000000000000000000000000000000000000>;
P_000000000603c3b8 .param/l "INITVAL_17" 0 2 774, C4<00000000000000000000000000000000000000000000000000000000000000000000000000000000000000000000000000000000000000000000000000000000000000000000000000000000000000000000000000000000000000000000000000000000000000000000000000000000000000000000000000000000000000000000000000000000000000000000000000000000000000000000000000000000>;
P_000000000603c3f0 .param/l "INITVAL_18" 0 2 775, C4<00000000000000000000000000000000000000000000000000000000000000000000000000000000000000000000000000000000000000000000000000000000000000000000000000000000000000000000000000000000000000000000000000000000000000000000000000000000000000000000000000000000000000000000000000000000000000000000000000000000000000000000000000000000>;
P_000000000603c428 .param/l "INITVAL_19" 0 2 776, C4<00000000000000000000000000000000000000000000000000000000000000000000000000000000000000000000000000000000000000000000000000000000000000000000000000000000000000000000000000000000000000000000000000000000000000000000000000000000000000000000000000000000000000000000000000000000000000000000000000000000000000000000000000000000>;
P_000000000603c460 .param/l "INITVAL_1A" 0 2 777, C4<00000000000000000000000000000000000000000000000000000000000000000000000000000000000000000000000000000000000000000000000000000000000000000000000000000000000000000000000000000000000000000000000000000000000000000000000000000000000000000000000000000000000000000000000000000000000000000000000000000000000000000000000000000000>;
P_000000000603c498 .param/l "INITVAL_1B" 0 2 778, C4<00000000000000000000000000000000000000000000000000000000000000000000000000000000000000000000000000000000000000000000000000000000000000000000000000000000000000000000000000000000000000000000000000000000000000000000000000000000000000000000000000000000000000000000000000000000000000000000000000000000000000000000000000000000>;
P_000000000603c4d0 .param/l "INITVAL_1C" 0 2 779, C4<00000000000000000000000000000000000000000000000000000000000000000000000000000000000000000000000000000000000000000000000000000000000000000000000000000000000000000000000000000000000000000000000000000000000000000000000000000000000000000000000000000000000000000000000000000000000000000000000000000000000000000000000000000000>;
P_000000000603c508 .param/l "INITVAL_1D" 0 2 780, C4<00000000000000000000000000000000000000000000000000000000000000000000000000000000000000000000000000000000000000000000000000000000000000000000000000000000000000000000000000000000000000000000000000000000000000000000000000000000000000000000000000000000000000000000000000000000000000000000000000000000000000000000000000000000>;
P_000000000603c540 .param/l "INITVAL_1E" 0 2 781, C4<00000000000000000000000000000000000000000000000000000000000000000000000000000000000000000000000000000000000000000000000000000000000000000000000000000000000000000000000000000000000000000000000000000000000000000000000000000000000000000000000000000000000000000000000000000000000000000000000000000000000000000000000000000000>;
P_000000000603c578 .param/l "INITVAL_1F" 0 2 782, C4<00000000000000000000000000000000000000000000000000000000000000000000000000000000000000000000000000000000000000000000000000000000000000000000000000000000000000000000000000000000000000000000000000000000000000000000000000000000000000000000000000000000000000000000000000000000000000000000000000000000000000000000000000000000>;
P_000000000603c5b0 .param/l "INITVAL_20" 0 2 783, C4<00000000000000000000000000000000000000000000000000000000000000000000000000000000000000000000000000000000000000000000000000000000000000000000000000000000000000000000000000000000000000000000000000000000000000000000000000000000000000000000000000000000000000000000000000000000000000000000000000000000000000000000000000000000>;
P_000000000603c5e8 .param/l "INITVAL_21" 0 2 784, C4<00000000000000000000000000000000000000000000000000000000000000000000000000000000000000000000000000000000000000000000000000000000000000000000000000000000000000000000000000000000000000000000000000000000000000000000000000000000000000000000000000000000000000000000000000000000000000000000000000000000000000000000000000000000>;
P_000000000603c620 .param/l "INITVAL_22" 0 2 785, C4<00000000000000000000000000000000000000000000000000000000000000000000000000000000000000000000000000000000000000000000000000000000000000000000000000000000000000000000000000000000000000000000000000000000000000000000000000000000000000000000000000000000000000000000000000000000000000000000000000000000000000000000000000000000>;
P_000000000603c658 .param/l "INITVAL_23" 0 2 786, C4<00000000000000000000000000000000000000000000000000000000000000000000000000000000000000000000000000000000000000000000000000000000000000000000000000000000000000000000000000000000000000000000000000000000000000000000000000000000000000000000000000000000000000000000000000000000000000000000000000000000000000000000000000000000>;
P_000000000603c690 .param/l "INITVAL_24" 0 2 787, C4<00000000000000000000000000000000000000000000000000000000000000000000000000000000000000000000000000000000000000000000000000000000000000000000000000000000000000000000000000000000000000000000000000000000000000000000000000000000000000000000000000000000000000000000000000000000000000000000000000000000000000000000000000000000>;
P_000000000603c6c8 .param/l "INITVAL_25" 0 2 788, C4<00000000000000000000000000000000000000000000000000000000000000000000000000000000000000000000000000000000000000000000000000000000000000000000000000000000000000000000000000000000000000000000000000000000000000000000000000000000000000000000000000000000000000000000000000000000000000000000000000000000000000000000000000000000>;
P_000000000603c700 .param/l "INITVAL_26" 0 2 789, C4<00000000000000000000000000000000000000000000000000000000000000000000000000000000000000000000000000000000000000000000000000000000000000000000000000000000000000000000000000000000000000000000000000000000000000000000000000000000000000000000000000000000000000000000000000000000000000000000000000000000000000000000000000000000>;
P_000000000603c738 .param/l "INITVAL_27" 0 2 790, C4<00000000000000000000000000000000000000000000000000000000000000000000000000000000000000000000000000000000000000000000000000000000000000000000000000000000000000000000000000000000000000000000000000000000000000000000000000000000000000000000000000000000000000000000000000000000000000000000000000000000000000000000000000000000>;
P_000000000603c770 .param/l "INITVAL_28" 0 2 791, C4<00000000000000000000000000000000000000000000000000000000000000000000000000000000000000000000000000000000000000000000000000000000000000000000000000000000000000000000000000000000000000000000000000000000000000000000000000000000000000000000000000000000000000000000000000000000000000000000000000000000000000000000000000000000>;
P_000000000603c7a8 .param/l "INITVAL_29" 0 2 792, C4<00000000000000000000000000000000000000000000000000000000000000000000000000000000000000000000000000000000000000000000000000000000000000000000000000000000000000000000000000000000000000000000000000000000000000000000000000000000000000000000000000000000000000000000000000000000000000000000000000000000000000000000000000000000>;
P_000000000603c7e0 .param/l "INITVAL_2A" 0 2 793, C4<00000000000000000000000000000000000000000000000000000000000000000000000000000000000000000000000000000000000000000000000000000000000000000000000000000000000000000000000000000000000000000000000000000000000000000000000000000000000000000000000000000000000000000000000000000000000000000000000000000000000000000000000000000000>;
P_000000000603c818 .param/l "INITVAL_2B" 0 2 794, C4<00000000000000000000000000000000000000000000000000000000000000000000000000000000000000000000000000000000000000000000000000000000000000000000000000000000000000000000000000000000000000000000000000000000000000000000000000000000000000000000000000000000000000000000000000000000000000000000000000000000000000000000000000000000>;
P_000000000603c850 .param/l "INITVAL_2C" 0 2 795, C4<00000000000000000000000000000000000000000000000000000000000000000000000000000000000000000000000000000000000000000000000000000000000000000000000000000000000000000000000000000000000000000000000000000000000000000000000000000000000000000000000000000000000000000000000000000000000000000000000000000000000000000000000000000000>;
P_000000000603c888 .param/l "INITVAL_2D" 0 2 796, C4<00000000000000000000000000000000000000000000000000000000000000000000000000000000000000000000000000000000000000000000000000000000000000000000000000000000000000000000000000000000000000000000000000000000000000000000000000000000000000000000000000000000000000000000000000000000000000000000000000000000000000000000000000000000>;
P_000000000603c8c0 .param/l "INITVAL_2E" 0 2 797, C4<00000000000000000000000000000000000000000000000000000000000000000000000000000000000000000000000000000000000000000000000000000000000000000000000000000000000000000000000000000000000000000000000000000000000000000000000000000000000000000000000000000000000000000000000000000000000000000000000000000000000000000000000000000000>;
P_000000000603c8f8 .param/l "INITVAL_2F" 0 2 798, C4<00000000000000000000000000000000000000000000000000000000000000000000000000000000000000000000000000000000000000000000000000000000000000000000000000000000000000000000000000000000000000000000000000000000000000000000000000000000000000000000000000000000000000000000000000000000000000000000000000000000000000000000000000000000>;
P_000000000603c930 .param/l "INITVAL_30" 0 2 799, C4<00000000000000000000000000000000000000000000000000000000000000000000000000000000000000000000000000000000000000000000000000000000000000000000000000000000000000000000000000000000000000000000000000000000000000000000000000000000000000000000000000000000000000000000000000000000000000000000000000000000000000000000000000000000>;
P_000000000603c968 .param/l "INITVAL_31" 0 2 800, C4<00000000000000000000000000000000000000000000000000000000000000000000000000000000000000000000000000000000000000000000000000000000000000000000000000000000000000000000000000000000000000000000000000000000000000000000000000000000000000000000000000000000000000000000000000000000000000000000000000000000000000000000000000000000>;
P_000000000603c9a0 .param/l "INITVAL_32" 0 2 801, C4<00000000000000000000000000000000000000000000000000000000000000000000000000000000000000000000000000000000000000000000000000000000000000000000000000000000000000000000000000000000000000000000000000000000000000000000000000000000000000000000000000000000000000000000000000000000000000000000000000000000000000000000000000000000>;
P_000000000603c9d8 .param/l "INITVAL_33" 0 2 802, C4<00000000000000000000000000000000000000000000000000000000000000000000000000000000000000000000000000000000000000000000000000000000000000000000000000000000000000000000000000000000000000000000000000000000000000000000000000000000000000000000000000000000000000000000000000000000000000000000000000000000000000000000000000000000>;
P_000000000603ca10 .param/l "INITVAL_34" 0 2 803, C4<00000000000000000000000000000000000000000000000000000000000000000000000000000000000000000000000000000000000000000000000000000000000000000000000000000000000000000000000000000000000000000000000000000000000000000000000000000000000000000000000000000000000000000000000000000000000000000000000000000000000000000000000000000000>;
P_000000000603ca48 .param/l "INITVAL_35" 0 2 804, C4<00000000000000000000000000000000000000000000000000000000000000000000000000000000000000000000000000000000000000000000000000000000000000000000000000000000000000000000000000000000000000000000000000000000000000000000000000000000000000000000000000000000000000000000000000000000000000000000000000000000000000000000000000000000>;
P_000000000603ca80 .param/l "INITVAL_36" 0 2 805, C4<00000000000000000000000000000000000000000000000000000000000000000000000000000000000000000000000000000000000000000000000000000000000000000000000000000000000000000000000000000000000000000000000000000000000000000000000000000000000000000000000000000000000000000000000000000000000000000000000000000000000000000000000000000000>;
P_000000000603cab8 .param/l "INITVAL_37" 0 2 806, C4<00000000000000000000000000000000000000000000000000000000000000000000000000000000000000000000000000000000000000000000000000000000000000000000000000000000000000000000000000000000000000000000000000000000000000000000000000000000000000000000000000000000000000000000000000000000000000000000000000000000000000000000000000000000>;
P_000000000603caf0 .param/l "INITVAL_38" 0 2 807, C4<00000000000000000000000000000000000000000000000000000000000000000000000000000000000000000000000000000000000000000000000000000000000000000000000000000000000000000000000000000000000000000000000000000000000000000000000000000000000000000000000000000000000000000000000000000000000000000000000000000000000000000000000000000000>;
P_000000000603cb28 .param/l "INITVAL_39" 0 2 808, C4<00000000000000000000000000000000000000000000000000000000000000000000000000000000000000000000000000000000000000000000000000000000000000000000000000000000000000000000000000000000000000000000000000000000000000000000000000000000000000000000000000000000000000000000000000000000000000000000000000000000000000000000000000000000>;
P_000000000603cb60 .param/l "INITVAL_3A" 0 2 809, C4<00000000000000000000000000000000000000000000000000000000000000000000000000000000000000000000000000000000000000000000000000000000000000000000000000000000000000000000000000000000000000000000000000000000000000000000000000000000000000000000000000000000000000000000000000000000000000000000000000000000000000000000000000000000>;
P_000000000603cb98 .param/l "INITVAL_3B" 0 2 810, C4<00000000000000000000000000000000000000000000000000000000000000000000000000000000000000000000000000000000000000000000000000000000000000000000000000000000000000000000000000000000000000000000000000000000000000000000000000000000000000000000000000000000000000000000000000000000000000000000000000000000000000000000000000000000>;
P_000000000603cbd0 .param/l "INITVAL_3C" 0 2 811, C4<00000000000000000000000000000000000000000000000000000000000000000000000000000000000000000000000000000000000000000000000000000000000000000000000000000000000000000000000000000000000000000000000000000000000000000000000000000000000000000000000000000000000000000000000000000000000000000000000000000000000000000000000000000000>;
P_000000000603cc08 .param/l "INITVAL_3D" 0 2 812, C4<00000000000000000000000000000000000000000000000000000000000000000000000000000000000000000000000000000000000000000000000000000000000000000000000000000000000000000000000000000000000000000000000000000000000000000000000000000000000000000000000000000000000000000000000000000000000000000000000000000000000000000000000000000000>;
P_000000000603cc40 .param/l "INITVAL_3E" 0 2 813, C4<00000000000000000000000000000000000000000000000000000000000000000000000000000000000000000000000000000000000000000000000000000000000000000000000000000000000000000000000000000000000000000000000000000000000000000000000000000000000000000000000000000000000000000000000000000000000000000000000000000000000000000000000000000000>;
P_000000000603cc78 .param/l "INITVAL_3F" 0 2 814, C4<00000000000000000000000000000000000000000000000000000000000000000000000000000000000000000000000000000000000000000000000000000000000000000000000000000000000000000000000000000000000000000000000000000000000000000000000000000000000000000000000000000000000000000000000000000000000000000000000000000000000000000000000000000000>;
P_000000000603ccb0 .param/str "OCEAMUX" 0 2 663, "OCEA";
P_000000000603cce8 .param/str "OCEBMUX" 0 2 721, "OCEB";
P_000000000603cd20 .param/str "REGMODE_A" 0 2 618, "NOREG";
P_000000000603cd58 .param/str "REGMODE_B" 0 2 619, "NOREG";
P_000000000603cd90 .param/str "RESETMODE" 0 2 621, "SYNC";
P_000000000603cdc8 .param/str "RSTAMUX" 0 2 666, "RSTA";
P_000000000603ce00 .param/str "RSTBMUX" 0 2 724, "RSTB";
P_000000000603ce38 .param/str "WEAMUX" 0 2 665, "WEA";
P_000000000603ce70 .param/str "WEBMUX" 0 2 723, "WEB";
P_000000000603cea8 .param/l "WID" 0 2 747, +C4<00000000000000000000000000000000>;
P_000000000603cee0 .param/str "WRITEMODE_A" 0 2 627, "NORMAL";
P_000000000603cf18 .param/str "WRITEMODE_B" 0 2 628, "NORMAL";
o00000000060494b8 .functor BUFZ 1, C4<z>; HiZ drive
v0000000006037e40_0 .net "ADA0", 0 0, o00000000060494b8;  0 drivers
o00000000060494e8 .functor BUFZ 1, C4<z>; HiZ drive
v0000000006038ac0_0 .net "ADA1", 0 0, o00000000060494e8;  0 drivers
o0000000006049518 .functor BUFZ 1, C4<z>; HiZ drive
v0000000006038fc0_0 .net "ADA10", 0 0, o0000000006049518;  0 drivers
o0000000006049548 .functor BUFZ 1, C4<z>; HiZ drive
v00000000060392e0_0 .net "ADA11", 0 0, o0000000006049548;  0 drivers
o0000000006049578 .functor BUFZ 1, C4<z>; HiZ drive
v0000000006038480_0 .net "ADA12", 0 0, o0000000006049578;  0 drivers
o00000000060495a8 .functor BUFZ 1, C4<z>; HiZ drive
v0000000006038340_0 .net "ADA13", 0 0, o00000000060495a8;  0 drivers
o00000000060495d8 .functor BUFZ 1, C4<z>; HiZ drive
v0000000006039060_0 .net "ADA2", 0 0, o00000000060495d8;  0 drivers
o0000000006049608 .functor BUFZ 1, C4<z>; HiZ drive
v0000000006037760_0 .net "ADA3", 0 0, o0000000006049608;  0 drivers
o0000000006049638 .functor BUFZ 1, C4<z>; HiZ drive
v00000000060378a0_0 .net "ADA4", 0 0, o0000000006049638;  0 drivers
o0000000006049668 .functor BUFZ 1, C4<z>; HiZ drive
v00000000060383e0_0 .net "ADA5", 0 0, o0000000006049668;  0 drivers
o0000000006049698 .functor BUFZ 1, C4<z>; HiZ drive
v0000000006038980_0 .net "ADA6", 0 0, o0000000006049698;  0 drivers
o00000000060496c8 .functor BUFZ 1, C4<z>; HiZ drive
v0000000006038b60_0 .net "ADA7", 0 0, o00000000060496c8;  0 drivers
o00000000060496f8 .functor BUFZ 1, C4<z>; HiZ drive
v0000000006038520_0 .net "ADA8", 0 0, o00000000060496f8;  0 drivers
o0000000006049728 .functor BUFZ 1, C4<z>; HiZ drive
v0000000006037940_0 .net "ADA9", 0 0, o0000000006049728;  0 drivers
o0000000006049758 .functor BUFZ 1, C4<z>; HiZ drive
v00000000060379e0_0 .net "ADB0", 0 0, o0000000006049758;  0 drivers
o0000000006049788 .functor BUFZ 1, C4<z>; HiZ drive
v0000000006037b20_0 .net "ADB1", 0 0, o0000000006049788;  0 drivers
o00000000060497b8 .functor BUFZ 1, C4<z>; HiZ drive
v0000000006038a20_0 .net "ADB10", 0 0, o00000000060497b8;  0 drivers
o00000000060497e8 .functor BUFZ 1, C4<z>; HiZ drive
v0000000006038c00_0 .net "ADB11", 0 0, o00000000060497e8;  0 drivers
o0000000006049818 .functor BUFZ 1, C4<z>; HiZ drive
v0000000005f84910_0 .net "ADB12", 0 0, o0000000006049818;  0 drivers
o0000000006049848 .functor BUFZ 1, C4<z>; HiZ drive
v00000000060a5f00_0 .net "ADB13", 0 0, o0000000006049848;  0 drivers
o0000000006049878 .functor BUFZ 1, C4<z>; HiZ drive
v00000000060a44c0_0 .net "ADB2", 0 0, o0000000006049878;  0 drivers
o00000000060498a8 .functor BUFZ 1, C4<z>; HiZ drive
v00000000060a5d20_0 .net "ADB3", 0 0, o00000000060498a8;  0 drivers
o00000000060498d8 .functor BUFZ 1, C4<z>; HiZ drive
v00000000060a4240_0 .net "ADB4", 0 0, o00000000060498d8;  0 drivers
o0000000006049908 .functor BUFZ 1, C4<z>; HiZ drive
v00000000060a4740_0 .net "ADB5", 0 0, o0000000006049908;  0 drivers
o0000000006049938 .functor BUFZ 1, C4<z>; HiZ drive
v00000000060a4420_0 .net "ADB6", 0 0, o0000000006049938;  0 drivers
o0000000006049968 .functor BUFZ 1, C4<z>; HiZ drive
v00000000060a4060_0 .net "ADB7", 0 0, o0000000006049968;  0 drivers
o0000000006049998 .functor BUFZ 1, C4<z>; HiZ drive
v00000000060a5dc0_0 .net "ADB8", 0 0, o0000000006049998;  0 drivers
o00000000060499c8 .functor BUFZ 1, C4<z>; HiZ drive
v00000000060a53c0_0 .net "ADB9", 0 0, o00000000060499c8;  0 drivers
o00000000060499f8 .functor BUFZ 1, C4<z>; HiZ drive
v00000000060a41a0_0 .net "CEA", 0 0, o00000000060499f8;  0 drivers
o0000000006049a28 .functor BUFZ 1, C4<z>; HiZ drive
v00000000060a5640_0 .net "CEB", 0 0, o0000000006049a28;  0 drivers
o0000000006049a58 .functor BUFZ 1, C4<z>; HiZ drive
v00000000060a5000_0 .net "CLKA", 0 0, o0000000006049a58;  0 drivers
o0000000006049a88 .functor BUFZ 1, C4<z>; HiZ drive
v00000000060a5140_0 .net "CLKB", 0 0, o0000000006049a88;  0 drivers
o0000000006049ab8 .functor BUFZ 1, C4<z>; HiZ drive
v00000000060a49c0_0 .net "CSA0", 0 0, o0000000006049ab8;  0 drivers
o0000000006049ae8 .functor BUFZ 1, C4<z>; HiZ drive
v00000000060a4ce0_0 .net "CSA1", 0 0, o0000000006049ae8;  0 drivers
o0000000006049b18 .functor BUFZ 1, C4<z>; HiZ drive
v00000000060a5aa0_0 .net "CSA2", 0 0, o0000000006049b18;  0 drivers
o0000000006049b48 .functor BUFZ 1, C4<z>; HiZ drive
v00000000060a46a0_0 .net "CSB0", 0 0, o0000000006049b48;  0 drivers
o0000000006049b78 .functor BUFZ 1, C4<z>; HiZ drive
v00000000060a4a60_0 .net "CSB1", 0 0, o0000000006049b78;  0 drivers
o0000000006049ba8 .functor BUFZ 1, C4<z>; HiZ drive
v00000000060a4880_0 .net "CSB2", 0 0, o0000000006049ba8;  0 drivers
o0000000006049bd8 .functor BUFZ 1, C4<z>; HiZ drive
v00000000060a4ba0_0 .net "DIA0", 0 0, o0000000006049bd8;  0 drivers
o0000000006049c08 .functor BUFZ 1, C4<z>; HiZ drive
v00000000060a4c40_0 .net "DIA1", 0 0, o0000000006049c08;  0 drivers
o0000000006049c38 .functor BUFZ 1, C4<z>; HiZ drive
v00000000060a5280_0 .net "DIA10", 0 0, o0000000006049c38;  0 drivers
o0000000006049c68 .functor BUFZ 1, C4<z>; HiZ drive
v00000000060a42e0_0 .net "DIA11", 0 0, o0000000006049c68;  0 drivers
o0000000006049c98 .functor BUFZ 1, C4<z>; HiZ drive
v00000000060a4b00_0 .net "DIA12", 0 0, o0000000006049c98;  0 drivers
o0000000006049cc8 .functor BUFZ 1, C4<z>; HiZ drive
v00000000060a4560_0 .net "DIA13", 0 0, o0000000006049cc8;  0 drivers
o0000000006049cf8 .functor BUFZ 1, C4<z>; HiZ drive
v00000000060a5c80_0 .net "DIA14", 0 0, o0000000006049cf8;  0 drivers
o0000000006049d28 .functor BUFZ 1, C4<z>; HiZ drive
v00000000060a5460_0 .net "DIA15", 0 0, o0000000006049d28;  0 drivers
o0000000006049d58 .functor BUFZ 1, C4<z>; HiZ drive
v00000000060a5b40_0 .net "DIA16", 0 0, o0000000006049d58;  0 drivers
o0000000006049d88 .functor BUFZ 1, C4<z>; HiZ drive
v00000000060a4d80_0 .net "DIA17", 0 0, o0000000006049d88;  0 drivers
o0000000006049db8 .functor BUFZ 1, C4<z>; HiZ drive
v00000000060a5e60_0 .net "DIA2", 0 0, o0000000006049db8;  0 drivers
o0000000006049de8 .functor BUFZ 1, C4<z>; HiZ drive
v00000000060a4ec0_0 .net "DIA3", 0 0, o0000000006049de8;  0 drivers
o0000000006049e18 .functor BUFZ 1, C4<z>; HiZ drive
v00000000060a5500_0 .net "DIA4", 0 0, o0000000006049e18;  0 drivers
o0000000006049e48 .functor BUFZ 1, C4<z>; HiZ drive
v00000000060a4e20_0 .net "DIA5", 0 0, o0000000006049e48;  0 drivers
o0000000006049e78 .functor BUFZ 1, C4<z>; HiZ drive
v00000000060a5820_0 .net "DIA6", 0 0, o0000000006049e78;  0 drivers
o0000000006049ea8 .functor BUFZ 1, C4<z>; HiZ drive
v00000000060a55a0_0 .net "DIA7", 0 0, o0000000006049ea8;  0 drivers
o0000000006049ed8 .functor BUFZ 1, C4<z>; HiZ drive
v00000000060a56e0_0 .net "DIA8", 0 0, o0000000006049ed8;  0 drivers
o0000000006049f08 .functor BUFZ 1, C4<z>; HiZ drive
v00000000060a5320_0 .net "DIA9", 0 0, o0000000006049f08;  0 drivers
o0000000006049f38 .functor BUFZ 1, C4<z>; HiZ drive
v00000000060a4600_0 .net "DIB0", 0 0, o0000000006049f38;  0 drivers
o0000000006049f68 .functor BUFZ 1, C4<z>; HiZ drive
v00000000060a4100_0 .net "DIB1", 0 0, o0000000006049f68;  0 drivers
o0000000006049f98 .functor BUFZ 1, C4<z>; HiZ drive
v00000000060a4f60_0 .net "DIB10", 0 0, o0000000006049f98;  0 drivers
o0000000006049fc8 .functor BUFZ 1, C4<z>; HiZ drive
v00000000060a4380_0 .net "DIB11", 0 0, o0000000006049fc8;  0 drivers
o0000000006049ff8 .functor BUFZ 1, C4<z>; HiZ drive
v00000000060a50a0_0 .net "DIB12", 0 0, o0000000006049ff8;  0 drivers
o000000000604a028 .functor BUFZ 1, C4<z>; HiZ drive
v00000000060a58c0_0 .net "DIB13", 0 0, o000000000604a028;  0 drivers
o000000000604a058 .functor BUFZ 1, C4<z>; HiZ drive
v00000000060a5a00_0 .net "DIB14", 0 0, o000000000604a058;  0 drivers
o000000000604a088 .functor BUFZ 1, C4<z>; HiZ drive
v00000000060a5960_0 .net "DIB15", 0 0, o000000000604a088;  0 drivers
o000000000604a0b8 .functor BUFZ 1, C4<z>; HiZ drive
v00000000060a5780_0 .net "DIB16", 0 0, o000000000604a0b8;  0 drivers
o000000000604a0e8 .functor BUFZ 1, C4<z>; HiZ drive
v00000000060a5be0_0 .net "DIB17", 0 0, o000000000604a0e8;  0 drivers
o000000000604a118 .functor BUFZ 1, C4<z>; HiZ drive
v00000000060a47e0_0 .net "DIB2", 0 0, o000000000604a118;  0 drivers
o000000000604a148 .functor BUFZ 1, C4<z>; HiZ drive
v00000000060a51e0_0 .net "DIB3", 0 0, o000000000604a148;  0 drivers
o000000000604a178 .functor BUFZ 1, C4<z>; HiZ drive
v00000000060a4920_0 .net "DIB4", 0 0, o000000000604a178;  0 drivers
o000000000604a1a8 .functor BUFZ 1, C4<z>; HiZ drive
v00000000060a6890_0 .net "DIB5", 0 0, o000000000604a1a8;  0 drivers
o000000000604a1d8 .functor BUFZ 1, C4<z>; HiZ drive
v00000000060a6070_0 .net "DIB6", 0 0, o000000000604a1d8;  0 drivers
o000000000604a208 .functor BUFZ 1, C4<z>; HiZ drive
v00000000060a69d0_0 .net "DIB7", 0 0, o000000000604a208;  0 drivers
o000000000604a238 .functor BUFZ 1, C4<z>; HiZ drive
v00000000060a7c90_0 .net "DIB8", 0 0, o000000000604a238;  0 drivers
o000000000604a268 .functor BUFZ 1, C4<z>; HiZ drive
v00000000060a6a70_0 .net "DIB9", 0 0, o000000000604a268;  0 drivers
o000000000604a298 .functor BUFZ 1, C4<z>; HiZ drive
v00000000060a71f0_0 .net "DOA0", 0 0, o000000000604a298;  0 drivers
o000000000604a2c8 .functor BUFZ 1, C4<z>; HiZ drive
v00000000060a7330_0 .net "DOA1", 0 0, o000000000604a2c8;  0 drivers
o000000000604a2f8 .functor BUFZ 1, C4<z>; HiZ drive
v00000000060a7150_0 .net "DOA10", 0 0, o000000000604a2f8;  0 drivers
o000000000604a328 .functor BUFZ 1, C4<z>; HiZ drive
v00000000060a6f70_0 .net "DOA11", 0 0, o000000000604a328;  0 drivers
o000000000604a358 .functor BUFZ 1, C4<z>; HiZ drive
v00000000060a6ed0_0 .net "DOA12", 0 0, o000000000604a358;  0 drivers
o000000000604a388 .functor BUFZ 1, C4<z>; HiZ drive
v00000000060a7ab0_0 .net "DOA13", 0 0, o000000000604a388;  0 drivers
o000000000604a3b8 .functor BUFZ 1, C4<z>; HiZ drive
v00000000060a6570_0 .net "DOA14", 0 0, o000000000604a3b8;  0 drivers
o000000000604a3e8 .functor BUFZ 1, C4<z>; HiZ drive
v00000000060a6930_0 .net "DOA15", 0 0, o000000000604a3e8;  0 drivers
o000000000604a418 .functor BUFZ 1, C4<z>; HiZ drive
v00000000060a7470_0 .net "DOA16", 0 0, o000000000604a418;  0 drivers
o000000000604a448 .functor BUFZ 1, C4<z>; HiZ drive
v00000000060a6c50_0 .net "DOA17", 0 0, o000000000604a448;  0 drivers
o000000000604a478 .functor BUFZ 1, C4<z>; HiZ drive
v00000000060a7970_0 .net "DOA2", 0 0, o000000000604a478;  0 drivers
o000000000604a4a8 .functor BUFZ 1, C4<z>; HiZ drive
v00000000060a7650_0 .net "DOA3", 0 0, o000000000604a4a8;  0 drivers
o000000000604a4d8 .functor BUFZ 1, C4<z>; HiZ drive
v00000000060a70b0_0 .net "DOA4", 0 0, o000000000604a4d8;  0 drivers
o000000000604a508 .functor BUFZ 1, C4<z>; HiZ drive
v00000000060a6110_0 .net "DOA5", 0 0, o000000000604a508;  0 drivers
o000000000604a538 .functor BUFZ 1, C4<z>; HiZ drive
v00000000060a76f0_0 .net "DOA6", 0 0, o000000000604a538;  0 drivers
o000000000604a568 .functor BUFZ 1, C4<z>; HiZ drive
v00000000060a73d0_0 .net "DOA7", 0 0, o000000000604a568;  0 drivers
o000000000604a598 .functor BUFZ 1, C4<z>; HiZ drive
v00000000060a7010_0 .net "DOA8", 0 0, o000000000604a598;  0 drivers
o000000000604a5c8 .functor BUFZ 1, C4<z>; HiZ drive
v00000000060a6b10_0 .net "DOA9", 0 0, o000000000604a5c8;  0 drivers
o000000000604a5f8 .functor BUFZ 1, C4<z>; HiZ drive
v00000000060a6250_0 .net "DOB0", 0 0, o000000000604a5f8;  0 drivers
o000000000604a628 .functor BUFZ 1, C4<z>; HiZ drive
v00000000060a6750_0 .net "DOB1", 0 0, o000000000604a628;  0 drivers
o000000000604a658 .functor BUFZ 1, C4<z>; HiZ drive
v00000000060a61b0_0 .net "DOB10", 0 0, o000000000604a658;  0 drivers
o000000000604a688 .functor BUFZ 1, C4<z>; HiZ drive
v00000000060a7d30_0 .net "DOB11", 0 0, o000000000604a688;  0 drivers
o000000000604a6b8 .functor BUFZ 1, C4<z>; HiZ drive
v00000000060a6390_0 .net "DOB12", 0 0, o000000000604a6b8;  0 drivers
o000000000604a6e8 .functor BUFZ 1, C4<z>; HiZ drive
v00000000060a7510_0 .net "DOB13", 0 0, o000000000604a6e8;  0 drivers
o000000000604a718 .functor BUFZ 1, C4<z>; HiZ drive
v00000000060a7290_0 .net "DOB14", 0 0, o000000000604a718;  0 drivers
o000000000604a748 .functor BUFZ 1, C4<z>; HiZ drive
v00000000060a7bf0_0 .net "DOB15", 0 0, o000000000604a748;  0 drivers
o000000000604a778 .functor BUFZ 1, C4<z>; HiZ drive
v00000000060a7790_0 .net "DOB16", 0 0, o000000000604a778;  0 drivers
o000000000604a7a8 .functor BUFZ 1, C4<z>; HiZ drive
v00000000060a7b50_0 .net "DOB17", 0 0, o000000000604a7a8;  0 drivers
o000000000604a7d8 .functor BUFZ 1, C4<z>; HiZ drive
v00000000060a6430_0 .net "DOB2", 0 0, o000000000604a7d8;  0 drivers
o000000000604a808 .functor BUFZ 1, C4<z>; HiZ drive
v00000000060a7dd0_0 .net "DOB3", 0 0, o000000000604a808;  0 drivers
o000000000604a838 .functor BUFZ 1, C4<z>; HiZ drive
v00000000060a62f0_0 .net "DOB4", 0 0, o000000000604a838;  0 drivers
o000000000604a868 .functor BUFZ 1, C4<z>; HiZ drive
v00000000060a75b0_0 .net "DOB5", 0 0, o000000000604a868;  0 drivers
o000000000604a898 .functor BUFZ 1, C4<z>; HiZ drive
v00000000060a7e70_0 .net "DOB6", 0 0, o000000000604a898;  0 drivers
o000000000604a8c8 .functor BUFZ 1, C4<z>; HiZ drive
v00000000060a6bb0_0 .net "DOB7", 0 0, o000000000604a8c8;  0 drivers
o000000000604a8f8 .functor BUFZ 1, C4<z>; HiZ drive
v00000000060a6cf0_0 .net "DOB8", 0 0, o000000000604a8f8;  0 drivers
o000000000604a928 .functor BUFZ 1, C4<z>; HiZ drive
v00000000060a7f10_0 .net "DOB9", 0 0, o000000000604a928;  0 drivers
o000000000604a958 .functor BUFZ 1, C4<z>; HiZ drive
v00000000060a6d90_0 .net "OCEA", 0 0, o000000000604a958;  0 drivers
o000000000604a988 .functor BUFZ 1, C4<z>; HiZ drive
v00000000060a7830_0 .net "OCEB", 0 0, o000000000604a988;  0 drivers
o000000000604a9b8 .functor BUFZ 1, C4<z>; HiZ drive
v00000000060a78d0_0 .net "RSTA", 0 0, o000000000604a9b8;  0 drivers
o000000000604a9e8 .functor BUFZ 1, C4<z>; HiZ drive
v00000000060a64d0_0 .net "RSTB", 0 0, o000000000604a9e8;  0 drivers
o000000000604aa18 .functor BUFZ 1, C4<z>; HiZ drive
v00000000060a66b0_0 .net "WEA", 0 0, o000000000604aa18;  0 drivers
o000000000604aa48 .functor BUFZ 1, C4<z>; HiZ drive
v00000000060a7a10_0 .net "WEB", 0 0, o000000000604aa48;  0 drivers
S_0000000005f02f10 .scope module, "DPR16X4C" "DPR16X4C" 2 236;
 .timescale 0 0;
    .port_info 0 /INPUT 4 "DI";
    .port_info 1 /INPUT 1 "WCK";
    .port_info 2 /INPUT 1 "WRE";
    .port_info 3 /INPUT 4 "RAD";
    .port_info 4 /INPUT 4 "WAD";
    .port_info 5 /OUTPUT 4 "DO";
P_0000000005f296d0 .param/str "INITVAL" 0 2 245, "0x0000000000000000";
P_0000000005f29708 .param/l "conv_initval" 1 2 275, C4<0000000000000000000000000000000000000000000000000000000000000000>;
L_0000000006014f10 .functor BUFZ 4, L_00000000060b3720, C4<0000>, C4<0000>, C4<0000>;
o000000000604c158 .functor BUFZ 4, C4<zzzz>; HiZ drive
v00000000060a8bc0_0 .net "DI", 3 0, o000000000604c158;  0 drivers
v00000000060a8c60_0 .net "DO", 3 0, L_0000000006014f10;  1 drivers
o000000000604c1b8 .functor BUFZ 4, C4<zzzz>; HiZ drive
v00000000060a8b20_0 .net "RAD", 3 0, o000000000604c1b8;  0 drivers
o000000000604c1e8 .functor BUFZ 4, C4<zzzz>; HiZ drive
v00000000060a8300_0 .net "WAD", 3 0, o000000000604c1e8;  0 drivers
o000000000604c218 .functor BUFZ 1, C4<z>; HiZ drive
v00000000060a9ac0_0 .net "WCK", 0 0, o000000000604c218;  0 drivers
o000000000604c248 .functor BUFZ 1, C4<z>; HiZ drive
v00000000060a8580_0 .net "WRE", 0 0, o000000000604c248;  0 drivers
v00000000060a88a0_0 .net *"_ivl_0", 3 0, L_00000000060b3720;  1 drivers
v00000000060a9a20_0 .net *"_ivl_2", 5 0, L_00000000060b4300;  1 drivers
L_00000000060b50a8 .functor BUFT 1, C4<00>, C4<0>, C4<0>, C4<0>;
v00000000060a9980_0 .net *"_ivl_5", 1 0, L_00000000060b50a8;  1 drivers
v00000000060a8620_0 .var/i "i", 31 0;
v00000000060a9480 .array "ram", 15 0, 3 0;
E_000000000600d100 .event posedge, v00000000060a9ac0_0;
L_00000000060b3720 .array/port v00000000060a9480, L_00000000060b4300;
L_00000000060b4300 .concat [ 4 2 0 0], o000000000604c1b8, L_00000000060b50a8;
S_0000000005f3e350 .scope function.vec4.s64, "convert_initval" "convert_initval" 2 247, 2 247 0, S_0000000005f02f10;
 .timescale 0 0;
v00000000060a6610_0 .var "char", 7 0;
; Variable convert_initval is vec4 return value of scope S_0000000005f3e350
v00000000060a6e30_0 .var "done", 0 0;
v00000000060a93e0_0 .var "hex_initval", 143 0;
v00000000060a8260_0 .var/i "i", 31 0;
v00000000060a9340_0 .var "temp", 63 0;
TD_DPR16X4C.convert_initval ;
    %pushi/vec4 0, 0, 1;
    %store/vec4 v00000000060a6e30_0, 0, 1;
    %pushi/vec4 0, 0, 64;
    %store/vec4 v00000000060a9340_0, 0, 64;
    %pushi/vec4 0, 0, 32;
    %store/vec4 v00000000060a8260_0, 0, 32;
T_0.0 ;
    %load/vec4 v00000000060a8260_0;
    %cmpi/s 16, 0, 32;
    %jmp/0xz T_0.1, 5;
    %load/vec4 v00000000060a6e30_0;
    %nor/r;
    %flag_set/vec4 8;
    %jmp/0xz  T_0.2, 8;
    %load/vec4 v00000000060a93e0_0;
    %load/vec4 v00000000060a8260_0;
    %muli 8, 0, 32;
    %part/s 8;
    %store/vec4 v00000000060a6610_0, 0, 8;
    %load/vec4 v00000000060a6610_0;
    %pushi/vec4 120, 0, 8; draw_string_vec4
    %cmp/e;
    %jmp/0xz  T_0.4, 4;
    %pushi/vec4 1, 0, 1;
    %store/vec4 v00000000060a6e30_0, 0, 1;
    %jmp T_0.5;
T_0.4 ;
    %pushi/vec4 48, 0, 8; draw_string_vec4
    %load/vec4 v00000000060a6610_0;
    %cmp/u;
    %flag_get/vec4 4;
    %flag_get/vec4 5;
    %or;
    %load/vec4 v00000000060a6610_0;
    %pushi/vec4 57, 0, 8; draw_string_vec4
    %cmp/u;
    %flag_get/vec4 4;
    %flag_get/vec4 5;
    %or;
    %and;
    %flag_set/vec4 8;
    %jmp/0xz  T_0.6, 8;
    %load/vec4 v00000000060a6610_0;
    %pushi/vec4 48, 0, 8; draw_string_vec4
    %sub;
    %pad/u 4;
    %load/vec4 v00000000060a8260_0;
    %muli 4, 0, 32;
    %ix/vec4/s 4;
    %store/vec4 v00000000060a9340_0, 4, 4;
    %jmp T_0.7;
T_0.6 ;
    %pushi/vec4 65, 0, 8; draw_string_vec4
    %load/vec4 v00000000060a6610_0;
    %cmp/u;
    %flag_get/vec4 4;
    %flag_get/vec4 5;
    %or;
    %load/vec4 v00000000060a6610_0;
    %pushi/vec4 70, 0, 8; draw_string_vec4
    %cmp/u;
    %flag_get/vec4 4;
    %flag_get/vec4 5;
    %or;
    %and;
    %flag_set/vec4 8;
    %jmp/0xz  T_0.8, 8;
    %pushi/vec4 10, 0, 8;
    %load/vec4 v00000000060a6610_0;
    %add;
    %pushi/vec4 65, 0, 8; draw_string_vec4
    %sub;
    %pad/u 4;
    %load/vec4 v00000000060a8260_0;
    %muli 4, 0, 32;
    %ix/vec4/s 4;
    %store/vec4 v00000000060a9340_0, 4, 4;
    %jmp T_0.9;
T_0.8 ;
    %pushi/vec4 97, 0, 8; draw_string_vec4
    %load/vec4 v00000000060a6610_0;
    %cmp/u;
    %flag_get/vec4 4;
    %flag_get/vec4 5;
    %or;
    %load/vec4 v00000000060a6610_0;
    %pushi/vec4 102, 0, 8; draw_string_vec4
    %cmp/u;
    %flag_get/vec4 4;
    %flag_get/vec4 5;
    %or;
    %and;
    %flag_set/vec4 8;
    %jmp/0xz  T_0.10, 8;
    %pushi/vec4 10, 0, 8;
    %load/vec4 v00000000060a6610_0;
    %add;
    %pushi/vec4 97, 0, 8; draw_string_vec4
    %sub;
    %pad/u 4;
    %load/vec4 v00000000060a8260_0;
    %muli 4, 0, 32;
    %ix/vec4/s 4;
    %store/vec4 v00000000060a9340_0, 4, 4;
T_0.10 ;
T_0.9 ;
T_0.7 ;
T_0.5 ;
T_0.2 ;
    %load/vec4 v00000000060a8260_0;
    %addi 1, 0, 32;
    %store/vec4 v00000000060a8260_0, 0, 32;
    %jmp T_0.0;
T_0.1 ;
    %load/vec4 v00000000060a9340_0;
    %ret/vec4 0, 0, 64;  Assign to convert_initval (store_vec4_to_lval)
    %end;
S_0000000005f030a0 .scope module, "INV" "INV" 2 422;
 .timescale 0 0;
    .port_info 0 /INPUT 1 "A";
    .port_info 1 /OUTPUT 1 "Z";
o000000000604c458 .functor BUFZ 1, C4<z>; HiZ drive
v00000000060a9f20_0 .net "A", 0 0, o000000000604c458;  0 drivers
v00000000060a98e0_0 .net "Z", 0 0, L_00000000060b4a80;  1 drivers
L_00000000060b4a80 .reduce/nor o000000000604c458;
S_0000000005f75610 .scope module, "TRELLIS_DPR16X4" "TRELLIS_DPR16X4" 2 190;
 .timescale 0 0;
    .port_info 0 /INPUT 4 "DI";
    .port_info 1 /INPUT 4 "WAD";
    .port_info 2 /INPUT 1 "WRE";
    .port_info 3 /INPUT 1 "WCK";
    .port_info 4 /INPUT 4 "RAD";
    .port_info 5 /OUTPUT 4 "DO";
P_0000000005f2f910 .param/l "INITVAL" 0 2 200, C4<0000000000000000000000000000000000000000000000000000000000000000>;
P_0000000005f2f948 .param/str "WCKMUX" 0 2 198, "WCK";
P_0000000005f2f980 .param/str "WREMUX" 0 2 199, "WRE";
o000000000604c5d8 .functor BUFZ 1, C4<z>; HiZ drive
L_00000000060153e0 .functor BUFZ 1, o000000000604c5d8, C4<0>, C4<0>, C4<0>;
L_0000000006014d50 .functor BUFZ 4, L_00000000060b3ea0, C4<0000>, C4<0000>, C4<0000>;
o000000000604c518 .functor BUFZ 4, C4<zzzz>; HiZ drive
v00000000060a9160_0 .net "DI", 3 0, o000000000604c518;  0 drivers
v00000000060a8120_0 .net "DO", 3 0, L_0000000006014d50;  1 drivers
o000000000604c578 .functor BUFZ 4, C4<zzzz>; HiZ drive
v00000000060a9de0_0 .net "RAD", 3 0, o000000000604c578;  0 drivers
o000000000604c5a8 .functor BUFZ 4, C4<zzzz>; HiZ drive
v00000000060a8760_0 .net "WAD", 3 0, o000000000604c5a8;  0 drivers
v00000000060a8080_0 .net "WCK", 0 0, o000000000604c5d8;  0 drivers
o000000000604c608 .functor BUFZ 1, C4<z>; HiZ drive
v00000000060a9520_0 .net "WRE", 0 0, o000000000604c608;  0 drivers
v00000000060a83a0_0 .net *"_ivl_2", 3 0, L_00000000060b3ea0;  1 drivers
v00000000060a84e0_0 .net *"_ivl_4", 5 0, L_00000000060b4bc0;  1 drivers
L_00000000060b50f0 .functor BUFT 1, C4<00>, C4<0>, C4<0>, C4<0>;
v00000000060a9020_0 .net *"_ivl_7", 1 0, L_00000000060b50f0;  1 drivers
v00000000060a9b60_0 .var/i "i", 31 0;
v00000000060a8ee0 .array "mem", 0 15, 3 0;
v00000000060a9c00_0 .net "muxwck", 0 0, L_00000000060153e0;  1 drivers
v00000000060a9200_0 .var "muxwre", 0 0;
E_000000000600d780 .event posedge, v00000000060a9c00_0;
E_000000000600cb80 .event anyedge, v00000000060a9520_0;
L_00000000060b3ea0 .array/port v00000000060a8ee0, L_00000000060b4bc0;
L_00000000060b4bc0 .concat [ 4 2 0 0], o000000000604c578, L_00000000060b50f0;
S_0000000005f757a0 .scope module, "TRELLIS_IO" "TRELLIS_IO" 2 393;
 .timescale 0 0;
    .port_info 0 /INOUT 1 "B";
    .port_info 1 /INPUT 1 "I";
    .port_info 2 /INPUT 1 "T";
    .port_info 3 /OUTPUT 1 "O";
P_000000000600cb40 .param/str "DIR" 0 2 399, "INPUT";
o000000000604c878 .functor BUFZ 1, C4<z>; HiZ drive
v00000000060a95c0_0 .net "B", 0 0, o000000000604c878;  0 drivers
o000000000604c8a8 .functor BUFZ 1, C4<z>; HiZ drive
v00000000060a8440_0 .net "I", 0 0, o000000000604c8a8;  0 drivers
v00000000060a81c0_0 .net "O", 0 0, L_0000000006014f80;  1 drivers
o000000000604c908 .functor BUFZ 1, C4<z>; HiZ drive
v00000000060a92a0_0 .net "T", 0 0, o000000000604c908;  0 drivers
v00000000060a8a80_0 .var "T_pd", 0 0;
E_000000000600d040 .event anyedge, v00000000060a92a0_0;
S_0000000005f3e4e0 .scope generate, "genblk1" "genblk1" 2 404, 2 404 0, S_0000000005f757a0;
 .timescale 0 0;
L_0000000006014f80 .functor BUFZ 1, o000000000604c878, C4<0>, C4<0>, C4<0>;
S_0000000005f75930 .scope module, "TRELLIS_SLICE" "TRELLIS_SLICE" 2 428;
 .timescale 0 0;
    .port_info 0 /INPUT 1 "A0";
    .port_info 1 /INPUT 1 "B0";
    .port_info 2 /INPUT 1 "C0";
    .port_info 3 /INPUT 1 "D0";
    .port_info 4 /INPUT 1 "A1";
    .port_info 5 /INPUT 1 "B1";
    .port_info 6 /INPUT 1 "C1";
    .port_info 7 /INPUT 1 "D1";
    .port_info 8 /INPUT 1 "M0";
    .port_info 9 /INPUT 1 "M1";
    .port_info 10 /INPUT 1 "FCI";
    .port_info 11 /INPUT 1 "FXA";
    .port_info 12 /INPUT 1 "FXB";
    .port_info 13 /INPUT 1 "CLK";
    .port_info 14 /INPUT 1 "LSR";
    .port_info 15 /INPUT 1 "CE";
    .port_info 16 /INPUT 1 "DI0";
    .port_info 17 /INPUT 1 "DI1";
    .port_info 18 /INPUT 1 "WD0";
    .port_info 19 /INPUT 1 "WD1";
    .port_info 20 /INPUT 1 "WAD0";
    .port_info 21 /INPUT 1 "WAD1";
    .port_info 22 /INPUT 1 "WAD2";
    .port_info 23 /INPUT 1 "WAD3";
    .port_info 24 /INPUT 1 "WRE";
    .port_info 25 /INPUT 1 "WCK";
    .port_info 26 /OUTPUT 1 "F0";
    .port_info 27 /OUTPUT 1 "Q0";
    .port_info 28 /OUTPUT 1 "F1";
    .port_info 29 /OUTPUT 1 "Q1";
    .port_info 30 /OUTPUT 1 "FCO";
    .port_info 31 /OUTPUT 1 "OFX0";
    .port_info 32 /OUTPUT 1 "OFX1";
    .port_info 33 /OUTPUT 1 "WDO0";
    .port_info 34 /OUTPUT 1 "WDO1";
    .port_info 35 /OUTPUT 1 "WDO2";
    .port_info 36 /OUTPUT 1 "WDO3";
    .port_info 37 /OUTPUT 1 "WADO0";
    .port_info 38 /OUTPUT 1 "WADO1";
    .port_info 39 /OUTPUT 1 "WADO2";
    .port_info 40 /OUTPUT 1 "WADO3";
P_0000000006046700 .param/str "A0MUX" 0 2 468, "A0";
P_0000000006046738 .param/str "A1MUX" 0 2 469, "A1";
P_0000000006046770 .param/str "B0MUX" 0 2 470, "B0";
P_00000000060467a8 .param/str "B1MUX" 0 2 471, "B1";
P_00000000060467e0 .param/str "C0MUX" 0 2 472, "C0";
P_0000000006046818 .param/str "C1MUX" 0 2 473, "C1";
P_0000000006046850 .param/str "CCU2_INJECT1_0" 0 2 463, "\000\000\000\000\000\000\000\000\000\000\000\000\000\000NO";
P_0000000006046888 .param/str "CCU2_INJECT1_1" 0 2 464, "\000\000\000\000\000\000\000\000\000\000\000\000\000\000NO";
P_00000000060468c0 .param/str "CEMUX" 0 2 452, "\000\000\000\000\000\000\000\000\000\000\000\000\000\000\0001";
P_00000000060468f8 .param/str "CLKMUX" 0 2 453, "CLK";
P_0000000006046930 .param/str "D0MUX" 0 2 474, "D0";
P_0000000006046968 .param/str "D1MUX" 0 2 475, "D1";
P_00000000060469a0 .param/str "GSR" 0 2 450, "ENABLED";
P_00000000060469d8 .param/str "LSRMUX" 0 2 454, "LSR";
P_0000000006046a10 .param/l "LUT0_INITVAL" 0 2 455, C4<0000000000000000>;
P_0000000006046a48 .param/l "LUT1_INITVAL" 0 2 456, C4<0000000000000000>;
P_0000000006046a80 .param/str "MODE" 0 2 449, "LOGIC";
P_0000000006046ab8 .param/str "REG0_LSRMODE" 0 2 461, "LSR";
P_0000000006046af0 .param/str "REG0_REGSET" 0 2 459, "RESET";
P_0000000006046b28 .param/str "REG0_SD" 0 2 457, "0";
P_0000000006046b60 .param/str "REG1_LSRMODE" 0 2 462, "LSR";
P_0000000006046b98 .param/str "REG1_REGSET" 0 2 460, "RESET";
P_0000000006046bd0 .param/str "REG1_SD" 0 2 458, "0";
P_0000000006046c08 .param/str "SRMODE" 0 2 451, "LSR_OVER_CE";
P_0000000006046c40 .param/str "WCKMUX" 0 2 466, "WCK";
P_0000000006046c78 .param/str "WREMUX" 0 2 465, "WRE";
o000000000604cae8 .functor BUFZ 1, C4<z>; HiZ drive
L_0000000006015300 .functor BUFZ 1, o000000000604cae8, C4<0>, C4<0>, C4<0>;
o000000000604cd58 .functor BUFZ 1, C4<z>; HiZ drive
L_0000000006015530 .functor BUFZ 1, o000000000604cd58, C4<0>, C4<0>, C4<0>;
o000000000604da48 .functor BUFZ 1, C4<z>; HiZ drive
v00000000060ae5f0_0 .net "A0", 0 0, o000000000604da48;  0 drivers
v00000000060ad150_0 .net "A0m", 0 0, L_0000000006014b20;  1 drivers
o000000000604da78 .functor BUFZ 1, C4<z>; HiZ drive
v00000000060ad290_0 .net "A1", 0 0, o000000000604da78;  0 drivers
v00000000060b1f30_0 .net "A1m", 0 0, L_0000000006015140;  1 drivers
o000000000604daa8 .functor BUFZ 1, C4<z>; HiZ drive
v00000000060b1850_0 .net "B0", 0 0, o000000000604daa8;  0 drivers
v00000000060b1710_0 .net "B0m", 0 0, L_0000000006014ff0;  1 drivers
o000000000604dad8 .functor BUFZ 1, C4<z>; HiZ drive
v00000000060b2430_0 .net "B1", 0 0, o000000000604dad8;  0 drivers
v00000000060b2ed0_0 .net "B1m", 0 0, L_00000000060151b0;  1 drivers
o000000000604db08 .functor BUFZ 1, C4<z>; HiZ drive
v00000000060b1490_0 .net "C0", 0 0, o000000000604db08;  0 drivers
v00000000060b1530_0 .net "C0m", 0 0, L_0000000006015060;  1 drivers
o000000000604db38 .functor BUFZ 1, C4<z>; HiZ drive
v00000000060b2c50_0 .net "C1", 0 0, o000000000604db38;  0 drivers
v00000000060b1c10_0 .net "C1m", 0 0, L_0000000006015220;  1 drivers
o000000000604ca28 .functor BUFZ 1, C4<z>; HiZ drive
v00000000060b2610_0 .net "CE", 0 0, o000000000604ca28;  0 drivers
o000000000604ca58 .functor BUFZ 1, C4<z>; HiZ drive
v00000000060b2b10_0 .net "CLK", 0 0, o000000000604ca58;  0 drivers
o000000000604db68 .functor BUFZ 1, C4<z>; HiZ drive
v00000000060b2d90_0 .net "D0", 0 0, o000000000604db68;  0 drivers
v00000000060b12b0_0 .net "D0m", 0 0, L_00000000060154c0;  1 drivers
o000000000604db98 .functor BUFZ 1, C4<z>; HiZ drive
v00000000060b2390_0 .net "D1", 0 0, o000000000604db98;  0 drivers
v00000000060b2cf0_0 .net "D1m", 0 0, L_00000000060158b0;  1 drivers
o000000000604dbc8 .functor BUFZ 1, C4<z>; HiZ drive
v00000000060b2570_0 .net "DI0", 0 0, o000000000604dbc8;  0 drivers
o000000000604dbf8 .functor BUFZ 1, C4<z>; HiZ drive
v00000000060b2110_0 .net "DI1", 0 0, o000000000604dbf8;  0 drivers
v00000000060b1ad0_0 .net "F0", 0 0, L_00000000060b4c60;  1 drivers
v00000000060b15d0_0 .net "F1", 0 0, L_00000000060b3860;  1 drivers
o000000000604dc28 .functor BUFZ 1, C4<z>; HiZ drive
v00000000060b10d0_0 .net "FCI", 0 0, o000000000604dc28;  0 drivers
o000000000604dc58 .functor BUFZ 1, C4<z>; HiZ drive
v00000000060b2f70_0 .net "FCO", 0 0, o000000000604dc58;  0 drivers
o000000000604d868 .functor BUFZ 1, C4<z>; HiZ drive
v00000000060b21b0_0 .net "FXA", 0 0, o000000000604d868;  0 drivers
o000000000604d898 .functor BUFZ 1, C4<z>; HiZ drive
v00000000060b1fd0_0 .net "FXB", 0 0, o000000000604d898;  0 drivers
o000000000604cab8 .functor BUFZ 1, C4<z>; HiZ drive
v00000000060b1170_0 .net "LSR", 0 0, o000000000604cab8;  0 drivers
v00000000060b1670_0 .net "M0", 0 0, o000000000604cae8;  0 drivers
v00000000060b1210_0 .net "M1", 0 0, o000000000604cd58;  0 drivers
v00000000060b17b0_0 .net "OFX0", 0 0, L_00000000060b3ae0;  1 drivers
v00000000060b1a30_0 .net "OFX1", 0 0, L_00000000060b3cc0;  1 drivers
v00000000060b18f0_0 .net "Q0", 0 0, v00000000060a97a0_0;  1 drivers
v00000000060b1350_0 .net "Q1", 0 0, v00000000060a9d40_0;  1 drivers
o000000000604dc88 .functor BUFZ 1, C4<z>; HiZ drive
v00000000060b13f0_0 .net "WAD0", 0 0, o000000000604dc88;  0 drivers
o000000000604dcb8 .functor BUFZ 1, C4<z>; HiZ drive
v00000000060b2e30_0 .net "WAD1", 0 0, o000000000604dcb8;  0 drivers
o000000000604dce8 .functor BUFZ 1, C4<z>; HiZ drive
v00000000060b1b70_0 .net "WAD2", 0 0, o000000000604dce8;  0 drivers
o000000000604dd18 .functor BUFZ 1, C4<z>; HiZ drive
v00000000060b27f0_0 .net "WAD3", 0 0, o000000000604dd18;  0 drivers
o000000000604dd48 .functor BUFZ 1, C4<z>; HiZ drive
v00000000060b1990_0 .net "WADO0", 0 0, o000000000604dd48;  0 drivers
o000000000604dd78 .functor BUFZ 1, C4<z>; HiZ drive
v00000000060b1cb0_0 .net "WADO1", 0 0, o000000000604dd78;  0 drivers
o000000000604dda8 .functor BUFZ 1, C4<z>; HiZ drive
v00000000060b2a70_0 .net "WADO2", 0 0, o000000000604dda8;  0 drivers
o000000000604ddd8 .functor BUFZ 1, C4<z>; HiZ drive
v00000000060b2930_0 .net "WADO3", 0 0, o000000000604ddd8;  0 drivers
o000000000604de08 .functor BUFZ 1, C4<z>; HiZ drive
v00000000060b1d50_0 .net "WCK", 0 0, o000000000604de08;  0 drivers
o000000000604de38 .functor BUFZ 1, C4<z>; HiZ drive
v00000000060b24d0_0 .net "WD0", 0 0, o000000000604de38;  0 drivers
o000000000604de68 .functor BUFZ 1, C4<z>; HiZ drive
v00000000060b2750_0 .net "WD1", 0 0, o000000000604de68;  0 drivers
o000000000604de98 .functor BUFZ 1, C4<z>; HiZ drive
v00000000060b26b0_0 .net "WDO0", 0 0, o000000000604de98;  0 drivers
o000000000604dec8 .functor BUFZ 1, C4<z>; HiZ drive
v00000000060b2890_0 .net "WDO1", 0 0, o000000000604dec8;  0 drivers
o000000000604def8 .functor BUFZ 1, C4<z>; HiZ drive
v00000000060b29d0_0 .net "WDO2", 0 0, o000000000604def8;  0 drivers
o000000000604df28 .functor BUFZ 1, C4<z>; HiZ drive
v00000000060b1df0_0 .net "WDO3", 0 0, o000000000604df28;  0 drivers
o000000000604df58 .functor BUFZ 1, C4<z>; HiZ drive
v00000000060b1e90_0 .net "WRE", 0 0, o000000000604df58;  0 drivers
v00000000060b2070_0 .net "muxdi0", 0 0, L_0000000006015300;  1 drivers
v00000000060b2bb0_0 .net "muxdi1", 0 0, L_0000000006015530;  1 drivers
S_0000000005f3e670 .scope module, "ff_0" "TRELLIS_FF" 2 581, 2 311 0, S_0000000005f75930;
 .timescale 0 0;
    .port_info 0 /INPUT 1 "CLK";
    .port_info 1 /INPUT 1 "LSR";
    .port_info 2 /INPUT 1 "CE";
    .port_info 3 /INPUT 1 "DI";
    .port_info 4 /INPUT 1 "M";
    .port_info 5 /OUTPUT 1 "Q";
P_0000000005f3b140 .param/str "CEMUX" 0 2 313, "\000\000\000\000\000\000\000\000\000\000\000\000\000\000\0001";
P_0000000005f3b178 .param/str "CLKMUX" 0 2 314, "CLK";
P_0000000005f3b1b0 .param/str "GSR" 0 2 312, "ENABLED";
P_0000000005f3b1e8 .param/l "LSRMODE" 0 2 318, C4<00000000000000000000000000000000000000000000000000000000000000000000000000000000000000000000000000000000010011000101001101010010>;
P_0000000005f3b220 .param/str "LSRMUX" 0 2 315, "LSR";
P_0000000005f3b258 .param/str "REGSET" 0 2 317, "RESET";
P_0000000005f3b290 .param/str "SRMODE" 0 2 316, "LSR_OVER_CE";
L_00000000060ffc70 .functor BUFZ 1, o000000000604cab8, C4<0>, C4<0>, C4<0>;
L_00000000060ff650 .functor BUFZ 1, o000000000604ca58, C4<0>, C4<0>, C4<0>;
v00000000060a8da0_0 .net "CE", 0 0, o000000000604ca28;  alias, 0 drivers
v00000000060a8d00_0 .net "CLK", 0 0, o000000000604ca58;  alias, 0 drivers
v00000000060a86c0_0 .net "DI", 0 0, L_0000000006015300;  alias, 1 drivers
v00000000060a9660_0 .net "LSR", 0 0, o000000000604cab8;  alias, 0 drivers
v00000000060a9700_0 .net "M", 0 0, o000000000604cae8;  alias, 0 drivers
v00000000060a97a0_0 .var "Q", 0 0;
L_00000000060b5258 .functor BUFT 1, C4<1>, C4<0>, C4<0>, C4<0>;
v00000000060a9ca0_0 .net "muxce", 0 0, L_00000000060b5258;  1 drivers
v00000000060a8f80_0 .net "muxclk", 0 0, L_00000000060ff650;  1 drivers
v00000000060a9e80_0 .net "muxlsr", 0 0, L_00000000060ffc70;  1 drivers
L_00000000060b52a0 .functor BUFT 1, C4<0>, C4<0>, C4<0>, C4<0>;
v00000000060a8800_0 .net "srval", 0 0, L_00000000060b52a0;  1 drivers
S_0000000005f3b2d0 .scope generate, "genblk1" "genblk1" 2 322, 2 322 0, S_0000000005f3e670;
 .timescale 0 0;
S_0000000005f3b460 .scope generate, "genblk3" "genblk3" 2 334, 2 334 0, S_0000000005f3e670;
 .timescale 0 0;
S_0000000005f37aa0 .scope generate, "genblk5" "genblk5" 2 343, 2 343 0, S_0000000005f3e670;
 .timescale 0 0;
E_000000000600d8c0 .event posedge, v00000000060a8f80_0;
S_00000000060aa540 .scope generate, "genblk7" "genblk7" 2 360, 2 360 0, S_0000000005f3e670;
 .timescale 0 0;
S_00000000060aa9f0 .scope module, "ff_1" "TRELLIS_FF" 2 594, 2 311 0, S_0000000005f75930;
 .timescale 0 0;
    .port_info 0 /INPUT 1 "CLK";
    .port_info 1 /INPUT 1 "LSR";
    .port_info 2 /INPUT 1 "CE";
    .port_info 3 /INPUT 1 "DI";
    .port_info 4 /INPUT 1 "M";
    .port_info 5 /OUTPUT 1 "Q";
P_00000000060aa3b0 .param/str "CEMUX" 0 2 313, "\000\000\000\000\000\000\000\000\000\000\000\000\000\000\0001";
P_00000000060aa3e8 .param/str "CLKMUX" 0 2 314, "CLK";
P_00000000060aa420 .param/str "GSR" 0 2 312, "ENABLED";
P_00000000060aa458 .param/l "LSRMODE" 0 2 318, C4<00000000000000000000000000000000000000000000000000000000000000000000000000000000000000000000000000000000010011000101001101010010>;
P_00000000060aa490 .param/str "LSRMUX" 0 2 315, "LSR";
P_00000000060aa4c8 .param/str "REGSET" 0 2 317, "RESET";
P_00000000060aa500 .param/str "SRMODE" 0 2 316, "LSR_OVER_CE";
L_00000000060ffdc0 .functor BUFZ 1, o000000000604cab8, C4<0>, C4<0>, C4<0>;
L_00000000060ff260 .functor BUFZ 1, o000000000604ca58, C4<0>, C4<0>, C4<0>;
v00000000060a8e40_0 .net "CE", 0 0, o000000000604ca28;  alias, 0 drivers
v00000000060a9840_0 .net "CLK", 0 0, o000000000604ca58;  alias, 0 drivers
v00000000060a8940_0 .net "DI", 0 0, L_0000000006015530;  alias, 1 drivers
v00000000060a89e0_0 .net "LSR", 0 0, o000000000604cab8;  alias, 0 drivers
v00000000060a90c0_0 .net "M", 0 0, o000000000604cd58;  alias, 0 drivers
v00000000060a9d40_0 .var "Q", 0 0;
L_00000000060b52e8 .functor BUFT 1, C4<1>, C4<0>, C4<0>, C4<0>;
v00000000060ae230_0 .net "muxce", 0 0, L_00000000060b52e8;  1 drivers
v00000000060ade70_0 .net "muxclk", 0 0, L_00000000060ff260;  1 drivers
v00000000060ad330_0 .net "muxlsr", 0 0, L_00000000060ffdc0;  1 drivers
L_00000000060b5330 .functor BUFT 1, C4<0>, C4<0>, C4<0>, C4<0>;
v00000000060ad510_0 .net "srval", 0 0, L_00000000060b5330;  1 drivers
S_00000000060aa6d0 .scope generate, "genblk1" "genblk1" 2 322, 2 322 0, S_00000000060aa9f0;
 .timescale 0 0;
S_00000000060aaea0 .scope generate, "genblk3" "genblk3" 2 334, 2 334 0, S_00000000060aa9f0;
 .timescale 0 0;
S_00000000060aa860 .scope generate, "genblk5" "genblk5" 2 343, 2 343 0, S_00000000060aa9f0;
 .timescale 0 0;
E_000000000600d180 .event posedge, v00000000060ade70_0;
S_00000000060aa090 .scope generate, "genblk7" "genblk7" 2 360, 2 360 0, S_00000000060aa9f0;
 .timescale 0 0;
S_00000000060aad10 .scope generate, "genblk10" "genblk10" 2 485, 2 485 0, S_0000000005f75930;
 .timescale 0 0;
L_0000000006015140 .functor BUFZ 1, o000000000604da78, C4<0>, C4<0>, C4<0>;
S_00000000060aa220 .scope generate, "genblk12" "genblk12" 2 486, 2 486 0, S_0000000005f75930;
 .timescale 0 0;
L_00000000060151b0 .functor BUFZ 1, o000000000604dad8, C4<0>, C4<0>, C4<0>;
S_00000000060aab80 .scope generate, "genblk14" "genblk14" 2 487, 2 487 0, S_0000000005f75930;
 .timescale 0 0;
L_0000000006015220 .functor BUFZ 1, o000000000604db38, C4<0>, C4<0>, C4<0>;
S_00000000060afed0 .scope generate, "genblk16" "genblk16" 2 488, 2 488 0, S_0000000005f75930;
 .timescale 0 0;
L_00000000060158b0 .functor BUFZ 1, o000000000604db98, C4<0>, C4<0>, C4<0>;
S_00000000060b0830 .scope generate, "genblk17" "genblk17" 2 503, 2 503 0, S_0000000005f75930;
 .timescale 0 0;
S_00000000060b09c0 .scope module, "lut4_0" "LUT4" 2 507, 2 4 0, S_00000000060b0830;
 .timescale 0 0;
    .port_info 0 /INPUT 1 "A";
    .port_info 1 /INPUT 1 "B";
    .port_info 2 /INPUT 1 "C";
    .port_info 3 /INPUT 1 "D";
    .port_info 4 /OUTPUT 1 "Z";
P_000000000600da00 .param/l "INIT" 0 2 5, C4<0000000000000000>;
v00000000060ad830_0 .net "A", 0 0, L_0000000006014b20;  alias, 1 drivers
v00000000060aec30_0 .net "B", 0 0, L_0000000006014ff0;  alias, 1 drivers
v00000000060ae2d0_0 .net "C", 0 0, L_0000000006015060;  alias, 1 drivers
v00000000060aecd0_0 .net "D", 0 0, L_00000000060154c0;  alias, 1 drivers
v00000000060aea50_0 .net "Z", 0 0, L_00000000060b4c60;  alias, 1 drivers
L_00000000060b5138 .functor BUFT 1, C4<00000000>, C4<0>, C4<0>, C4<0>;
v00000000060aeeb0_0 .net/2u *"_ivl_0", 7 0, L_00000000060b5138;  1 drivers
v00000000060aee10_0 .net *"_ivl_13", 1 0, L_00000000060b3360;  1 drivers
v00000000060add30_0 .net *"_ivl_15", 1 0, L_00000000060b34a0;  1 drivers
v00000000060adc90_0 .net *"_ivl_19", 0 0, L_00000000060b3540;  1 drivers
L_00000000060b5180 .functor BUFT 1, C4<00000000>, C4<0>, C4<0>, C4<0>;
v00000000060adb50_0 .net/2u *"_ivl_2", 7 0, L_00000000060b5180;  1 drivers
v00000000060ae7d0_0 .net *"_ivl_21", 0 0, L_00000000060b3680;  1 drivers
v00000000060ae9b0_0 .net *"_ivl_7", 3 0, L_00000000060b3f40;  1 drivers
v00000000060ae690_0 .net *"_ivl_9", 3 0, L_00000000060b3fe0;  1 drivers
v00000000060ad3d0_0 .net "s1", 1 0, L_00000000060b4080;  1 drivers
v00000000060ad970_0 .net "s2", 3 0, L_00000000060b3900;  1 drivers
v00000000060ada10_0 .net "s3", 7 0, L_00000000060b43a0;  1 drivers
L_00000000060b43a0 .functor MUXZ 8, L_00000000060b5180, L_00000000060b5138, L_00000000060154c0, C4<>;
L_00000000060b3f40 .part L_00000000060b43a0, 4, 4;
L_00000000060b3fe0 .part L_00000000060b43a0, 0, 4;
L_00000000060b3900 .functor MUXZ 4, L_00000000060b3fe0, L_00000000060b3f40, L_0000000006015060, C4<>;
L_00000000060b3360 .part L_00000000060b3900, 2, 2;
L_00000000060b34a0 .part L_00000000060b3900, 0, 2;
L_00000000060b4080 .functor MUXZ 2, L_00000000060b34a0, L_00000000060b3360, L_0000000006014ff0, C4<>;
L_00000000060b3540 .part L_00000000060b4080, 1, 1;
L_00000000060b3680 .part L_00000000060b4080, 0, 1;
L_00000000060b4c60 .functor MUXZ 1, L_00000000060b3680, L_00000000060b3540, L_0000000006014b20, C4<>;
S_00000000060b0060 .scope module, "lut4_1" "LUT4" 2 513, 2 4 0, S_00000000060b0830;
 .timescale 0 0;
    .port_info 0 /INPUT 1 "A";
    .port_info 1 /INPUT 1 "B";
    .port_info 2 /INPUT 1 "C";
    .port_info 3 /INPUT 1 "D";
    .port_info 4 /OUTPUT 1 "Z";
P_000000000600d680 .param/l "INIT" 0 2 5, C4<0000000000000000>;
v00000000060adbf0_0 .net "A", 0 0, L_0000000006015140;  alias, 1 drivers
v00000000060ad790_0 .net "B", 0 0, L_00000000060151b0;  alias, 1 drivers
v00000000060ae050_0 .net "C", 0 0, L_0000000006015220;  alias, 1 drivers
v00000000060ad5b0_0 .net "D", 0 0, L_00000000060158b0;  alias, 1 drivers
v00000000060ae370_0 .net "Z", 0 0, L_00000000060b3860;  alias, 1 drivers
L_00000000060b51c8 .functor BUFT 1, C4<00000000>, C4<0>, C4<0>, C4<0>;
v00000000060addd0_0 .net/2u *"_ivl_0", 7 0, L_00000000060b51c8;  1 drivers
v00000000060aed70_0 .net *"_ivl_13", 1 0, L_00000000060b4da0;  1 drivers
v00000000060ad650_0 .net *"_ivl_15", 1 0, L_00000000060b30e0;  1 drivers
v00000000060ae730_0 .net *"_ivl_19", 0 0, L_00000000060b49e0;  1 drivers
L_00000000060b5210 .functor BUFT 1, C4<00000000>, C4<0>, C4<0>, C4<0>;
v00000000060aeaf0_0 .net/2u *"_ivl_2", 7 0, L_00000000060b5210;  1 drivers
v00000000060adf10_0 .net *"_ivl_21", 0 0, L_00000000060b41c0;  1 drivers
v00000000060adfb0_0 .net *"_ivl_7", 3 0, L_00000000060b4120;  1 drivers
v00000000060ae870_0 .net *"_ivl_9", 3 0, L_00000000060b4f80;  1 drivers
v00000000060ae0f0_0 .net "s1", 1 0, L_00000000060b4440;  1 drivers
v00000000060ad0b0_0 .net "s2", 3 0, L_00000000060b3c20;  1 drivers
v00000000060ad6f0_0 .net "s3", 7 0, L_00000000060b35e0;  1 drivers
L_00000000060b35e0 .functor MUXZ 8, L_00000000060b5210, L_00000000060b51c8, L_00000000060158b0, C4<>;
L_00000000060b4120 .part L_00000000060b35e0, 4, 4;
L_00000000060b4f80 .part L_00000000060b35e0, 0, 4;
L_00000000060b3c20 .functor MUXZ 4, L_00000000060b4f80, L_00000000060b4120, L_0000000006015220, C4<>;
L_00000000060b4da0 .part L_00000000060b3c20, 2, 2;
L_00000000060b30e0 .part L_00000000060b3c20, 0, 2;
L_00000000060b4440 .functor MUXZ 2, L_00000000060b30e0, L_00000000060b4da0, L_00000000060151b0, C4<>;
L_00000000060b49e0 .part L_00000000060b4440, 1, 1;
L_00000000060b41c0 .part L_00000000060b4440, 0, 1;
L_00000000060b3860 .functor MUXZ 1, L_00000000060b41c0, L_00000000060b49e0, L_0000000006015140, C4<>;
S_00000000060af890 .scope module, "lut5_mux" "PFUMX" 2 518, 2 179 0, S_00000000060b0830;
 .timescale 0 0;
    .port_info 0 /INPUT 1 "ALUT";
    .port_info 1 /INPUT 1 "BLUT";
    .port_info 2 /INPUT 1 "C0";
    .port_info 3 /OUTPUT 1 "Z";
v00000000060ad1f0_0 .net "ALUT", 0 0, L_00000000060b3860;  alias, 1 drivers
v00000000060ae410_0 .net "BLUT", 0 0, L_00000000060b4c60;  alias, 1 drivers
v00000000060aef50_0 .net "C0", 0 0, o000000000604cae8;  alias, 0 drivers
v00000000060adab0_0 .net "Z", 0 0, L_00000000060b3ae0;  alias, 1 drivers
L_00000000060b3ae0 .functor MUXZ 1, L_00000000060b4c60, L_00000000060b3860, o000000000604cae8, C4<>;
S_00000000060af0c0 .scope module, "lutx_mux" "L6MUX21" 2 519, 2 65 0, S_00000000060b0830;
 .timescale 0 0;
    .port_info 0 /INPUT 1 "D0";
    .port_info 1 /INPUT 1 "D1";
    .port_info 2 /INPUT 1 "SD";
    .port_info 3 /OUTPUT 1 "Z";
v00000000060ae4b0_0 .net "D0", 0 0, o000000000604d868;  alias, 0 drivers
v00000000060aeb90_0 .net "D1", 0 0, o000000000604d898;  alias, 0 drivers
v00000000060ae190_0 .net "SD", 0 0, o000000000604cd58;  alias, 0 drivers
v00000000060ae550_0 .net "Z", 0 0, L_00000000060b3cc0;  alias, 1 drivers
L_00000000060b3cc0 .functor MUXZ 1, o000000000604d868, o000000000604d898, o000000000604cd58, C4<>;
S_00000000060afa20 .scope generate, "genblk2" "genblk2" 2 481, 2 481 0, S_0000000005f75930;
 .timescale 0 0;
L_0000000006014b20 .functor BUFZ 1, o000000000604da48, C4<0>, C4<0>, C4<0>;
S_00000000060b0e70 .scope generate, "genblk4" "genblk4" 2 482, 2 482 0, S_0000000005f75930;
 .timescale 0 0;
L_0000000006014ff0 .functor BUFZ 1, o000000000604daa8, C4<0>, C4<0>, C4<0>;
S_00000000060b0380 .scope generate, "genblk6" "genblk6" 2 483, 2 483 0, S_0000000005f75930;
 .timescale 0 0;
L_0000000006015060 .functor BUFZ 1, o000000000604db08, C4<0>, C4<0>, C4<0>;
S_00000000060b0510 .scope generate, "genblk8" "genblk8" 2 484, 2 484 0, S_0000000005f75930;
 .timescale 0 0;
L_00000000060154c0 .functor BUFZ 1, o000000000604db68, C4<0>, C4<0>, C4<0>;
S_00000000060af700 .scope function.vec4.s16, "permute_initval" "permute_initval" 2 492, 2 492 0, S_0000000005f75930;
 .timescale 0 0;
v00000000060ad470_0 .var/i "i", 31 0;
v00000000060ae910_0 .var "initval", 15 0;
; Variable permute_initval is vec4 return value of scope S_00000000060af700
TD_TRELLIS_SLICE.permute_initval ;
    %pushi/vec4 0, 0, 32;
    %store/vec4 v00000000060ad470_0, 0, 32;
T_1.12 ;
    %load/vec4 v00000000060ad470_0;
    %cmpi/s 16, 0, 32;
    %jmp/0xz T_1.13, 5;
    %load/vec4 v00000000060ae910_0;
    %load/vec4 v00000000060ad470_0;
    %part/s 1;
    %load/vec4 v00000000060ad470_0;
    %parti/s 1, 0, 2;
    %load/vec4 v00000000060ad470_0;
    %parti/s 1, 2, 3;
    %concat/vec4; draw_concat_vec4
    %load/vec4 v00000000060ad470_0;
    %parti/s 1, 1, 2;
    %concat/vec4; draw_concat_vec4
    %load/vec4 v00000000060ad470_0;
    %parti/s 1, 3, 3;
    %concat/vec4; draw_concat_vec4
    %ix/vec4 4;
    %ret/vec4 0, 4, 1; Assign to permute_initval (store_vec4_to_lval)
    %load/vec4 v00000000060ad470_0;
    %addi 1, 0, 32;
    %store/vec4 v00000000060ad470_0, 0, 32;
    %jmp T_1.12;
T_1.13 ;
    %end;
S_0000000005f5b690 .scope module, "main" "main" 3 6;
 .timescale 0 0;
    .port_info 0 /INPUT 32 "vc8ee55";
    .port_info 1 /INPUT 32 "v360926";
    .port_info 2 /OUTPUT 32 "vea2f6e";
o000000000604e738 .functor BUFZ 32, C4<zzzzzzzzzzzzzzzzzzzzzzzzzzzzzzzz>; HiZ drive
v00000000060b2250_0 .net "v360926", 31 0, o000000000604e738;  0 drivers
o000000000604e768 .functor BUFZ 32, C4<zzzzzzzzzzzzzzzzzzzzzzzzzzzzzzzz>; HiZ drive
v00000000060b22f0_0 .net "vc8ee55", 31 0, o000000000604e768;  0 drivers
o000000000604e798 .functor BUFZ 32, C4<zzzzzzzzzzzzzzzzzzzzzzzzzzzzzzzz>; HiZ drive
v00000000060b4940_0 .net "vea2f6e", 31 0, o000000000604e798;  0 drivers
    .scope S_0000000005f02f10;
T_2 ;
    %pushi/vec4 0, 0, 32;
    %store/vec4 v00000000060a8620_0, 0, 32;
T_2.0 ;
    %load/vec4 v00000000060a8620_0;
    %cmpi/s 15, 0, 32;
    %jmp/0xz T_2.1, 5;
    %pushi/vec4 0, 0, 64;
    %load/vec4 v00000000060a8620_0;
    %muli 4, 0, 32;
    %part/s 4;
    %ix/getv/s 3, v00000000060a8620_0;
    %ix/load 4, 0, 0; Constant delay
    %assign/vec4/a/d v00000000060a9480, 0, 4;
    %load/vec4 v00000000060a8620_0;
    %addi 1, 0, 32;
    %store/vec4 v00000000060a8620_0, 0, 32;
    %jmp T_2.0;
T_2.1 ;
    %end;
    .thread T_2;
    .scope S_0000000005f02f10;
T_3 ;
    %wait E_000000000600d100;
    %load/vec4 v00000000060a8580_0;
    %flag_set/vec4 8;
    %jmp/0xz  T_3.0, 8;
    %load/vec4 v00000000060a8bc0_0;
    %load/vec4 v00000000060a8300_0;
    %pad/u 6;
    %ix/vec4 3;
    %ix/load 4, 0, 0; Constant delay
    %assign/vec4/a/d v00000000060a9480, 0, 4;
T_3.0 ;
    %jmp T_3;
    .thread T_3;
    .scope S_0000000005f75610;
T_4 ;
    %pushi/vec4 0, 0, 32;
    %store/vec4 v00000000060a9b60_0, 0, 32;
T_4.0 ;
    %load/vec4 v00000000060a9b60_0;
    %cmpi/s 16, 0, 32;
    %jmp/0xz T_4.1, 5;
    %pushi/vec4 0, 0, 64;
    %load/vec4 v00000000060a9b60_0;
    %addi 3, 0, 32;
    %part/s 1;
    %pushi/vec4 0, 0, 64;
    %load/vec4 v00000000060a9b60_0;
    %addi 2, 0, 32;
    %part/s 1;
    %concat/vec4; draw_concat_vec4
    %pushi/vec4 0, 0, 64;
    %load/vec4 v00000000060a9b60_0;
    %addi 1, 0, 32;
    %part/s 1;
    %concat/vec4; draw_concat_vec4
    %pushi/vec4 0, 0, 64;
    %load/vec4 v00000000060a9b60_0;
    %part/s 1;
    %concat/vec4; draw_concat_vec4
    %ix/getv/s 3, v00000000060a9b60_0;
    %ix/load 4, 0, 0; Constant delay
    %assign/vec4/a/d v00000000060a8ee0, 0, 4;
    %load/vec4 v00000000060a9b60_0;
    %addi 1, 0, 32;
    %store/vec4 v00000000060a9b60_0, 0, 32;
    %jmp T_4.0;
T_4.1 ;
    %end;
    .thread T_4;
    .scope S_0000000005f75610;
T_5 ;
    %wait E_000000000600cb80;
    %pushi/vec4 5722693, 0, 24; draw_string_vec4
    %dup/vec4;
    %pushi/vec4 49, 0, 24; draw_string_vec4
    %cmp/u;
    %jmp/1 T_5.0, 6;
    %dup/vec4;
    %pushi/vec4 48, 0, 24; draw_string_vec4
    %cmp/u;
    %jmp/1 T_5.1, 6;
    %dup/vec4;
    %pushi/vec4 4804182, 0, 24; draw_string_vec4
    %cmp/u;
    %jmp/1 T_5.2, 6;
    %load/vec4 v00000000060a9520_0;
    %store/vec4 v00000000060a9200_0, 0, 1;
    %jmp T_5.4;
T_5.0 ;
    %pushi/vec4 1, 0, 1;
    %store/vec4 v00000000060a9200_0, 0, 1;
    %jmp T_5.4;
T_5.1 ;
    %pushi/vec4 0, 0, 1;
    %store/vec4 v00000000060a9200_0, 0, 1;
    %jmp T_5.4;
T_5.2 ;
    %load/vec4 v00000000060a9520_0;
    %inv;
    %store/vec4 v00000000060a9200_0, 0, 1;
    %jmp T_5.4;
T_5.4 ;
    %pop/vec4 1;
    %jmp T_5;
    .thread T_5, $push;
    .scope S_0000000005f75610;
T_6 ;
    %wait E_000000000600d780;
    %load/vec4 v00000000060a9200_0;
    %flag_set/vec4 8;
    %jmp/0xz  T_6.0, 8;
    %load/vec4 v00000000060a9160_0;
    %load/vec4 v00000000060a8760_0;
    %pad/u 6;
    %ix/vec4 3;
    %ix/load 4, 0, 0; Constant delay
    %assign/vec4/a/d v00000000060a8ee0, 0, 4;
T_6.0 ;
    %jmp T_6;
    .thread T_6;
    .scope S_0000000005f757a0;
T_7 ;
    %wait E_000000000600d040;
    %load/vec4 v00000000060a92a0_0;
    %cmpi/e 0, 1, 1;
    %jmp/0xz  T_7.0, 6;
    %pushi/vec4 0, 0, 1;
    %assign/vec4 v00000000060a8a80_0, 0;
    %jmp T_7.1;
T_7.0 ;
    %load/vec4 v00000000060a92a0_0;
    %assign/vec4 v00000000060a8a80_0, 0;
T_7.1 ;
    %jmp T_7;
    .thread T_7, $push;
    .scope S_0000000005f37aa0;
T_8 ;
    %wait E_000000000600d8c0;
    %load/vec4 v00000000060a9e80_0;
    %flag_set/vec4 8;
    %jmp/0xz  T_8.0, 8;
    %load/vec4 v00000000060a8800_0;
    %assign/vec4 v00000000060a97a0_0, 0;
    %jmp T_8.1;
T_8.0 ;
    %load/vec4 v00000000060a9ca0_0;
    %flag_set/vec4 8;
    %jmp/0xz  T_8.2, 8;
    %load/vec4 v00000000060a86c0_0;
    %assign/vec4 v00000000060a97a0_0, 0;
T_8.2 ;
T_8.1 ;
    %jmp T_8;
    .thread T_8;
    .scope S_0000000005f3e670;
T_9 ;
    %load/vec4 v00000000060a8800_0;
    %store/vec4 v00000000060a97a0_0, 0, 1;
    %end;
    .thread T_9;
    .scope S_00000000060aa860;
T_10 ;
    %wait E_000000000600d180;
    %load/vec4 v00000000060ad330_0;
    %flag_set/vec4 8;
    %jmp/0xz  T_10.0, 8;
    %load/vec4 v00000000060ad510_0;
    %assign/vec4 v00000000060a9d40_0, 0;
    %jmp T_10.1;
T_10.0 ;
    %load/vec4 v00000000060ae230_0;
    %flag_set/vec4 8;
    %jmp/0xz  T_10.2, 8;
    %load/vec4 v00000000060a8940_0;
    %assign/vec4 v00000000060a9d40_0, 0;
T_10.2 ;
T_10.1 ;
    %jmp T_10;
    .thread T_10;
    .scope S_00000000060aa9f0;
T_11 ;
    %load/vec4 v00000000060ad510_0;
    %store/vec4 v00000000060a9d40_0, 0, 1;
    %end;
    .thread T_11;
# The file index is used to find the file name in the following table.
:file_names 4;
    "N/A";
    "<interactive>";
    "C:\Users\Yanni\.icestudio\apio\packages\tools-oss-cad-suite\share\yosys/ecp5/cells_sim.v";
    "main.v";
