#! /yosyshq/bin/vvp
:ivl_version "12.0 (devel)" "(s20150603-1135-g6b127432-dirty)";
:ivl_delay_selection "TYPICAL";
:vpi_time_precision + 0;
:vpi_module "C:\Users\Yanni\ICESTU~1\apio\packages\TOOLS-~1\lib\ivl\system.vpi";
:vpi_module "C:\Users\Yanni\ICESTU~1\apio\packages\TOOLS-~1\lib\ivl\vhdl_sys.vpi";
:vpi_module "C:\Users\Yanni\ICESTU~1\apio\packages\TOOLS-~1\lib\ivl\vhdl_textio.vpi";
:vpi_module "C:\Users\Yanni\ICESTU~1\apio\packages\TOOLS-~1\lib\ivl\v2005_math.vpi";
:vpi_module "C:\Users\Yanni\ICESTU~1\apio\packages\TOOLS-~1\lib\ivl\va_math.vpi";
S_0000000005ed45d0 .scope module, "$__ABC9_LUT5" "$__ABC9_LUT5" 2 22;
 .timescale 0 0;
    .port_info 0 /INPUT 1 "M0";
    .port_info 1 /INPUT 1 "D";
    .port_info 2 /INPUT 1 "C";
    .port_info 3 /INPUT 1 "B";
    .port_info 4 /INPUT 1 "A";
    .port_info 5 /OUTPUT 1 "Z";
o0000000005febdf8 .functor BUFZ 1, C4<z>; HiZ drive
v0000000005fdaa60_0 .net "A", 0 0, o0000000005febdf8;  0 drivers
o0000000005febe28 .functor BUFZ 1, C4<z>; HiZ drive
v0000000005fdb8c0_0 .net "B", 0 0, o0000000005febe28;  0 drivers
o0000000005febe58 .functor BUFZ 1, C4<z>; HiZ drive
v0000000005fdaec0_0 .net "C", 0 0, o0000000005febe58;  0 drivers
o0000000005febe88 .functor BUFZ 1, C4<z>; HiZ drive
v0000000005fdb320_0 .net "D", 0 0, o0000000005febe88;  0 drivers
o0000000005febeb8 .functor BUFZ 1, C4<z>; HiZ drive
v0000000005fda880_0 .net "M0", 0 0, o0000000005febeb8;  0 drivers
o0000000005febee8 .functor BUFZ 1, C4<z>; HiZ drive
v0000000005fdb3c0_0 .net "Z", 0 0, o0000000005febee8;  0 drivers
S_0000000005f47b50 .scope module, "$__ABC9_LUT6" "$__ABC9_LUT6" 2 36;
 .timescale 0 0;
    .port_info 0 /INPUT 1 "M1";
    .port_info 1 /INPUT 1 "M0";
    .port_info 2 /INPUT 1 "D";
    .port_info 3 /INPUT 1 "C";
    .port_info 4 /INPUT 1 "B";
    .port_info 5 /INPUT 1 "A";
    .port_info 6 /OUTPUT 1 "Z";
o0000000005fec038 .functor BUFZ 1, C4<z>; HiZ drive
v0000000005fdb460_0 .net "A", 0 0, o0000000005fec038;  0 drivers
o0000000005fec068 .functor BUFZ 1, C4<z>; HiZ drive
v0000000005fdb500_0 .net "B", 0 0, o0000000005fec068;  0 drivers
o0000000005fec098 .functor BUFZ 1, C4<z>; HiZ drive
v0000000005fdc180_0 .net "C", 0 0, o0000000005fec098;  0 drivers
o0000000005fec0c8 .functor BUFZ 1, C4<z>; HiZ drive
v0000000005fdc540_0 .net "D", 0 0, o0000000005fec0c8;  0 drivers
o0000000005fec0f8 .functor BUFZ 1, C4<z>; HiZ drive
v0000000005fdab00_0 .net "M0", 0 0, o0000000005fec0f8;  0 drivers
o0000000005fec128 .functor BUFZ 1, C4<z>; HiZ drive
v0000000005fda6a0_0 .net "M1", 0 0, o0000000005fec128;  0 drivers
o0000000005fec158 .functor BUFZ 1, C4<z>; HiZ drive
v0000000005fdb000_0 .net "Z", 0 0, o0000000005fec158;  0 drivers
S_0000000005f47ce0 .scope module, "$__ABC9_LUT7" "$__ABC9_LUT7" 2 51;
 .timescale 0 0;
    .port_info 0 /INPUT 1 "M2";
    .port_info 1 /INPUT 1 "M1";
    .port_info 2 /INPUT 1 "M0";
    .port_info 3 /INPUT 1 "D";
    .port_info 4 /INPUT 1 "C";
    .port_info 5 /INPUT 1 "B";
    .port_info 6 /INPUT 1 "A";
    .port_info 7 /OUTPUT 1 "Z";
o0000000005fec2d8 .functor BUFZ 1, C4<z>; HiZ drive
v0000000005fdb960_0 .net "A", 0 0, o0000000005fec2d8;  0 drivers
o0000000005fec308 .functor BUFZ 1, C4<z>; HiZ drive
v0000000005fdaba0_0 .net "B", 0 0, o0000000005fec308;  0 drivers
o0000000005fec338 .functor BUFZ 1, C4<z>; HiZ drive
v0000000005fdac40_0 .net "C", 0 0, o0000000005fec338;  0 drivers
o0000000005fec368 .functor BUFZ 1, C4<z>; HiZ drive
v0000000005fdace0_0 .net "D", 0 0, o0000000005fec368;  0 drivers
o0000000005fec398 .functor BUFZ 1, C4<z>; HiZ drive
v0000000005fdbc80_0 .net "M0", 0 0, o0000000005fec398;  0 drivers
o0000000005fec3c8 .functor BUFZ 1, C4<z>; HiZ drive
v0000000005fdbb40_0 .net "M1", 0 0, o0000000005fec3c8;  0 drivers
o0000000005fec3f8 .functor BUFZ 1, C4<z>; HiZ drive
v0000000005fda740_0 .net "M2", 0 0, o0000000005fec3f8;  0 drivers
o0000000005fec428 .functor BUFZ 1, C4<z>; HiZ drive
v0000000005fdaf60_0 .net "Z", 0 0, o0000000005fec428;  0 drivers
S_0000000005f56920 .scope module, "DP16KD" "DP16KD" 2 602;
 .timescale 0 0;
    .port_info 0 /INPUT 1 "DIA17";
    .port_info 1 /INPUT 1 "DIA16";
    .port_info 2 /INPUT 1 "DIA15";
    .port_info 3 /INPUT 1 "DIA14";
    .port_info 4 /INPUT 1 "DIA13";
    .port_info 5 /INPUT 1 "DIA12";
    .port_info 6 /INPUT 1 "DIA11";
    .port_info 7 /INPUT 1 "DIA10";
    .port_info 8 /INPUT 1 "DIA9";
    .port_info 9 /INPUT 1 "DIA8";
    .port_info 10 /INPUT 1 "DIA7";
    .port_info 11 /INPUT 1 "DIA6";
    .port_info 12 /INPUT 1 "DIA5";
    .port_info 13 /INPUT 1 "DIA4";
    .port_info 14 /INPUT 1 "DIA3";
    .port_info 15 /INPUT 1 "DIA2";
    .port_info 16 /INPUT 1 "DIA1";
    .port_info 17 /INPUT 1 "DIA0";
    .port_info 18 /INPUT 1 "ADA13";
    .port_info 19 /INPUT 1 "ADA12";
    .port_info 20 /INPUT 1 "ADA11";
    .port_info 21 /INPUT 1 "ADA10";
    .port_info 22 /INPUT 1 "ADA9";
    .port_info 23 /INPUT 1 "ADA8";
    .port_info 24 /INPUT 1 "ADA7";
    .port_info 25 /INPUT 1 "ADA6";
    .port_info 26 /INPUT 1 "ADA5";
    .port_info 27 /INPUT 1 "ADA4";
    .port_info 28 /INPUT 1 "ADA3";
    .port_info 29 /INPUT 1 "ADA2";
    .port_info 30 /INPUT 1 "ADA1";
    .port_info 31 /INPUT 1 "ADA0";
    .port_info 32 /INPUT 1 "CEA";
    .port_info 33 /INPUT 1 "OCEA";
    .port_info 34 /INPUT 1 "CLKA";
    .port_info 35 /INPUT 1 "WEA";
    .port_info 36 /INPUT 1 "RSTA";
    .port_info 37 /INPUT 1 "CSA2";
    .port_info 38 /INPUT 1 "CSA1";
    .port_info 39 /INPUT 1 "CSA0";
    .port_info 40 /OUTPUT 1 "DOA17";
    .port_info 41 /OUTPUT 1 "DOA16";
    .port_info 42 /OUTPUT 1 "DOA15";
    .port_info 43 /OUTPUT 1 "DOA14";
    .port_info 44 /OUTPUT 1 "DOA13";
    .port_info 45 /OUTPUT 1 "DOA12";
    .port_info 46 /OUTPUT 1 "DOA11";
    .port_info 47 /OUTPUT 1 "DOA10";
    .port_info 48 /OUTPUT 1 "DOA9";
    .port_info 49 /OUTPUT 1 "DOA8";
    .port_info 50 /OUTPUT 1 "DOA7";
    .port_info 51 /OUTPUT 1 "DOA6";
    .port_info 52 /OUTPUT 1 "DOA5";
    .port_info 53 /OUTPUT 1 "DOA4";
    .port_info 54 /OUTPUT 1 "DOA3";
    .port_info 55 /OUTPUT 1 "DOA2";
    .port_info 56 /OUTPUT 1 "DOA1";
    .port_info 57 /OUTPUT 1 "DOA0";
    .port_info 58 /INPUT 1 "DIB17";
    .port_info 59 /INPUT 1 "DIB16";
    .port_info 60 /INPUT 1 "DIB15";
    .port_info 61 /INPUT 1 "DIB14";
    .port_info 62 /INPUT 1 "DIB13";
    .port_info 63 /INPUT 1 "DIB12";
    .port_info 64 /INPUT 1 "DIB11";
    .port_info 65 /INPUT 1 "DIB10";
    .port_info 66 /INPUT 1 "DIB9";
    .port_info 67 /INPUT 1 "DIB8";
    .port_info 68 /INPUT 1 "DIB7";
    .port_info 69 /INPUT 1 "DIB6";
    .port_info 70 /INPUT 1 "DIB5";
    .port_info 71 /INPUT 1 "DIB4";
    .port_info 72 /INPUT 1 "DIB3";
    .port_info 73 /INPUT 1 "DIB2";
    .port_info 74 /INPUT 1 "DIB1";
    .port_info 75 /INPUT 1 "DIB0";
    .port_info 76 /INPUT 1 "ADB13";
    .port_info 77 /INPUT 1 "ADB12";
    .port_info 78 /INPUT 1 "ADB11";
    .port_info 79 /INPUT 1 "ADB10";
    .port_info 80 /INPUT 1 "ADB9";
    .port_info 81 /INPUT 1 "ADB8";
    .port_info 82 /INPUT 1 "ADB7";
    .port_info 83 /INPUT 1 "ADB6";
    .port_info 84 /INPUT 1 "ADB5";
    .port_info 85 /INPUT 1 "ADB4";
    .port_info 86 /INPUT 1 "ADB3";
    .port_info 87 /INPUT 1 "ADB2";
    .port_info 88 /INPUT 1 "ADB1";
    .port_info 89 /INPUT 1 "ADB0";
    .port_info 90 /INPUT 1 "CEB";
    .port_info 91 /INPUT 1 "OCEB";
    .port_info 92 /INPUT 1 "CLKB";
    .port_info 93 /INPUT 1 "WEB";
    .port_info 94 /INPUT 1 "RSTB";
    .port_info 95 /INPUT 1 "CSB2";
    .port_info 96 /INPUT 1 "CSB1";
    .port_info 97 /INPUT 1 "CSB0";
    .port_info 98 /OUTPUT 1 "DOB17";
    .port_info 99 /OUTPUT 1 "DOB16";
    .port_info 100 /OUTPUT 1 "DOB15";
    .port_info 101 /OUTPUT 1 "DOB14";
    .port_info 102 /OUTPUT 1 "DOB13";
    .port_info 103 /OUTPUT 1 "DOB12";
    .port_info 104 /OUTPUT 1 "DOB11";
    .port_info 105 /OUTPUT 1 "DOB10";
    .port_info 106 /OUTPUT 1 "DOB9";
    .port_info 107 /OUTPUT 1 "DOB8";
    .port_info 108 /OUTPUT 1 "DOB7";
    .port_info 109 /OUTPUT 1 "DOB6";
    .port_info 110 /OUTPUT 1 "DOB5";
    .port_info 111 /OUTPUT 1 "DOB4";
    .port_info 112 /OUTPUT 1 "DOB3";
    .port_info 113 /OUTPUT 1 "DOB2";
    .port_info 114 /OUTPUT 1 "DOB1";
    .port_info 115 /OUTPUT 1 "DOB0";
P_0000000005fdf680 .param/str "ADA0MUX" 0 2 661, "ADA0";
P_0000000005fdf6b8 .param/str "ADA10MUX" 0 2 651, "ADA10";
P_0000000005fdf6f0 .param/str "ADA11MUX" 0 2 650, "ADA11";
P_0000000005fdf728 .param/str "ADA12MUX" 0 2 649, "ADA12";
P_0000000005fdf760 .param/str "ADA13MUX" 0 2 648, "ADA13";
P_0000000005fdf798 .param/str "ADA1MUX" 0 2 660, "ADA1";
P_0000000005fdf7d0 .param/str "ADA2MUX" 0 2 659, "ADA2";
P_0000000005fdf808 .param/str "ADA3MUX" 0 2 658, "ADA3";
P_0000000005fdf840 .param/str "ADA4MUX" 0 2 657, "ADA4";
P_0000000005fdf878 .param/str "ADA5MUX" 0 2 656, "ADA5";
P_0000000005fdf8b0 .param/str "ADA6MUX" 0 2 655, "ADA6";
P_0000000005fdf8e8 .param/str "ADA7MUX" 0 2 654, "ADA7";
P_0000000005fdf920 .param/str "ADA8MUX" 0 2 653, "ADA8";
P_0000000005fdf958 .param/str "ADA9MUX" 0 2 652, "ADA9";
P_0000000005fdf990 .param/str "ADB0MUX" 0 2 719, "ADB0";
P_0000000005fdf9c8 .param/str "ADB10MUX" 0 2 709, "ADB10";
P_0000000005fdfa00 .param/str "ADB11MUX" 0 2 708, "ADB11";
P_0000000005fdfa38 .param/str "ADB12MUX" 0 2 707, "ADB12";
P_0000000005fdfa70 .param/str "ADB13MUX" 0 2 706, "ADB13";
P_0000000005fdfaa8 .param/str "ADB1MUX" 0 2 718, "ADB1";
P_0000000005fdfae0 .param/str "ADB2MUX" 0 2 717, "ADB2";
P_0000000005fdfb18 .param/str "ADB3MUX" 0 2 716, "ADB3";
P_0000000005fdfb50 .param/str "ADB4MUX" 0 2 715, "ADB4";
P_0000000005fdfb88 .param/str "ADB5MUX" 0 2 714, "ADB5";
P_0000000005fdfbc0 .param/str "ADB6MUX" 0 2 713, "ADB6";
P_0000000005fdfbf8 .param/str "ADB7MUX" 0 2 712, "ADB7";
P_0000000005fdfc30 .param/str "ADB8MUX" 0 2 711, "ADB8";
P_0000000005fdfc68 .param/str "ADB9MUX" 0 2 710, "ADB9";
P_0000000005fdfca0 .param/str "ASYNC_RESET_RELEASE" 0 2 622, "SYNC";
P_0000000005fdfcd8 .param/str "CEAMUX" 0 2 662, "CEA";
P_0000000005fdfd10 .param/str "CEBMUX" 0 2 720, "CEB";
P_0000000005fdfd48 .param/str "CLKAMUX" 0 2 664, "CLKA";
P_0000000005fdfd80 .param/str "CLKBMUX" 0 2 722, "CLKB";
P_0000000005fdfdb8 .param/str "CSA0MUX" 0 2 669, "CSA0";
P_0000000005fdfdf0 .param/str "CSA1MUX" 0 2 668, "CSA1";
P_0000000005fdfe28 .param/str "CSA2MUX" 0 2 667, "CSA2";
P_0000000005fdfe60 .param/str "CSB0MUX" 0 2 727, "CSB0";
P_0000000005fdfe98 .param/str "CSB1MUX" 0 2 726, "CSB1";
P_0000000005fdfed0 .param/str "CSB2MUX" 0 2 725, "CSB2";
P_0000000005fdff08 .param/str "CSDECODE_A" 0 2 624, "0b000";
P_0000000005fdff40 .param/str "CSDECODE_B" 0 2 625, "0b000";
P_0000000005fdff78 .param/l "DATA_WIDTH_A" 0 2 615, +C4<00000000000000000000000000010010>;
P_0000000005fdffb0 .param/l "DATA_WIDTH_B" 0 2 616, +C4<00000000000000000000000000010010>;
P_0000000005fdffe8 .param/str "DIA0MUX" 0 2 647, "DIA0";
P_0000000005fe0020 .param/str "DIA10MUX" 0 2 637, "DIA10";
P_0000000005fe0058 .param/str "DIA11MUX" 0 2 636, "DIA11";
P_0000000005fe0090 .param/str "DIA12MUX" 0 2 635, "DIA12";
P_0000000005fe00c8 .param/str "DIA13MUX" 0 2 634, "DIA13";
P_0000000005fe0100 .param/str "DIA14MUX" 0 2 633, "DIA14";
P_0000000005fe0138 .param/str "DIA15MUX" 0 2 632, "DIA15";
P_0000000005fe0170 .param/str "DIA16MUX" 0 2 631, "DIA16";
P_0000000005fe01a8 .param/str "DIA17MUX" 0 2 630, "DIA17";
P_0000000005fe01e0 .param/str "DIA1MUX" 0 2 646, "DIA1";
P_0000000005fe0218 .param/str "DIA2MUX" 0 2 645, "DIA2";
P_0000000005fe0250 .param/str "DIA3MUX" 0 2 644, "DIA3";
P_0000000005fe0288 .param/str "DIA4MUX" 0 2 643, "DIA4";
P_0000000005fe02c0 .param/str "DIA5MUX" 0 2 642, "DIA5";
P_0000000005fe02f8 .param/str "DIA6MUX" 0 2 641, "DIA6";
P_0000000005fe0330 .param/str "DIA7MUX" 0 2 640, "DIA7";
P_0000000005fe0368 .param/str "DIA8MUX" 0 2 639, "DIA8";
P_0000000005fe03a0 .param/str "DIA9MUX" 0 2 638, "DIA9";
P_0000000005fe03d8 .param/str "DIB0MUX" 0 2 705, "DIB0";
P_0000000005fe0410 .param/str "DIB10MUX" 0 2 695, "DIB10";
P_0000000005fe0448 .param/str "DIB11MUX" 0 2 694, "DIB11";
P_0000000005fe0480 .param/str "DIB12MUX" 0 2 693, "DIB12";
P_0000000005fe04b8 .param/str "DIB13MUX" 0 2 692, "DIB13";
P_0000000005fe04f0 .param/str "DIB14MUX" 0 2 691, "DIB14";
P_0000000005fe0528 .param/str "DIB15MUX" 0 2 690, "DIB15";
P_0000000005fe0560 .param/str "DIB16MUX" 0 2 689, "DIB16";
P_0000000005fe0598 .param/str "DIB17MUX" 0 2 688, "DIB17";
P_0000000005fe05d0 .param/str "DIB1MUX" 0 2 704, "DIB1";
P_0000000005fe0608 .param/str "DIB2MUX" 0 2 703, "DIB2";
P_0000000005fe0640 .param/str "DIB3MUX" 0 2 702, "DIB3";
P_0000000005fe0678 .param/str "DIB4MUX" 0 2 701, "DIB4";
P_0000000005fe06b0 .param/str "DIB5MUX" 0 2 700, "DIB5";
P_0000000005fe06e8 .param/str "DIB6MUX" 0 2 699, "DIB6";
P_0000000005fe0720 .param/str "DIB7MUX" 0 2 698, "DIB7";
P_0000000005fe0758 .param/str "DIB8MUX" 0 2 697, "DIB8";
P_0000000005fe0790 .param/str "DIB9MUX" 0 2 696, "DIB9";
P_0000000005fe07c8 .param/str "DOA0MUX" 0 2 687, "DOA0";
P_0000000005fe0800 .param/str "DOA10MUX" 0 2 677, "DOA10";
P_0000000005fe0838 .param/str "DOA11MUX" 0 2 676, "DOA11";
P_0000000005fe0870 .param/str "DOA12MUX" 0 2 675, "DOA12";
P_0000000005fe08a8 .param/str "DOA13MUX" 0 2 674, "DOA13";
P_0000000005fe08e0 .param/str "DOA14MUX" 0 2 673, "DOA14";
P_0000000005fe0918 .param/str "DOA15MUX" 0 2 672, "DOA15";
P_0000000005fe0950 .param/str "DOA16MUX" 0 2 671, "DOA16";
P_0000000005fe0988 .param/str "DOA17MUX" 0 2 670, "DOA17";
P_0000000005fe09c0 .param/str "DOA1MUX" 0 2 686, "DOA1";
P_0000000005fe09f8 .param/str "DOA2MUX" 0 2 685, "DOA2";
P_0000000005fe0a30 .param/str "DOA3MUX" 0 2 684, "DOA3";
P_0000000005fe0a68 .param/str "DOA4MUX" 0 2 683, "DOA4";
P_0000000005fe0aa0 .param/str "DOA5MUX" 0 2 682, "DOA5";
P_0000000005fe0ad8 .param/str "DOA6MUX" 0 2 681, "DOA6";
P_0000000005fe0b10 .param/str "DOA7MUX" 0 2 680, "DOA7";
P_0000000005fe0b48 .param/str "DOA8MUX" 0 2 679, "DOA8";
P_0000000005fe0b80 .param/str "DOA9MUX" 0 2 678, "DOA9";
P_0000000005fe0bb8 .param/str "DOB0MUX" 0 2 745, "DOB0";
P_0000000005fe0bf0 .param/str "DOB10MUX" 0 2 735, "DOB10";
P_0000000005fe0c28 .param/str "DOB11MUX" 0 2 734, "DOB11";
P_0000000005fe0c60 .param/str "DOB12MUX" 0 2 733, "DOB12";
P_0000000005fe0c98 .param/str "DOB13MUX" 0 2 732, "DOB13";
P_0000000005fe0cd0 .param/str "DOB14MUX" 0 2 731, "DOB14";
P_0000000005fe0d08 .param/str "DOB15MUX" 0 2 730, "DOB15";
P_0000000005fe0d40 .param/str "DOB16MUX" 0 2 729, "DOB16";
P_0000000005fe0d78 .param/str "DOB17MUX" 0 2 728, "DOB17";
P_0000000005fe0db0 .param/str "DOB1MUX" 0 2 744, "DOB1";
P_0000000005fe0de8 .param/str "DOB2MUX" 0 2 743, "DOB2";
P_0000000005fe0e20 .param/str "DOB3MUX" 0 2 742, "DOB3";
P_0000000005fe0e58 .param/str "DOB4MUX" 0 2 741, "DOB4";
P_0000000005fe0e90 .param/str "DOB5MUX" 0 2 740, "DOB5";
P_0000000005fe0ec8 .param/str "DOB6MUX" 0 2 739, "DOB6";
P_0000000005fe0f00 .param/str "DOB7MUX" 0 2 738, "DOB7";
P_0000000005fe0f38 .param/str "DOB8MUX" 0 2 737, "DOB8";
P_0000000005fe0f70 .param/str "DOB9MUX" 0 2 736, "DOB9";
P_0000000005fe0fa8 .param/str "GSR" 0 2 749, "ENABLED";
P_0000000005fe0fe0 .param/l "INITVAL_00" 0 2 751, C4<00000000000000000000000000000000000000000000000000000000000000000000000000000000000000000000000000000000000000000000000000000000000000000000000000000000000000000000000000000000000000000000000000000000000000000000000000000000000000000000000000000000000000000000000000000000000000000000000000000000000000000000000000000000>;
P_0000000005fe1018 .param/l "INITVAL_01" 0 2 752, C4<00000000000000000000000000000000000000000000000000000000000000000000000000000000000000000000000000000000000000000000000000000000000000000000000000000000000000000000000000000000000000000000000000000000000000000000000000000000000000000000000000000000000000000000000000000000000000000000000000000000000000000000000000000000>;
P_0000000005fe1050 .param/l "INITVAL_02" 0 2 753, C4<00000000000000000000000000000000000000000000000000000000000000000000000000000000000000000000000000000000000000000000000000000000000000000000000000000000000000000000000000000000000000000000000000000000000000000000000000000000000000000000000000000000000000000000000000000000000000000000000000000000000000000000000000000000>;
P_0000000005fe1088 .param/l "INITVAL_03" 0 2 754, C4<00000000000000000000000000000000000000000000000000000000000000000000000000000000000000000000000000000000000000000000000000000000000000000000000000000000000000000000000000000000000000000000000000000000000000000000000000000000000000000000000000000000000000000000000000000000000000000000000000000000000000000000000000000000>;
P_0000000005fe10c0 .param/l "INITVAL_04" 0 2 755, C4<00000000000000000000000000000000000000000000000000000000000000000000000000000000000000000000000000000000000000000000000000000000000000000000000000000000000000000000000000000000000000000000000000000000000000000000000000000000000000000000000000000000000000000000000000000000000000000000000000000000000000000000000000000000>;
P_0000000005fe10f8 .param/l "INITVAL_05" 0 2 756, C4<00000000000000000000000000000000000000000000000000000000000000000000000000000000000000000000000000000000000000000000000000000000000000000000000000000000000000000000000000000000000000000000000000000000000000000000000000000000000000000000000000000000000000000000000000000000000000000000000000000000000000000000000000000000>;
P_0000000005fe1130 .param/l "INITVAL_06" 0 2 757, C4<00000000000000000000000000000000000000000000000000000000000000000000000000000000000000000000000000000000000000000000000000000000000000000000000000000000000000000000000000000000000000000000000000000000000000000000000000000000000000000000000000000000000000000000000000000000000000000000000000000000000000000000000000000000>;
P_0000000005fe1168 .param/l "INITVAL_07" 0 2 758, C4<00000000000000000000000000000000000000000000000000000000000000000000000000000000000000000000000000000000000000000000000000000000000000000000000000000000000000000000000000000000000000000000000000000000000000000000000000000000000000000000000000000000000000000000000000000000000000000000000000000000000000000000000000000000>;
P_0000000005fe11a0 .param/l "INITVAL_08" 0 2 759, C4<00000000000000000000000000000000000000000000000000000000000000000000000000000000000000000000000000000000000000000000000000000000000000000000000000000000000000000000000000000000000000000000000000000000000000000000000000000000000000000000000000000000000000000000000000000000000000000000000000000000000000000000000000000000>;
P_0000000005fe11d8 .param/l "INITVAL_09" 0 2 760, C4<00000000000000000000000000000000000000000000000000000000000000000000000000000000000000000000000000000000000000000000000000000000000000000000000000000000000000000000000000000000000000000000000000000000000000000000000000000000000000000000000000000000000000000000000000000000000000000000000000000000000000000000000000000000>;
P_0000000005fe1210 .param/l "INITVAL_0A" 0 2 761, C4<00000000000000000000000000000000000000000000000000000000000000000000000000000000000000000000000000000000000000000000000000000000000000000000000000000000000000000000000000000000000000000000000000000000000000000000000000000000000000000000000000000000000000000000000000000000000000000000000000000000000000000000000000000000>;
P_0000000005fe1248 .param/l "INITVAL_0B" 0 2 762, C4<00000000000000000000000000000000000000000000000000000000000000000000000000000000000000000000000000000000000000000000000000000000000000000000000000000000000000000000000000000000000000000000000000000000000000000000000000000000000000000000000000000000000000000000000000000000000000000000000000000000000000000000000000000000>;
P_0000000005fe1280 .param/l "INITVAL_0C" 0 2 763, C4<00000000000000000000000000000000000000000000000000000000000000000000000000000000000000000000000000000000000000000000000000000000000000000000000000000000000000000000000000000000000000000000000000000000000000000000000000000000000000000000000000000000000000000000000000000000000000000000000000000000000000000000000000000000>;
P_0000000005fe12b8 .param/l "INITVAL_0D" 0 2 764, C4<00000000000000000000000000000000000000000000000000000000000000000000000000000000000000000000000000000000000000000000000000000000000000000000000000000000000000000000000000000000000000000000000000000000000000000000000000000000000000000000000000000000000000000000000000000000000000000000000000000000000000000000000000000000>;
P_0000000005fe12f0 .param/l "INITVAL_0E" 0 2 765, C4<00000000000000000000000000000000000000000000000000000000000000000000000000000000000000000000000000000000000000000000000000000000000000000000000000000000000000000000000000000000000000000000000000000000000000000000000000000000000000000000000000000000000000000000000000000000000000000000000000000000000000000000000000000000>;
P_0000000005fe1328 .param/l "INITVAL_0F" 0 2 766, C4<00000000000000000000000000000000000000000000000000000000000000000000000000000000000000000000000000000000000000000000000000000000000000000000000000000000000000000000000000000000000000000000000000000000000000000000000000000000000000000000000000000000000000000000000000000000000000000000000000000000000000000000000000000000>;
P_0000000005fe1360 .param/l "INITVAL_10" 0 2 767, C4<00000000000000000000000000000000000000000000000000000000000000000000000000000000000000000000000000000000000000000000000000000000000000000000000000000000000000000000000000000000000000000000000000000000000000000000000000000000000000000000000000000000000000000000000000000000000000000000000000000000000000000000000000000000>;
P_0000000005fe1398 .param/l "INITVAL_11" 0 2 768, C4<00000000000000000000000000000000000000000000000000000000000000000000000000000000000000000000000000000000000000000000000000000000000000000000000000000000000000000000000000000000000000000000000000000000000000000000000000000000000000000000000000000000000000000000000000000000000000000000000000000000000000000000000000000000>;
P_0000000005fe13d0 .param/l "INITVAL_12" 0 2 769, C4<00000000000000000000000000000000000000000000000000000000000000000000000000000000000000000000000000000000000000000000000000000000000000000000000000000000000000000000000000000000000000000000000000000000000000000000000000000000000000000000000000000000000000000000000000000000000000000000000000000000000000000000000000000000>;
P_0000000005fe1408 .param/l "INITVAL_13" 0 2 770, C4<00000000000000000000000000000000000000000000000000000000000000000000000000000000000000000000000000000000000000000000000000000000000000000000000000000000000000000000000000000000000000000000000000000000000000000000000000000000000000000000000000000000000000000000000000000000000000000000000000000000000000000000000000000000>;
P_0000000005fe1440 .param/l "INITVAL_14" 0 2 771, C4<00000000000000000000000000000000000000000000000000000000000000000000000000000000000000000000000000000000000000000000000000000000000000000000000000000000000000000000000000000000000000000000000000000000000000000000000000000000000000000000000000000000000000000000000000000000000000000000000000000000000000000000000000000000>;
P_0000000005fe1478 .param/l "INITVAL_15" 0 2 772, C4<00000000000000000000000000000000000000000000000000000000000000000000000000000000000000000000000000000000000000000000000000000000000000000000000000000000000000000000000000000000000000000000000000000000000000000000000000000000000000000000000000000000000000000000000000000000000000000000000000000000000000000000000000000000>;
P_0000000005fe14b0 .param/l "INITVAL_16" 0 2 773, C4<00000000000000000000000000000000000000000000000000000000000000000000000000000000000000000000000000000000000000000000000000000000000000000000000000000000000000000000000000000000000000000000000000000000000000000000000000000000000000000000000000000000000000000000000000000000000000000000000000000000000000000000000000000000>;
P_0000000005fe14e8 .param/l "INITVAL_17" 0 2 774, C4<00000000000000000000000000000000000000000000000000000000000000000000000000000000000000000000000000000000000000000000000000000000000000000000000000000000000000000000000000000000000000000000000000000000000000000000000000000000000000000000000000000000000000000000000000000000000000000000000000000000000000000000000000000000>;
P_0000000005fe1520 .param/l "INITVAL_18" 0 2 775, C4<00000000000000000000000000000000000000000000000000000000000000000000000000000000000000000000000000000000000000000000000000000000000000000000000000000000000000000000000000000000000000000000000000000000000000000000000000000000000000000000000000000000000000000000000000000000000000000000000000000000000000000000000000000000>;
P_0000000005fe1558 .param/l "INITVAL_19" 0 2 776, C4<00000000000000000000000000000000000000000000000000000000000000000000000000000000000000000000000000000000000000000000000000000000000000000000000000000000000000000000000000000000000000000000000000000000000000000000000000000000000000000000000000000000000000000000000000000000000000000000000000000000000000000000000000000000>;
P_0000000005fe1590 .param/l "INITVAL_1A" 0 2 777, C4<00000000000000000000000000000000000000000000000000000000000000000000000000000000000000000000000000000000000000000000000000000000000000000000000000000000000000000000000000000000000000000000000000000000000000000000000000000000000000000000000000000000000000000000000000000000000000000000000000000000000000000000000000000000>;
P_0000000005fe15c8 .param/l "INITVAL_1B" 0 2 778, C4<00000000000000000000000000000000000000000000000000000000000000000000000000000000000000000000000000000000000000000000000000000000000000000000000000000000000000000000000000000000000000000000000000000000000000000000000000000000000000000000000000000000000000000000000000000000000000000000000000000000000000000000000000000000>;
P_0000000005fe1600 .param/l "INITVAL_1C" 0 2 779, C4<00000000000000000000000000000000000000000000000000000000000000000000000000000000000000000000000000000000000000000000000000000000000000000000000000000000000000000000000000000000000000000000000000000000000000000000000000000000000000000000000000000000000000000000000000000000000000000000000000000000000000000000000000000000>;
P_0000000005fe1638 .param/l "INITVAL_1D" 0 2 780, C4<00000000000000000000000000000000000000000000000000000000000000000000000000000000000000000000000000000000000000000000000000000000000000000000000000000000000000000000000000000000000000000000000000000000000000000000000000000000000000000000000000000000000000000000000000000000000000000000000000000000000000000000000000000000>;
P_0000000005fe1670 .param/l "INITVAL_1E" 0 2 781, C4<00000000000000000000000000000000000000000000000000000000000000000000000000000000000000000000000000000000000000000000000000000000000000000000000000000000000000000000000000000000000000000000000000000000000000000000000000000000000000000000000000000000000000000000000000000000000000000000000000000000000000000000000000000000>;
P_0000000005fe16a8 .param/l "INITVAL_1F" 0 2 782, C4<00000000000000000000000000000000000000000000000000000000000000000000000000000000000000000000000000000000000000000000000000000000000000000000000000000000000000000000000000000000000000000000000000000000000000000000000000000000000000000000000000000000000000000000000000000000000000000000000000000000000000000000000000000000>;
P_0000000005fe16e0 .param/l "INITVAL_20" 0 2 783, C4<00000000000000000000000000000000000000000000000000000000000000000000000000000000000000000000000000000000000000000000000000000000000000000000000000000000000000000000000000000000000000000000000000000000000000000000000000000000000000000000000000000000000000000000000000000000000000000000000000000000000000000000000000000000>;
P_0000000005fe1718 .param/l "INITVAL_21" 0 2 784, C4<00000000000000000000000000000000000000000000000000000000000000000000000000000000000000000000000000000000000000000000000000000000000000000000000000000000000000000000000000000000000000000000000000000000000000000000000000000000000000000000000000000000000000000000000000000000000000000000000000000000000000000000000000000000>;
P_0000000005fe1750 .param/l "INITVAL_22" 0 2 785, C4<00000000000000000000000000000000000000000000000000000000000000000000000000000000000000000000000000000000000000000000000000000000000000000000000000000000000000000000000000000000000000000000000000000000000000000000000000000000000000000000000000000000000000000000000000000000000000000000000000000000000000000000000000000000>;
P_0000000005fe1788 .param/l "INITVAL_23" 0 2 786, C4<00000000000000000000000000000000000000000000000000000000000000000000000000000000000000000000000000000000000000000000000000000000000000000000000000000000000000000000000000000000000000000000000000000000000000000000000000000000000000000000000000000000000000000000000000000000000000000000000000000000000000000000000000000000>;
P_0000000005fe17c0 .param/l "INITVAL_24" 0 2 787, C4<00000000000000000000000000000000000000000000000000000000000000000000000000000000000000000000000000000000000000000000000000000000000000000000000000000000000000000000000000000000000000000000000000000000000000000000000000000000000000000000000000000000000000000000000000000000000000000000000000000000000000000000000000000000>;
P_0000000005fe17f8 .param/l "INITVAL_25" 0 2 788, C4<00000000000000000000000000000000000000000000000000000000000000000000000000000000000000000000000000000000000000000000000000000000000000000000000000000000000000000000000000000000000000000000000000000000000000000000000000000000000000000000000000000000000000000000000000000000000000000000000000000000000000000000000000000000>;
P_0000000005fe1830 .param/l "INITVAL_26" 0 2 789, C4<00000000000000000000000000000000000000000000000000000000000000000000000000000000000000000000000000000000000000000000000000000000000000000000000000000000000000000000000000000000000000000000000000000000000000000000000000000000000000000000000000000000000000000000000000000000000000000000000000000000000000000000000000000000>;
P_0000000005fe1868 .param/l "INITVAL_27" 0 2 790, C4<00000000000000000000000000000000000000000000000000000000000000000000000000000000000000000000000000000000000000000000000000000000000000000000000000000000000000000000000000000000000000000000000000000000000000000000000000000000000000000000000000000000000000000000000000000000000000000000000000000000000000000000000000000000>;
P_0000000005fe18a0 .param/l "INITVAL_28" 0 2 791, C4<00000000000000000000000000000000000000000000000000000000000000000000000000000000000000000000000000000000000000000000000000000000000000000000000000000000000000000000000000000000000000000000000000000000000000000000000000000000000000000000000000000000000000000000000000000000000000000000000000000000000000000000000000000000>;
P_0000000005fe18d8 .param/l "INITVAL_29" 0 2 792, C4<00000000000000000000000000000000000000000000000000000000000000000000000000000000000000000000000000000000000000000000000000000000000000000000000000000000000000000000000000000000000000000000000000000000000000000000000000000000000000000000000000000000000000000000000000000000000000000000000000000000000000000000000000000000>;
P_0000000005fe1910 .param/l "INITVAL_2A" 0 2 793, C4<00000000000000000000000000000000000000000000000000000000000000000000000000000000000000000000000000000000000000000000000000000000000000000000000000000000000000000000000000000000000000000000000000000000000000000000000000000000000000000000000000000000000000000000000000000000000000000000000000000000000000000000000000000000>;
P_0000000005fe1948 .param/l "INITVAL_2B" 0 2 794, C4<00000000000000000000000000000000000000000000000000000000000000000000000000000000000000000000000000000000000000000000000000000000000000000000000000000000000000000000000000000000000000000000000000000000000000000000000000000000000000000000000000000000000000000000000000000000000000000000000000000000000000000000000000000000>;
P_0000000005fe1980 .param/l "INITVAL_2C" 0 2 795, C4<00000000000000000000000000000000000000000000000000000000000000000000000000000000000000000000000000000000000000000000000000000000000000000000000000000000000000000000000000000000000000000000000000000000000000000000000000000000000000000000000000000000000000000000000000000000000000000000000000000000000000000000000000000000>;
P_0000000005fe19b8 .param/l "INITVAL_2D" 0 2 796, C4<00000000000000000000000000000000000000000000000000000000000000000000000000000000000000000000000000000000000000000000000000000000000000000000000000000000000000000000000000000000000000000000000000000000000000000000000000000000000000000000000000000000000000000000000000000000000000000000000000000000000000000000000000000000>;
P_0000000005fe19f0 .param/l "INITVAL_2E" 0 2 797, C4<00000000000000000000000000000000000000000000000000000000000000000000000000000000000000000000000000000000000000000000000000000000000000000000000000000000000000000000000000000000000000000000000000000000000000000000000000000000000000000000000000000000000000000000000000000000000000000000000000000000000000000000000000000000>;
P_0000000005fe1a28 .param/l "INITVAL_2F" 0 2 798, C4<00000000000000000000000000000000000000000000000000000000000000000000000000000000000000000000000000000000000000000000000000000000000000000000000000000000000000000000000000000000000000000000000000000000000000000000000000000000000000000000000000000000000000000000000000000000000000000000000000000000000000000000000000000000>;
P_0000000005fe1a60 .param/l "INITVAL_30" 0 2 799, C4<00000000000000000000000000000000000000000000000000000000000000000000000000000000000000000000000000000000000000000000000000000000000000000000000000000000000000000000000000000000000000000000000000000000000000000000000000000000000000000000000000000000000000000000000000000000000000000000000000000000000000000000000000000000>;
P_0000000005fe1a98 .param/l "INITVAL_31" 0 2 800, C4<00000000000000000000000000000000000000000000000000000000000000000000000000000000000000000000000000000000000000000000000000000000000000000000000000000000000000000000000000000000000000000000000000000000000000000000000000000000000000000000000000000000000000000000000000000000000000000000000000000000000000000000000000000000>;
P_0000000005fe1ad0 .param/l "INITVAL_32" 0 2 801, C4<00000000000000000000000000000000000000000000000000000000000000000000000000000000000000000000000000000000000000000000000000000000000000000000000000000000000000000000000000000000000000000000000000000000000000000000000000000000000000000000000000000000000000000000000000000000000000000000000000000000000000000000000000000000>;
P_0000000005fe1b08 .param/l "INITVAL_33" 0 2 802, C4<00000000000000000000000000000000000000000000000000000000000000000000000000000000000000000000000000000000000000000000000000000000000000000000000000000000000000000000000000000000000000000000000000000000000000000000000000000000000000000000000000000000000000000000000000000000000000000000000000000000000000000000000000000000>;
P_0000000005fe1b40 .param/l "INITVAL_34" 0 2 803, C4<00000000000000000000000000000000000000000000000000000000000000000000000000000000000000000000000000000000000000000000000000000000000000000000000000000000000000000000000000000000000000000000000000000000000000000000000000000000000000000000000000000000000000000000000000000000000000000000000000000000000000000000000000000000>;
P_0000000005fe1b78 .param/l "INITVAL_35" 0 2 804, C4<00000000000000000000000000000000000000000000000000000000000000000000000000000000000000000000000000000000000000000000000000000000000000000000000000000000000000000000000000000000000000000000000000000000000000000000000000000000000000000000000000000000000000000000000000000000000000000000000000000000000000000000000000000000>;
P_0000000005fe1bb0 .param/l "INITVAL_36" 0 2 805, C4<00000000000000000000000000000000000000000000000000000000000000000000000000000000000000000000000000000000000000000000000000000000000000000000000000000000000000000000000000000000000000000000000000000000000000000000000000000000000000000000000000000000000000000000000000000000000000000000000000000000000000000000000000000000>;
P_0000000005fe1be8 .param/l "INITVAL_37" 0 2 806, C4<00000000000000000000000000000000000000000000000000000000000000000000000000000000000000000000000000000000000000000000000000000000000000000000000000000000000000000000000000000000000000000000000000000000000000000000000000000000000000000000000000000000000000000000000000000000000000000000000000000000000000000000000000000000>;
P_0000000005fe1c20 .param/l "INITVAL_38" 0 2 807, C4<00000000000000000000000000000000000000000000000000000000000000000000000000000000000000000000000000000000000000000000000000000000000000000000000000000000000000000000000000000000000000000000000000000000000000000000000000000000000000000000000000000000000000000000000000000000000000000000000000000000000000000000000000000000>;
P_0000000005fe1c58 .param/l "INITVAL_39" 0 2 808, C4<00000000000000000000000000000000000000000000000000000000000000000000000000000000000000000000000000000000000000000000000000000000000000000000000000000000000000000000000000000000000000000000000000000000000000000000000000000000000000000000000000000000000000000000000000000000000000000000000000000000000000000000000000000000>;
P_0000000005fe1c90 .param/l "INITVAL_3A" 0 2 809, C4<00000000000000000000000000000000000000000000000000000000000000000000000000000000000000000000000000000000000000000000000000000000000000000000000000000000000000000000000000000000000000000000000000000000000000000000000000000000000000000000000000000000000000000000000000000000000000000000000000000000000000000000000000000000>;
P_0000000005fe1cc8 .param/l "INITVAL_3B" 0 2 810, C4<00000000000000000000000000000000000000000000000000000000000000000000000000000000000000000000000000000000000000000000000000000000000000000000000000000000000000000000000000000000000000000000000000000000000000000000000000000000000000000000000000000000000000000000000000000000000000000000000000000000000000000000000000000000>;
P_0000000005fe1d00 .param/l "INITVAL_3C" 0 2 811, C4<00000000000000000000000000000000000000000000000000000000000000000000000000000000000000000000000000000000000000000000000000000000000000000000000000000000000000000000000000000000000000000000000000000000000000000000000000000000000000000000000000000000000000000000000000000000000000000000000000000000000000000000000000000000>;
P_0000000005fe1d38 .param/l "INITVAL_3D" 0 2 812, C4<00000000000000000000000000000000000000000000000000000000000000000000000000000000000000000000000000000000000000000000000000000000000000000000000000000000000000000000000000000000000000000000000000000000000000000000000000000000000000000000000000000000000000000000000000000000000000000000000000000000000000000000000000000000>;
P_0000000005fe1d70 .param/l "INITVAL_3E" 0 2 813, C4<00000000000000000000000000000000000000000000000000000000000000000000000000000000000000000000000000000000000000000000000000000000000000000000000000000000000000000000000000000000000000000000000000000000000000000000000000000000000000000000000000000000000000000000000000000000000000000000000000000000000000000000000000000000>;
P_0000000005fe1da8 .param/l "INITVAL_3F" 0 2 814, C4<00000000000000000000000000000000000000000000000000000000000000000000000000000000000000000000000000000000000000000000000000000000000000000000000000000000000000000000000000000000000000000000000000000000000000000000000000000000000000000000000000000000000000000000000000000000000000000000000000000000000000000000000000000000>;
P_0000000005fe1de0 .param/str "OCEAMUX" 0 2 663, "OCEA";
P_0000000005fe1e18 .param/str "OCEBMUX" 0 2 721, "OCEB";
P_0000000005fe1e50 .param/str "REGMODE_A" 0 2 618, "NOREG";
P_0000000005fe1e88 .param/str "REGMODE_B" 0 2 619, "NOREG";
P_0000000005fe1ec0 .param/str "RESETMODE" 0 2 621, "SYNC";
P_0000000005fe1ef8 .param/str "RSTAMUX" 0 2 666, "RSTA";
P_0000000005fe1f30 .param/str "RSTBMUX" 0 2 724, "RSTB";
P_0000000005fe1f68 .param/str "WEAMUX" 0 2 665, "WEA";
P_0000000005fe1fa0 .param/str "WEBMUX" 0 2 723, "WEB";
P_0000000005fe1fd8 .param/l "WID" 0 2 747, +C4<00000000000000000000000000000000>;
P_0000000005fe2010 .param/str "WRITEMODE_A" 0 2 627, "NORMAL";
P_0000000005fe2048 .param/str "WRITEMODE_B" 0 2 628, "NORMAL";
o0000000005fec5d8 .functor BUFZ 1, C4<z>; HiZ drive
v0000000005fdba00_0 .net "ADA0", 0 0, o0000000005fec5d8;  0 drivers
o0000000005fec608 .functor BUFZ 1, C4<z>; HiZ drive
v0000000005fdb280_0 .net "ADA1", 0 0, o0000000005fec608;  0 drivers
o0000000005fec638 .functor BUFZ 1, C4<z>; HiZ drive
v0000000005fdae20_0 .net "ADA10", 0 0, o0000000005fec638;  0 drivers
o0000000005fec668 .functor BUFZ 1, C4<z>; HiZ drive
v0000000005fdb5a0_0 .net "ADA11", 0 0, o0000000005fec668;  0 drivers
o0000000005fec698 .functor BUFZ 1, C4<z>; HiZ drive
v0000000005fdbd20_0 .net "ADA12", 0 0, o0000000005fec698;  0 drivers
o0000000005fec6c8 .functor BUFZ 1, C4<z>; HiZ drive
v0000000005fdbaa0_0 .net "ADA13", 0 0, o0000000005fec6c8;  0 drivers
o0000000005fec6f8 .functor BUFZ 1, C4<z>; HiZ drive
v0000000005fda7e0_0 .net "ADA2", 0 0, o0000000005fec6f8;  0 drivers
o0000000005fec728 .functor BUFZ 1, C4<z>; HiZ drive
v0000000005fdbdc0_0 .net "ADA3", 0 0, o0000000005fec728;  0 drivers
o0000000005fec758 .functor BUFZ 1, C4<z>; HiZ drive
v0000000005fdbe60_0 .net "ADA4", 0 0, o0000000005fec758;  0 drivers
o0000000005fec788 .functor BUFZ 1, C4<z>; HiZ drive
v0000000005fdb0a0_0 .net "ADA5", 0 0, o0000000005fec788;  0 drivers
o0000000005fec7b8 .functor BUFZ 1, C4<z>; HiZ drive
v0000000005fdbf00_0 .net "ADA6", 0 0, o0000000005fec7b8;  0 drivers
o0000000005fec7e8 .functor BUFZ 1, C4<z>; HiZ drive
v0000000005fdb1e0_0 .net "ADA7", 0 0, o0000000005fec7e8;  0 drivers
o0000000005fec818 .functor BUFZ 1, C4<z>; HiZ drive
v0000000005fdbfa0_0 .net "ADA8", 0 0, o0000000005fec818;  0 drivers
o0000000005fec848 .functor BUFZ 1, C4<z>; HiZ drive
v0000000005fdc040_0 .net "ADA9", 0 0, o0000000005fec848;  0 drivers
o0000000005fec878 .functor BUFZ 1, C4<z>; HiZ drive
v0000000005f24e40_0 .net "ADB0", 0 0, o0000000005fec878;  0 drivers
o0000000005fec8a8 .functor BUFZ 1, C4<z>; HiZ drive
v00000000060456b0_0 .net "ADB1", 0 0, o0000000005fec8a8;  0 drivers
o0000000005fec8d8 .functor BUFZ 1, C4<z>; HiZ drive
v0000000006045750_0 .net "ADB10", 0 0, o0000000005fec8d8;  0 drivers
o0000000005fec908 .functor BUFZ 1, C4<z>; HiZ drive
v0000000006046330_0 .net "ADB11", 0 0, o0000000005fec908;  0 drivers
o0000000005fec938 .functor BUFZ 1, C4<z>; HiZ drive
v0000000006045a70_0 .net "ADB12", 0 0, o0000000005fec938;  0 drivers
o0000000005fec968 .functor BUFZ 1, C4<z>; HiZ drive
v0000000006046d30_0 .net "ADB13", 0 0, o0000000005fec968;  0 drivers
o0000000005fec998 .functor BUFZ 1, C4<z>; HiZ drive
v0000000006045570_0 .net "ADB2", 0 0, o0000000005fec998;  0 drivers
o0000000005fec9c8 .functor BUFZ 1, C4<z>; HiZ drive
v0000000006045110_0 .net "ADB3", 0 0, o0000000005fec9c8;  0 drivers
o0000000005fec9f8 .functor BUFZ 1, C4<z>; HiZ drive
v0000000006045070_0 .net "ADB4", 0 0, o0000000005fec9f8;  0 drivers
o0000000005feca28 .functor BUFZ 1, C4<z>; HiZ drive
v0000000006045250_0 .net "ADB5", 0 0, o0000000005feca28;  0 drivers
o0000000005feca58 .functor BUFZ 1, C4<z>; HiZ drive
v0000000006045430_0 .net "ADB6", 0 0, o0000000005feca58;  0 drivers
o0000000005feca88 .functor BUFZ 1, C4<z>; HiZ drive
v0000000006045ed0_0 .net "ADB7", 0 0, o0000000005feca88;  0 drivers
o0000000005fecab8 .functor BUFZ 1, C4<z>; HiZ drive
v0000000006046830_0 .net "ADB8", 0 0, o0000000005fecab8;  0 drivers
o0000000005fecae8 .functor BUFZ 1, C4<z>; HiZ drive
v0000000006046a10_0 .net "ADB9", 0 0, o0000000005fecae8;  0 drivers
o0000000005fecb18 .functor BUFZ 1, C4<z>; HiZ drive
v0000000006046650_0 .net "CEA", 0 0, o0000000005fecb18;  0 drivers
o0000000005fecb48 .functor BUFZ 1, C4<z>; HiZ drive
v0000000006046f10_0 .net "CEB", 0 0, o0000000005fecb48;  0 drivers
o0000000005fecb78 .functor BUFZ 1, C4<z>; HiZ drive
v00000000060461f0_0 .net "CLKA", 0 0, o0000000005fecb78;  0 drivers
o0000000005fecba8 .functor BUFZ 1, C4<z>; HiZ drive
v0000000006046ab0_0 .net "CLKB", 0 0, o0000000005fecba8;  0 drivers
o0000000005fecbd8 .functor BUFZ 1, C4<z>; HiZ drive
v00000000060465b0_0 .net "CSA0", 0 0, o0000000005fecbd8;  0 drivers
o0000000005fecc08 .functor BUFZ 1, C4<z>; HiZ drive
v00000000060454d0_0 .net "CSA1", 0 0, o0000000005fecc08;  0 drivers
o0000000005fecc38 .functor BUFZ 1, C4<z>; HiZ drive
v0000000006046290_0 .net "CSA2", 0 0, o0000000005fecc38;  0 drivers
o0000000005fecc68 .functor BUFZ 1, C4<z>; HiZ drive
v00000000060466f0_0 .net "CSB0", 0 0, o0000000005fecc68;  0 drivers
o0000000005fecc98 .functor BUFZ 1, C4<z>; HiZ drive
v0000000006046e70_0 .net "CSB1", 0 0, o0000000005fecc98;  0 drivers
o0000000005feccc8 .functor BUFZ 1, C4<z>; HiZ drive
v0000000006046010_0 .net "CSB2", 0 0, o0000000005feccc8;  0 drivers
o0000000005feccf8 .functor BUFZ 1, C4<z>; HiZ drive
v0000000006045610_0 .net "DIA0", 0 0, o0000000005feccf8;  0 drivers
o0000000005fecd28 .functor BUFZ 1, C4<z>; HiZ drive
v0000000006046510_0 .net "DIA1", 0 0, o0000000005fecd28;  0 drivers
o0000000005fecd58 .functor BUFZ 1, C4<z>; HiZ drive
v00000000060451b0_0 .net "DIA10", 0 0, o0000000005fecd58;  0 drivers
o0000000005fecd88 .functor BUFZ 1, C4<z>; HiZ drive
v00000000060457f0_0 .net "DIA11", 0 0, o0000000005fecd88;  0 drivers
o0000000005fecdb8 .functor BUFZ 1, C4<z>; HiZ drive
v0000000006046b50_0 .net "DIA12", 0 0, o0000000005fecdb8;  0 drivers
o0000000005fecde8 .functor BUFZ 1, C4<z>; HiZ drive
v00000000060452f0_0 .net "DIA13", 0 0, o0000000005fecde8;  0 drivers
o0000000005fece18 .functor BUFZ 1, C4<z>; HiZ drive
v00000000060463d0_0 .net "DIA14", 0 0, o0000000005fece18;  0 drivers
o0000000005fece48 .functor BUFZ 1, C4<z>; HiZ drive
v0000000006046790_0 .net "DIA15", 0 0, o0000000005fece48;  0 drivers
o0000000005fece78 .functor BUFZ 1, C4<z>; HiZ drive
v0000000006046dd0_0 .net "DIA16", 0 0, o0000000005fece78;  0 drivers
o0000000005fecea8 .functor BUFZ 1, C4<z>; HiZ drive
v00000000060460b0_0 .net "DIA17", 0 0, o0000000005fecea8;  0 drivers
o0000000005feced8 .functor BUFZ 1, C4<z>; HiZ drive
v00000000060468d0_0 .net "DIA2", 0 0, o0000000005feced8;  0 drivers
o0000000005fecf08 .functor BUFZ 1, C4<z>; HiZ drive
v0000000006045890_0 .net "DIA3", 0 0, o0000000005fecf08;  0 drivers
o0000000005fecf38 .functor BUFZ 1, C4<z>; HiZ drive
v0000000006046470_0 .net "DIA4", 0 0, o0000000005fecf38;  0 drivers
o0000000005fecf68 .functor BUFZ 1, C4<z>; HiZ drive
v0000000006045390_0 .net "DIA5", 0 0, o0000000005fecf68;  0 drivers
o0000000005fecf98 .functor BUFZ 1, C4<z>; HiZ drive
v0000000006045930_0 .net "DIA6", 0 0, o0000000005fecf98;  0 drivers
o0000000005fecfc8 .functor BUFZ 1, C4<z>; HiZ drive
v0000000006046bf0_0 .net "DIA7", 0 0, o0000000005fecfc8;  0 drivers
o0000000005fecff8 .functor BUFZ 1, C4<z>; HiZ drive
v0000000006045b10_0 .net "DIA8", 0 0, o0000000005fecff8;  0 drivers
o0000000005fed028 .functor BUFZ 1, C4<z>; HiZ drive
v0000000006046970_0 .net "DIA9", 0 0, o0000000005fed028;  0 drivers
o0000000005fed058 .functor BUFZ 1, C4<z>; HiZ drive
v00000000060459d0_0 .net "DIB0", 0 0, o0000000005fed058;  0 drivers
o0000000005fed088 .functor BUFZ 1, C4<z>; HiZ drive
v0000000006045bb0_0 .net "DIB1", 0 0, o0000000005fed088;  0 drivers
o0000000005fed0b8 .functor BUFZ 1, C4<z>; HiZ drive
v0000000006045c50_0 .net "DIB10", 0 0, o0000000005fed0b8;  0 drivers
o0000000005fed0e8 .functor BUFZ 1, C4<z>; HiZ drive
v0000000006045cf0_0 .net "DIB11", 0 0, o0000000005fed0e8;  0 drivers
o0000000005fed118 .functor BUFZ 1, C4<z>; HiZ drive
v0000000006045d90_0 .net "DIB12", 0 0, o0000000005fed118;  0 drivers
o0000000005fed148 .functor BUFZ 1, C4<z>; HiZ drive
v0000000006045e30_0 .net "DIB13", 0 0, o0000000005fed148;  0 drivers
o0000000005fed178 .functor BUFZ 1, C4<z>; HiZ drive
v0000000006045f70_0 .net "DIB14", 0 0, o0000000005fed178;  0 drivers
o0000000005fed1a8 .functor BUFZ 1, C4<z>; HiZ drive
v0000000006046150_0 .net "DIB15", 0 0, o0000000005fed1a8;  0 drivers
o0000000005fed1d8 .functor BUFZ 1, C4<z>; HiZ drive
v0000000006046c90_0 .net "DIB16", 0 0, o0000000005fed1d8;  0 drivers
o0000000005fed208 .functor BUFZ 1, C4<z>; HiZ drive
v0000000006043ce0_0 .net "DIB17", 0 0, o0000000005fed208;  0 drivers
o0000000005fed238 .functor BUFZ 1, C4<z>; HiZ drive
v00000000060440a0_0 .net "DIB2", 0 0, o0000000005fed238;  0 drivers
o0000000005fed268 .functor BUFZ 1, C4<z>; HiZ drive
v0000000006043060_0 .net "DIB3", 0 0, o0000000005fed268;  0 drivers
o0000000005fed298 .functor BUFZ 1, C4<z>; HiZ drive
v0000000006043d80_0 .net "DIB4", 0 0, o0000000005fed298;  0 drivers
o0000000005fed2c8 .functor BUFZ 1, C4<z>; HiZ drive
v0000000006044640_0 .net "DIB5", 0 0, o0000000005fed2c8;  0 drivers
o0000000005fed2f8 .functor BUFZ 1, C4<z>; HiZ drive
v0000000006044dc0_0 .net "DIB6", 0 0, o0000000005fed2f8;  0 drivers
o0000000005fed328 .functor BUFZ 1, C4<z>; HiZ drive
v0000000006043f60_0 .net "DIB7", 0 0, o0000000005fed328;  0 drivers
o0000000005fed358 .functor BUFZ 1, C4<z>; HiZ drive
v0000000006043e20_0 .net "DIB8", 0 0, o0000000005fed358;  0 drivers
o0000000005fed388 .functor BUFZ 1, C4<z>; HiZ drive
v0000000006044140_0 .net "DIB9", 0 0, o0000000005fed388;  0 drivers
o0000000005fed3b8 .functor BUFZ 1, C4<z>; HiZ drive
v0000000006043420_0 .net "DOA0", 0 0, o0000000005fed3b8;  0 drivers
o0000000005fed3e8 .functor BUFZ 1, C4<z>; HiZ drive
v0000000006043880_0 .net "DOA1", 0 0, o0000000005fed3e8;  0 drivers
o0000000005fed418 .functor BUFZ 1, C4<z>; HiZ drive
v0000000006044a00_0 .net "DOA10", 0 0, o0000000005fed418;  0 drivers
o0000000005fed448 .functor BUFZ 1, C4<z>; HiZ drive
v00000000060439c0_0 .net "DOA11", 0 0, o0000000005fed448;  0 drivers
o0000000005fed478 .functor BUFZ 1, C4<z>; HiZ drive
v0000000006044d20_0 .net "DOA12", 0 0, o0000000005fed478;  0 drivers
o0000000005fed4a8 .functor BUFZ 1, C4<z>; HiZ drive
v0000000006043a60_0 .net "DOA13", 0 0, o0000000005fed4a8;  0 drivers
o0000000005fed4d8 .functor BUFZ 1, C4<z>; HiZ drive
v0000000006043920_0 .net "DOA14", 0 0, o0000000005fed4d8;  0 drivers
o0000000005fed508 .functor BUFZ 1, C4<z>; HiZ drive
v0000000006043ec0_0 .net "DOA15", 0 0, o0000000005fed508;  0 drivers
o0000000005fed538 .functor BUFZ 1, C4<z>; HiZ drive
v0000000006044e60_0 .net "DOA16", 0 0, o0000000005fed538;  0 drivers
o0000000005fed568 .functor BUFZ 1, C4<z>; HiZ drive
v0000000006044000_0 .net "DOA17", 0 0, o0000000005fed568;  0 drivers
o0000000005fed598 .functor BUFZ 1, C4<z>; HiZ drive
v0000000006044f00_0 .net "DOA2", 0 0, o0000000005fed598;  0 drivers
o0000000005fed5c8 .functor BUFZ 1, C4<z>; HiZ drive
v0000000006043100_0 .net "DOA3", 0 0, o0000000005fed5c8;  0 drivers
o0000000005fed5f8 .functor BUFZ 1, C4<z>; HiZ drive
v00000000060441e0_0 .net "DOA4", 0 0, o0000000005fed5f8;  0 drivers
o0000000005fed628 .functor BUFZ 1, C4<z>; HiZ drive
v00000000060431a0_0 .net "DOA5", 0 0, o0000000005fed628;  0 drivers
o0000000005fed658 .functor BUFZ 1, C4<z>; HiZ drive
v0000000006044280_0 .net "DOA6", 0 0, o0000000005fed658;  0 drivers
o0000000005fed688 .functor BUFZ 1, C4<z>; HiZ drive
v0000000006043600_0 .net "DOA7", 0 0, o0000000005fed688;  0 drivers
o0000000005fed6b8 .functor BUFZ 1, C4<z>; HiZ drive
v00000000060443c0_0 .net "DOA8", 0 0, o0000000005fed6b8;  0 drivers
o0000000005fed6e8 .functor BUFZ 1, C4<z>; HiZ drive
v0000000006043740_0 .net "DOA9", 0 0, o0000000005fed6e8;  0 drivers
o0000000005fed718 .functor BUFZ 1, C4<z>; HiZ drive
v0000000006044320_0 .net "DOB0", 0 0, o0000000005fed718;  0 drivers
o0000000005fed748 .functor BUFZ 1, C4<z>; HiZ drive
v00000000060437e0_0 .net "DOB1", 0 0, o0000000005fed748;  0 drivers
o0000000005fed778 .functor BUFZ 1, C4<z>; HiZ drive
v00000000060434c0_0 .net "DOB10", 0 0, o0000000005fed778;  0 drivers
o0000000005fed7a8 .functor BUFZ 1, C4<z>; HiZ drive
v0000000006043b00_0 .net "DOB11", 0 0, o0000000005fed7a8;  0 drivers
o0000000005fed7d8 .functor BUFZ 1, C4<z>; HiZ drive
v0000000006044780_0 .net "DOB12", 0 0, o0000000005fed7d8;  0 drivers
o0000000005fed808 .functor BUFZ 1, C4<z>; HiZ drive
v0000000006044460_0 .net "DOB13", 0 0, o0000000005fed808;  0 drivers
o0000000005fed838 .functor BUFZ 1, C4<z>; HiZ drive
v0000000006044be0_0 .net "DOB14", 0 0, o0000000005fed838;  0 drivers
o0000000005fed868 .functor BUFZ 1, C4<z>; HiZ drive
v0000000006043ba0_0 .net "DOB15", 0 0, o0000000005fed868;  0 drivers
o0000000005fed898 .functor BUFZ 1, C4<z>; HiZ drive
v0000000006043560_0 .net "DOB16", 0 0, o0000000005fed898;  0 drivers
o0000000005fed8c8 .functor BUFZ 1, C4<z>; HiZ drive
v0000000006044500_0 .net "DOB17", 0 0, o0000000005fed8c8;  0 drivers
o0000000005fed8f8 .functor BUFZ 1, C4<z>; HiZ drive
v0000000006043240_0 .net "DOB2", 0 0, o0000000005fed8f8;  0 drivers
o0000000005fed928 .functor BUFZ 1, C4<z>; HiZ drive
v0000000006043c40_0 .net "DOB3", 0 0, o0000000005fed928;  0 drivers
o0000000005fed958 .functor BUFZ 1, C4<z>; HiZ drive
v00000000060448c0_0 .net "DOB4", 0 0, o0000000005fed958;  0 drivers
o0000000005fed988 .functor BUFZ 1, C4<z>; HiZ drive
v00000000060445a0_0 .net "DOB5", 0 0, o0000000005fed988;  0 drivers
o0000000005fed9b8 .functor BUFZ 1, C4<z>; HiZ drive
v0000000006044aa0_0 .net "DOB6", 0 0, o0000000005fed9b8;  0 drivers
o0000000005fed9e8 .functor BUFZ 1, C4<z>; HiZ drive
v0000000006044c80_0 .net "DOB7", 0 0, o0000000005fed9e8;  0 drivers
o0000000005feda18 .functor BUFZ 1, C4<z>; HiZ drive
v00000000060446e0_0 .net "DOB8", 0 0, o0000000005feda18;  0 drivers
o0000000005feda48 .functor BUFZ 1, C4<z>; HiZ drive
v0000000006044820_0 .net "DOB9", 0 0, o0000000005feda48;  0 drivers
o0000000005feda78 .functor BUFZ 1, C4<z>; HiZ drive
v0000000006044960_0 .net "OCEA", 0 0, o0000000005feda78;  0 drivers
o0000000005fedaa8 .functor BUFZ 1, C4<z>; HiZ drive
v0000000006044b40_0 .net "OCEB", 0 0, o0000000005fedaa8;  0 drivers
o0000000005fedad8 .functor BUFZ 1, C4<z>; HiZ drive
v00000000060432e0_0 .net "RSTA", 0 0, o0000000005fedad8;  0 drivers
o0000000005fedb08 .functor BUFZ 1, C4<z>; HiZ drive
v0000000006043380_0 .net "RSTB", 0 0, o0000000005fedb08;  0 drivers
o0000000005fedb38 .functor BUFZ 1, C4<z>; HiZ drive
v00000000060436a0_0 .net "WEA", 0 0, o0000000005fedb38;  0 drivers
o0000000005fedb68 .functor BUFZ 1, C4<z>; HiZ drive
v0000000006047940_0 .net "WEB", 0 0, o0000000005fedb68;  0 drivers
S_0000000005ef3020 .scope module, "DPR16X4C" "DPR16X4C" 2 236;
 .timescale 0 0;
    .port_info 0 /INPUT 4 "DI";
    .port_info 1 /INPUT 1 "WCK";
    .port_info 2 /INPUT 1 "WRE";
    .port_info 3 /INPUT 4 "RAD";
    .port_info 4 /INPUT 4 "WAD";
    .port_info 5 /OUTPUT 4 "DO";
P_0000000005ec8740 .param/str "INITVAL" 0 2 245, "0x0000000000000000";
P_0000000005ec8778 .param/l "conv_initval" 1 2 275, C4<0000000000000000000000000000000000000000000000000000000000000000>;
L_0000000005ed31c0 .functor BUFZ 4, L_0000000006052b80, C4<0000>, C4<0000>, C4<0000>;
o0000000005fef278 .functor BUFZ 4, C4<zzzz>; HiZ drive
v0000000006048840_0 .net "DI", 3 0, o0000000005fef278;  0 drivers
v0000000006047d00_0 .net "DO", 3 0, L_0000000005ed31c0;  1 drivers
o0000000005fef2d8 .functor BUFZ 4, C4<zzzz>; HiZ drive
v0000000006047e40_0 .net "RAD", 3 0, o0000000005fef2d8;  0 drivers
o0000000005fef308 .functor BUFZ 4, C4<zzzz>; HiZ drive
v0000000006048b60_0 .net "WAD", 3 0, o0000000005fef308;  0 drivers
o0000000005fef338 .functor BUFZ 1, C4<z>; HiZ drive
v0000000006048e80_0 .net "WCK", 0 0, o0000000005fef338;  0 drivers
o0000000005fef368 .functor BUFZ 1, C4<z>; HiZ drive
v0000000006048f20_0 .net "WRE", 0 0, o0000000005fef368;  0 drivers
v0000000006047080_0 .net *"_ivl_0", 3 0, L_0000000006052b80;  1 drivers
v0000000006047120_0 .net *"_ivl_2", 5 0, L_0000000006053120;  1 drivers
L_00000000060540a8 .functor BUFT 1, C4<00>, C4<0>, C4<0>, C4<0>;
v0000000006047260_0 .net *"_ivl_5", 1 0, L_00000000060540a8;  1 drivers
v00000000060471c0_0 .var/i "i", 31 0;
v0000000006047ee0 .array "ram", 15 0, 3 0;
E_0000000005faeef0 .event posedge, v0000000006048e80_0;
L_0000000006052b80 .array/port v0000000006047ee0, L_0000000006053120;
L_0000000006053120 .concat [ 4 2 0 0], o0000000005fef2d8, L_00000000060540a8;
S_0000000005f15730 .scope function.vec4.s64, "convert_initval" "convert_initval" 2 247, 2 247 0, S_0000000005ef3020;
 .timescale 0 0;
v0000000006047f80_0 .var "char", 7 0;
; Variable convert_initval is vec4 return value of scope S_0000000005f15730
v0000000006047c60_0 .var "done", 0 0;
v00000000060487a0_0 .var "hex_initval", 143 0;
v0000000006048340_0 .var/i "i", 31 0;
v0000000006047da0_0 .var "temp", 63 0;
TD_DPR16X4C.convert_initval ;
    %pushi/vec4 0, 0, 1;
    %store/vec4 v0000000006047c60_0, 0, 1;
    %pushi/vec4 0, 0, 64;
    %store/vec4 v0000000006047da0_0, 0, 64;
    %pushi/vec4 0, 0, 32;
    %store/vec4 v0000000006048340_0, 0, 32;
T_0.0 ;
    %load/vec4 v0000000006048340_0;
    %cmpi/s 16, 0, 32;
    %jmp/0xz T_0.1, 5;
    %load/vec4 v0000000006047c60_0;
    %nor/r;
    %flag_set/vec4 8;
    %jmp/0xz  T_0.2, 8;
    %load/vec4 v00000000060487a0_0;
    %load/vec4 v0000000006048340_0;
    %muli 8, 0, 32;
    %part/s 8;
    %store/vec4 v0000000006047f80_0, 0, 8;
    %load/vec4 v0000000006047f80_0;
    %pushi/vec4 120, 0, 8; draw_string_vec4
    %cmp/e;
    %jmp/0xz  T_0.4, 4;
    %pushi/vec4 1, 0, 1;
    %store/vec4 v0000000006047c60_0, 0, 1;
    %jmp T_0.5;
T_0.4 ;
    %pushi/vec4 48, 0, 8; draw_string_vec4
    %load/vec4 v0000000006047f80_0;
    %cmp/u;
    %flag_get/vec4 4;
    %flag_get/vec4 5;
    %or;
    %load/vec4 v0000000006047f80_0;
    %pushi/vec4 57, 0, 8; draw_string_vec4
    %cmp/u;
    %flag_get/vec4 4;
    %flag_get/vec4 5;
    %or;
    %and;
    %flag_set/vec4 8;
    %jmp/0xz  T_0.6, 8;
    %load/vec4 v0000000006047f80_0;
    %pushi/vec4 48, 0, 8; draw_string_vec4
    %sub;
    %pad/u 4;
    %load/vec4 v0000000006048340_0;
    %muli 4, 0, 32;
    %ix/vec4/s 4;
    %store/vec4 v0000000006047da0_0, 4, 4;
    %jmp T_0.7;
T_0.6 ;
    %pushi/vec4 65, 0, 8; draw_string_vec4
    %load/vec4 v0000000006047f80_0;
    %cmp/u;
    %flag_get/vec4 4;
    %flag_get/vec4 5;
    %or;
    %load/vec4 v0000000006047f80_0;
    %pushi/vec4 70, 0, 8; draw_string_vec4
    %cmp/u;
    %flag_get/vec4 4;
    %flag_get/vec4 5;
    %or;
    %and;
    %flag_set/vec4 8;
    %jmp/0xz  T_0.8, 8;
    %pushi/vec4 10, 0, 8;
    %load/vec4 v0000000006047f80_0;
    %add;
    %pushi/vec4 65, 0, 8; draw_string_vec4
    %sub;
    %pad/u 4;
    %load/vec4 v0000000006048340_0;
    %muli 4, 0, 32;
    %ix/vec4/s 4;
    %store/vec4 v0000000006047da0_0, 4, 4;
    %jmp T_0.9;
T_0.8 ;
    %pushi/vec4 97, 0, 8; draw_string_vec4
    %load/vec4 v0000000006047f80_0;
    %cmp/u;
    %flag_get/vec4 4;
    %flag_get/vec4 5;
    %or;
    %load/vec4 v0000000006047f80_0;
    %pushi/vec4 102, 0, 8; draw_string_vec4
    %cmp/u;
    %flag_get/vec4 4;
    %flag_get/vec4 5;
    %or;
    %and;
    %flag_set/vec4 8;
    %jmp/0xz  T_0.10, 8;
    %pushi/vec4 10, 0, 8;
    %load/vec4 v0000000006047f80_0;
    %add;
    %pushi/vec4 97, 0, 8; draw_string_vec4
    %sub;
    %pad/u 4;
    %load/vec4 v0000000006048340_0;
    %muli 4, 0, 32;
    %ix/vec4/s 4;
    %store/vec4 v0000000006047da0_0, 4, 4;
T_0.10 ;
T_0.9 ;
T_0.7 ;
T_0.5 ;
T_0.2 ;
    %load/vec4 v0000000006048340_0;
    %addi 1, 0, 32;
    %store/vec4 v0000000006048340_0, 0, 32;
    %jmp T_0.0;
T_0.1 ;
    %load/vec4 v0000000006047da0_0;
    %ret/vec4 0, 0, 64;  Assign to convert_initval (store_vec4_to_lval)
    %end;
S_0000000005f04db0 .scope module, "INV" "INV" 2 422;
 .timescale 0 0;
    .port_info 0 /INPUT 1 "A";
    .port_info 1 /OUTPUT 1 "Z";
o0000000005fef578 .functor BUFZ 1, C4<z>; HiZ drive
v00000000060488e0_0 .net "A", 0 0, o0000000005fef578;  0 drivers
v0000000006048700_0 .net "Z", 0 0, L_0000000006053b20;  1 drivers
L_0000000006053b20 .reduce/nor o0000000005fef578;
S_0000000005f04f40 .scope module, "TRELLIS_DPR16X4" "TRELLIS_DPR16X4" 2 190;
 .timescale 0 0;
    .port_info 0 /INPUT 4 "DI";
    .port_info 1 /INPUT 4 "WAD";
    .port_info 2 /INPUT 1 "WRE";
    .port_info 3 /INPUT 1 "WCK";
    .port_info 4 /INPUT 4 "RAD";
    .port_info 5 /OUTPUT 4 "DO";
P_0000000005ecd830 .param/l "INITVAL" 0 2 200, C4<0000000000000000000000000000000000000000000000000000000000000000>;
P_0000000005ecd868 .param/str "WCKMUX" 0 2 198, "WCK";
P_0000000005ecd8a0 .param/str "WREMUX" 0 2 199, "WRE";
o0000000005fef6f8 .functor BUFZ 1, C4<z>; HiZ drive
L_0000000005ed34d0 .functor BUFZ 1, o0000000005fef6f8, C4<0>, C4<0>, C4<0>;
L_0000000005ed2ac0 .functor BUFZ 4, L_0000000006052400, C4<0000>, C4<0000>, C4<0000>;
o0000000005fef638 .functor BUFZ 4, C4<zzzz>; HiZ drive
v0000000006048a20_0 .net "DI", 3 0, o0000000005fef638;  0 drivers
v00000000060479e0_0 .net "DO", 3 0, L_0000000005ed2ac0;  1 drivers
o0000000005fef698 .functor BUFZ 4, C4<zzzz>; HiZ drive
v0000000006047620_0 .net "RAD", 3 0, o0000000005fef698;  0 drivers
o0000000005fef6c8 .functor BUFZ 4, C4<zzzz>; HiZ drive
v0000000006047300_0 .net "WAD", 3 0, o0000000005fef6c8;  0 drivers
v0000000006048520_0 .net "WCK", 0 0, o0000000005fef6f8;  0 drivers
o0000000005fef728 .functor BUFZ 1, C4<z>; HiZ drive
v0000000006048020_0 .net "WRE", 0 0, o0000000005fef728;  0 drivers
v00000000060473a0_0 .net *"_ivl_2", 3 0, L_0000000006052400;  1 drivers
v00000000060476c0_0 .net *"_ivl_4", 5 0, L_0000000006052c20;  1 drivers
L_00000000060540f0 .functor BUFT 1, C4<00>, C4<0>, C4<0>, C4<0>;
v0000000006048ac0_0 .net *"_ivl_7", 1 0, L_00000000060540f0;  1 drivers
v0000000006047440_0 .var/i "i", 31 0;
v00000000060480c0 .array "mem", 0 15, 3 0;
v0000000006047760_0 .net "muxwck", 0 0, L_0000000005ed34d0;  1 drivers
v0000000006048c00_0 .var "muxwre", 0 0;
E_0000000005faf770 .event posedge, v0000000006047760_0;
E_0000000005faf630 .event anyedge, v0000000006048020_0;
L_0000000006052400 .array/port v00000000060480c0, L_0000000006052c20;
L_0000000006052c20 .concat [ 4 2 0 0], o0000000005fef698, L_00000000060540f0;
S_0000000005f050d0 .scope module, "TRELLIS_IO" "TRELLIS_IO" 2 393;
 .timescale 0 0;
    .port_info 0 /INOUT 1 "B";
    .port_info 1 /INPUT 1 "I";
    .port_info 2 /INPUT 1 "T";
    .port_info 3 /OUTPUT 1 "O";
P_0000000005faf270 .param/str "DIR" 0 2 399, "INPUT";
o0000000005fef998 .functor BUFZ 1, C4<z>; HiZ drive
v0000000006048160_0 .net "B", 0 0, o0000000005fef998;  0 drivers
o0000000005fef9c8 .functor BUFZ 1, C4<z>; HiZ drive
v0000000006047bc0_0 .net "I", 0 0, o0000000005fef9c8;  0 drivers
v0000000006048ca0_0 .net "O", 0 0, L_0000000005ed2b30;  1 drivers
o0000000005fefa28 .functor BUFZ 1, C4<z>; HiZ drive
v0000000006048d40_0 .net "T", 0 0, o0000000005fefa28;  0 drivers
v0000000006048200_0 .var "T_pd", 0 0;
E_0000000005faefb0 .event anyedge, v0000000006048d40_0;
S_0000000005f158c0 .scope generate, "genblk1" "genblk1" 2 404, 2 404 0, S_0000000005f050d0;
 .timescale 0 0;
L_0000000005ed2b30 .functor BUFZ 1, o0000000005fef998, C4<0>, C4<0>, C4<0>;
S_0000000005ede2f0 .scope module, "TRELLIS_SLICE" "TRELLIS_SLICE" 2 428;
 .timescale 0 0;
    .port_info 0 /INPUT 1 "A0";
    .port_info 1 /INPUT 1 "B0";
    .port_info 2 /INPUT 1 "C0";
    .port_info 3 /INPUT 1 "D0";
    .port_info 4 /INPUT 1 "A1";
    .port_info 5 /INPUT 1 "B1";
    .port_info 6 /INPUT 1 "C1";
    .port_info 7 /INPUT 1 "D1";
    .port_info 8 /INPUT 1 "M0";
    .port_info 9 /INPUT 1 "M1";
    .port_info 10 /INPUT 1 "FCI";
    .port_info 11 /INPUT 1 "FXA";
    .port_info 12 /INPUT 1 "FXB";
    .port_info 13 /INPUT 1 "CLK";
    .port_info 14 /INPUT 1 "LSR";
    .port_info 15 /INPUT 1 "CE";
    .port_info 16 /INPUT 1 "DI0";
    .port_info 17 /INPUT 1 "DI1";
    .port_info 18 /INPUT 1 "WD0";
    .port_info 19 /INPUT 1 "WD1";
    .port_info 20 /INPUT 1 "WAD0";
    .port_info 21 /INPUT 1 "WAD1";
    .port_info 22 /INPUT 1 "WAD2";
    .port_info 23 /INPUT 1 "WAD3";
    .port_info 24 /INPUT 1 "WRE";
    .port_info 25 /INPUT 1 "WCK";
    .port_info 26 /OUTPUT 1 "F0";
    .port_info 27 /OUTPUT 1 "Q0";
    .port_info 28 /OUTPUT 1 "F1";
    .port_info 29 /OUTPUT 1 "Q1";
    .port_info 30 /OUTPUT 1 "FCO";
    .port_info 31 /OUTPUT 1 "OFX0";
    .port_info 32 /OUTPUT 1 "OFX1";
    .port_info 33 /OUTPUT 1 "WDO0";
    .port_info 34 /OUTPUT 1 "WDO1";
    .port_info 35 /OUTPUT 1 "WDO2";
    .port_info 36 /OUTPUT 1 "WDO3";
    .port_info 37 /OUTPUT 1 "WADO0";
    .port_info 38 /OUTPUT 1 "WADO1";
    .port_info 39 /OUTPUT 1 "WADO2";
    .port_info 40 /OUTPUT 1 "WADO3";
P_0000000005feb830 .param/str "A0MUX" 0 2 468, "A0";
P_0000000005feb868 .param/str "A1MUX" 0 2 469, "A1";
P_0000000005feb8a0 .param/str "B0MUX" 0 2 470, "B0";
P_0000000005feb8d8 .param/str "B1MUX" 0 2 471, "B1";
P_0000000005feb910 .param/str "C0MUX" 0 2 472, "C0";
P_0000000005feb948 .param/str "C1MUX" 0 2 473, "C1";
P_0000000005feb980 .param/str "CCU2_INJECT1_0" 0 2 463, "\000\000\000\000\000\000\000\000\000\000\000\000\000\000NO";
P_0000000005feb9b8 .param/str "CCU2_INJECT1_1" 0 2 464, "\000\000\000\000\000\000\000\000\000\000\000\000\000\000NO";
P_0000000005feb9f0 .param/str "CEMUX" 0 2 452, "\000\000\000\000\000\000\000\000\000\000\000\000\000\000\0001";
P_0000000005feba28 .param/str "CLKMUX" 0 2 453, "CLK";
P_0000000005feba60 .param/str "D0MUX" 0 2 474, "D0";
P_0000000005feba98 .param/str "D1MUX" 0 2 475, "D1";
P_0000000005febad0 .param/str "GSR" 0 2 450, "ENABLED";
P_0000000005febb08 .param/str "LSRMUX" 0 2 454, "LSR";
P_0000000005febb40 .param/l "LUT0_INITVAL" 0 2 455, C4<0000000000000000>;
P_0000000005febb78 .param/l "LUT1_INITVAL" 0 2 456, C4<0000000000000000>;
P_0000000005febbb0 .param/str "MODE" 0 2 449, "LOGIC";
P_0000000005febbe8 .param/str "REG0_LSRMODE" 0 2 461, "LSR";
P_0000000005febc20 .param/str "REG0_REGSET" 0 2 459, "RESET";
P_0000000005febc58 .param/str "REG0_SD" 0 2 457, "0";
P_0000000005febc90 .param/str "REG1_LSRMODE" 0 2 462, "LSR";
P_0000000005febcc8 .param/str "REG1_REGSET" 0 2 460, "RESET";
P_0000000005febd00 .param/str "REG1_SD" 0 2 458, "0";
P_0000000005febd38 .param/str "SRMODE" 0 2 451, "LSR_OVER_CE";
P_0000000005febd70 .param/str "WCKMUX" 0 2 466, "WCK";
P_0000000005febda8 .param/str "WREMUX" 0 2 465, "WRE";
o0000000005fefc08 .functor BUFZ 1, C4<z>; HiZ drive
L_0000000005f108a0 .functor BUFZ 1, o0000000005fefc08, C4<0>, C4<0>, C4<0>;
o0000000005fefe78 .functor BUFZ 1, C4<z>; HiZ drive
L_000000000609f900 .functor BUFZ 1, o0000000005fefe78, C4<0>, C4<0>, C4<0>;
o0000000005ff0b68 .functor BUFZ 1, C4<z>; HiZ drive
v0000000006050a30_0 .net "A0", 0 0, o0000000005ff0b68;  0 drivers
v0000000006050d50_0 .net "A0m", 0 0, L_0000000005ed3310;  1 drivers
o0000000005ff0b98 .functor BUFZ 1, C4<z>; HiZ drive
v0000000006051890_0 .net "A1", 0 0, o0000000005ff0b98;  0 drivers
v00000000060502b0_0 .net "A1m", 0 0, L_0000000005ed35b0;  1 drivers
o0000000005ff0bc8 .functor BUFZ 1, C4<z>; HiZ drive
v0000000006050710_0 .net "B0", 0 0, o0000000005ff0bc8;  0 drivers
v0000000006050fd0_0 .net "B0m", 0 0, L_0000000005ed2dd0;  1 drivers
o0000000005ff0bf8 .functor BUFZ 1, C4<z>; HiZ drive
v0000000006051390_0 .net "B1", 0 0, o0000000005ff0bf8;  0 drivers
v0000000006050ad0_0 .net "B1m", 0 0, L_0000000005ed2ba0;  1 drivers
o0000000005ff0c28 .functor BUFZ 1, C4<z>; HiZ drive
v00000000060512f0_0 .net "C0", 0 0, o0000000005ff0c28;  0 drivers
v0000000006050b70_0 .net "C0m", 0 0, L_0000000005ed2e40;  1 drivers
o0000000005ff0c58 .functor BUFZ 1, C4<z>; HiZ drive
v0000000006050990_0 .net "C1", 0 0, o0000000005ff0c58;  0 drivers
v0000000006051a70_0 .net "C1m", 0 0, L_0000000005ed2c10;  1 drivers
o0000000005fefb48 .functor BUFZ 1, C4<z>; HiZ drive
v0000000006051b10_0 .net "CE", 0 0, o0000000005fefb48;  0 drivers
o0000000005fefb78 .functor BUFZ 1, C4<z>; HiZ drive
v0000000006051d90_0 .net "CLK", 0 0, o0000000005fefb78;  0 drivers
o0000000005ff0c88 .functor BUFZ 1, C4<z>; HiZ drive
v0000000006050c10_0 .net "D0", 0 0, o0000000005ff0c88;  0 drivers
v0000000006051430_0 .net "D0m", 0 0, L_0000000005ed3230;  1 drivers
o0000000005ff0cb8 .functor BUFZ 1, C4<z>; HiZ drive
v0000000006051bb0_0 .net "D1", 0 0, o0000000005ff0cb8;  0 drivers
v0000000006050df0_0 .net "D1m", 0 0, L_0000000005ed2f20;  1 drivers
o0000000005ff0ce8 .functor BUFZ 1, C4<z>; HiZ drive
v0000000006050350_0 .net "DI0", 0 0, o0000000005ff0ce8;  0 drivers
o0000000005ff0d18 .functor BUFZ 1, C4<z>; HiZ drive
v00000000060503f0_0 .net "DI1", 0 0, o0000000005ff0d18;  0 drivers
v0000000006051c50_0 .net "F0", 0 0, L_00000000060527c0;  1 drivers
v0000000006050e90_0 .net "F1", 0 0, L_0000000006053080;  1 drivers
o0000000005ff0d48 .functor BUFZ 1, C4<z>; HiZ drive
v0000000006051110_0 .net "FCI", 0 0, o0000000005ff0d48;  0 drivers
o0000000005ff0d78 .functor BUFZ 1, C4<z>; HiZ drive
v00000000060500d0_0 .net "FCO", 0 0, o0000000005ff0d78;  0 drivers
o0000000005ff0988 .functor BUFZ 1, C4<z>; HiZ drive
v0000000006050f30_0 .net "FXA", 0 0, o0000000005ff0988;  0 drivers
o0000000005ff09b8 .functor BUFZ 1, C4<z>; HiZ drive
v00000000060516b0_0 .net "FXB", 0 0, o0000000005ff09b8;  0 drivers
o0000000005fefbd8 .functor BUFZ 1, C4<z>; HiZ drive
v0000000006051e30_0 .net "LSR", 0 0, o0000000005fefbd8;  0 drivers
v0000000006051070_0 .net "M0", 0 0, o0000000005fefc08;  0 drivers
v00000000060511b0_0 .net "M1", 0 0, o0000000005fefe78;  0 drivers
v0000000006051250_0 .net "OFX0", 0 0, L_00000000060539e0;  1 drivers
v0000000006050490_0 .net "OFX1", 0 0, L_00000000060531c0;  1 drivers
v00000000060508f0_0 .net "Q0", 0 0, v0000000006047a80_0;  1 drivers
v0000000006051cf0_0 .net "Q1", 0 0, v000000000604d230_0;  1 drivers
o0000000005ff0da8 .functor BUFZ 1, C4<z>; HiZ drive
v0000000006050cb0_0 .net "WAD0", 0 0, o0000000005ff0da8;  0 drivers
o0000000005ff0dd8 .functor BUFZ 1, C4<z>; HiZ drive
v0000000006051ed0_0 .net "WAD1", 0 0, o0000000005ff0dd8;  0 drivers
o0000000005ff0e08 .functor BUFZ 1, C4<z>; HiZ drive
v0000000006051570_0 .net "WAD2", 0 0, o0000000005ff0e08;  0 drivers
o0000000005ff0e38 .functor BUFZ 1, C4<z>; HiZ drive
v0000000006051610_0 .net "WAD3", 0 0, o0000000005ff0e38;  0 drivers
o0000000005ff0e68 .functor BUFZ 1, C4<z>; HiZ drive
v0000000006051750_0 .net "WADO0", 0 0, o0000000005ff0e68;  0 drivers
o0000000005ff0e98 .functor BUFZ 1, C4<z>; HiZ drive
v0000000006051f70_0 .net "WADO1", 0 0, o0000000005ff0e98;  0 drivers
o0000000005ff0ec8 .functor BUFZ 1, C4<z>; HiZ drive
v00000000060517f0_0 .net "WADO2", 0 0, o0000000005ff0ec8;  0 drivers
o0000000005ff0ef8 .functor BUFZ 1, C4<z>; HiZ drive
v0000000006051930_0 .net "WADO3", 0 0, o0000000005ff0ef8;  0 drivers
o0000000005ff0f28 .functor BUFZ 1, C4<z>; HiZ drive
v0000000006050670_0 .net "WCK", 0 0, o0000000005ff0f28;  0 drivers
o0000000005ff0f58 .functor BUFZ 1, C4<z>; HiZ drive
v00000000060519d0_0 .net "WD0", 0 0, o0000000005ff0f58;  0 drivers
o0000000005ff0f88 .functor BUFZ 1, C4<z>; HiZ drive
v0000000006050170_0 .net "WD1", 0 0, o0000000005ff0f88;  0 drivers
o0000000005ff0fb8 .functor BUFZ 1, C4<z>; HiZ drive
v0000000006050210_0 .net "WDO0", 0 0, o0000000005ff0fb8;  0 drivers
o0000000005ff0fe8 .functor BUFZ 1, C4<z>; HiZ drive
v0000000006050530_0 .net "WDO1", 0 0, o0000000005ff0fe8;  0 drivers
o0000000005ff1018 .functor BUFZ 1, C4<z>; HiZ drive
v00000000060507b0_0 .net "WDO2", 0 0, o0000000005ff1018;  0 drivers
o0000000005ff1048 .functor BUFZ 1, C4<z>; HiZ drive
v00000000060505d0_0 .net "WDO3", 0 0, o0000000005ff1048;  0 drivers
o0000000005ff1078 .functor BUFZ 1, C4<z>; HiZ drive
v0000000006050850_0 .net "WRE", 0 0, o0000000005ff1078;  0 drivers
v0000000006053ee0_0 .net "muxdi0", 0 0, L_0000000005f108a0;  1 drivers
v0000000006053a80_0 .net "muxdi1", 0 0, L_000000000609f900;  1 drivers
S_0000000005ea2dc0 .scope module, "ff_0" "TRELLIS_FF" 2 581, 2 311 0, S_0000000005ede2f0;
 .timescale 0 0;
    .port_info 0 /INPUT 1 "CLK";
    .port_info 1 /INPUT 1 "LSR";
    .port_info 2 /INPUT 1 "CE";
    .port_info 3 /INPUT 1 "DI";
    .port_info 4 /INPUT 1 "M";
    .port_info 5 /OUTPUT 1 "Q";
P_0000000005ea2f50 .param/str "CEMUX" 0 2 313, "\000\000\000\000\000\000\000\000\000\000\000\000\000\000\0001";
P_0000000005ea2f88 .param/str "CLKMUX" 0 2 314, "CLK";
P_0000000005ea2fc0 .param/str "GSR" 0 2 312, "ENABLED";
P_0000000005ea2ff8 .param/l "LSRMODE" 0 2 318, C4<00000000000000000000000000000000000000000000000000000000000000000000000000000000000000000000000000000000010011000101001101010010>;
P_0000000005ea3030 .param/str "LSRMUX" 0 2 315, "LSR";
P_0000000005ea3068 .param/str "REGSET" 0 2 317, "RESET";
P_0000000005ea30a0 .param/str "SRMODE" 0 2 316, "LSR_OVER_CE";
L_000000000609ff90 .functor BUFZ 1, o0000000005fefbd8, C4<0>, C4<0>, C4<0>;
L_000000000609f7b0 .functor BUFZ 1, o0000000005fefb78, C4<0>, C4<0>, C4<0>;
v00000000060474e0_0 .net "CE", 0 0, o0000000005fefb48;  alias, 0 drivers
v0000000006048de0_0 .net "CLK", 0 0, o0000000005fefb78;  alias, 0 drivers
v0000000006047800_0 .net "DI", 0 0, L_0000000005f108a0;  alias, 1 drivers
v00000000060478a0_0 .net "LSR", 0 0, o0000000005fefbd8;  alias, 0 drivers
v0000000006047580_0 .net "M", 0 0, o0000000005fefc08;  alias, 0 drivers
v0000000006047a80_0 .var "Q", 0 0;
L_0000000006054258 .functor BUFT 1, C4<1>, C4<0>, C4<0>, C4<0>;
v0000000006047b20_0 .net "muxce", 0 0, L_0000000006054258;  1 drivers
v00000000060482a0_0 .net "muxclk", 0 0, L_000000000609f7b0;  1 drivers
v00000000060483e0_0 .net "muxlsr", 0 0, L_000000000609ff90;  1 drivers
L_00000000060542a0 .functor BUFT 1, C4<0>, C4<0>, C4<0>, C4<0>;
v0000000006048660_0 .net "srval", 0 0, L_00000000060542a0;  1 drivers
S_0000000005ea30e0 .scope generate, "genblk1" "genblk1" 2 322, 2 322 0, S_0000000005ea2dc0;
 .timescale 0 0;
S_0000000005edb0e0 .scope generate, "genblk3" "genblk3" 2 334, 2 334 0, S_0000000005ea2dc0;
 .timescale 0 0;
S_0000000005edb270 .scope generate, "genblk5" "genblk5" 2 343, 2 343 0, S_0000000005ea2dc0;
 .timescale 0 0;
E_0000000005faf4b0 .event posedge, v00000000060482a0_0;
S_000000000604bd20 .scope generate, "genblk7" "genblk7" 2 360, 2 360 0, S_0000000005ea2dc0;
 .timescale 0 0;
S_000000000604beb0 .scope module, "ff_1" "TRELLIS_FF" 2 594, 2 311 0, S_0000000005ede2f0;
 .timescale 0 0;
    .port_info 0 /INPUT 1 "CLK";
    .port_info 1 /INPUT 1 "LSR";
    .port_info 2 /INPUT 1 "CE";
    .port_info 3 /INPUT 1 "DI";
    .port_info 4 /INPUT 1 "M";
    .port_info 5 /OUTPUT 1 "Q";
P_000000000604b550 .param/str "CEMUX" 0 2 313, "\000\000\000\000\000\000\000\000\000\000\000\000\000\000\0001";
P_000000000604b588 .param/str "CLKMUX" 0 2 314, "CLK";
P_000000000604b5c0 .param/str "GSR" 0 2 312, "ENABLED";
P_000000000604b5f8 .param/l "LSRMODE" 0 2 318, C4<00000000000000000000000000000000000000000000000000000000000000000000000000000000000000000000000000000000010011000101001101010010>;
P_000000000604b630 .param/str "LSRMUX" 0 2 315, "LSR";
P_000000000604b668 .param/str "REGSET" 0 2 317, "RESET";
P_000000000604b6a0 .param/str "SRMODE" 0 2 316, "LSR_OVER_CE";
L_000000000609fdd0 .functor BUFZ 1, o0000000005fefbd8, C4<0>, C4<0>, C4<0>;
L_000000000609f820 .functor BUFZ 1, o0000000005fefb78, C4<0>, C4<0>, C4<0>;
v0000000006048480_0 .net "CE", 0 0, o0000000005fefb48;  alias, 0 drivers
v00000000060485c0_0 .net "CLK", 0 0, o0000000005fefb78;  alias, 0 drivers
v000000000604d4b0_0 .net "DI", 0 0, L_000000000609f900;  alias, 1 drivers
v000000000604cab0_0 .net "LSR", 0 0, o0000000005fefbd8;  alias, 0 drivers
v000000000604deb0_0 .net "M", 0 0, o0000000005fefe78;  alias, 0 drivers
v000000000604d230_0 .var "Q", 0 0;
L_00000000060542e8 .functor BUFT 1, C4<1>, C4<0>, C4<0>, C4<0>;
v000000000604df50_0 .net "muxce", 0 0, L_00000000060542e8;  1 drivers
v000000000604c290_0 .net "muxclk", 0 0, L_000000000609f820;  1 drivers
v000000000604cfb0_0 .net "muxlsr", 0 0, L_000000000609fdd0;  1 drivers
L_0000000006054330 .functor BUFT 1, C4<0>, C4<0>, C4<0>, C4<0>;
v000000000604db90_0 .net "srval", 0 0, L_0000000006054330;  1 drivers
S_000000000604b6e0 .scope generate, "genblk1" "genblk1" 2 322, 2 322 0, S_000000000604beb0;
 .timescale 0 0;
S_000000000604b0a0 .scope generate, "genblk3" "genblk3" 2 334, 2 334 0, S_000000000604beb0;
 .timescale 0 0;
S_000000000604b230 .scope generate, "genblk5" "genblk5" 2 343, 2 343 0, S_000000000604beb0;
 .timescale 0 0;
E_0000000005faf2b0 .event posedge, v000000000604c290_0;
S_000000000604b870 .scope generate, "genblk7" "genblk7" 2 360, 2 360 0, S_000000000604beb0;
 .timescale 0 0;
S_000000000604b3c0 .scope generate, "genblk10" "genblk10" 2 485, 2 485 0, S_0000000005ede2f0;
 .timescale 0 0;
L_0000000005ed35b0 .functor BUFZ 1, o0000000005ff0b98, C4<0>, C4<0>, C4<0>;
S_000000000604bb90 .scope generate, "genblk12" "genblk12" 2 486, 2 486 0, S_0000000005ede2f0;
 .timescale 0 0;
L_0000000005ed2ba0 .functor BUFZ 1, o0000000005ff0bf8, C4<0>, C4<0>, C4<0>;
S_000000000604ba00 .scope generate, "genblk14" "genblk14" 2 487, 2 487 0, S_0000000005ede2f0;
 .timescale 0 0;
L_0000000005ed2c10 .functor BUFZ 1, o0000000005ff0c58, C4<0>, C4<0>, C4<0>;
S_000000000604fce0 .scope generate, "genblk16" "genblk16" 2 488, 2 488 0, S_0000000005ede2f0;
 .timescale 0 0;
L_0000000005ed2f20 .functor BUFZ 1, o0000000005ff0cb8, C4<0>, C4<0>, C4<0>;
S_000000000604fb50 .scope generate, "genblk17" "genblk17" 2 503, 2 503 0, S_0000000005ede2f0;
 .timescale 0 0;
S_000000000604e570 .scope module, "lut4_0" "LUT4" 2 507, 2 4 0, S_000000000604fb50;
 .timescale 0 0;
    .port_info 0 /INPUT 1 "A";
    .port_info 1 /INPUT 1 "B";
    .port_info 2 /INPUT 1 "C";
    .port_info 3 /INPUT 1 "D";
    .port_info 4 /OUTPUT 1 "Z";
P_0000000005faf2f0 .param/l "INIT" 0 2 5, C4<0000000000000000>;
v000000000604c8d0_0 .net "A", 0 0, L_0000000005ed3310;  alias, 1 drivers
v000000000604dcd0_0 .net "B", 0 0, L_0000000005ed2dd0;  alias, 1 drivers
v000000000604dd70_0 .net "C", 0 0, L_0000000005ed2e40;  alias, 1 drivers
v000000000604daf0_0 .net "D", 0 0, L_0000000005ed3230;  alias, 1 drivers
v000000000604d190_0 .net "Z", 0 0, L_00000000060527c0;  alias, 1 drivers
L_0000000006054138 .functor BUFT 1, C4<00000000>, C4<0>, C4<0>, C4<0>;
v000000000604cc90_0 .net/2u *"_ivl_0", 7 0, L_0000000006054138;  1 drivers
v000000000604dc30_0 .net *"_ivl_13", 1 0, L_0000000006053c60;  1 drivers
v000000000604cd30_0 .net *"_ivl_15", 1 0, L_0000000006052cc0;  1 drivers
v000000000604d2d0_0 .net *"_ivl_19", 0 0, L_00000000060536c0;  1 drivers
L_0000000006054180 .functor BUFT 1, C4<00000000>, C4<0>, C4<0>, C4<0>;
v000000000604cdd0_0 .net/2u *"_ivl_2", 7 0, L_0000000006054180;  1 drivers
v000000000604d910_0 .net *"_ivl_21", 0 0, L_00000000060524a0;  1 drivers
v000000000604d870_0 .net *"_ivl_7", 3 0, L_0000000006052180;  1 drivers
v000000000604c330_0 .net *"_ivl_9", 3 0, L_00000000060534e0;  1 drivers
v000000000604da50_0 .net "s1", 1 0, L_0000000006053f80;  1 drivers
v000000000604c3d0_0 .net "s2", 3 0, L_0000000006052220;  1 drivers
v000000000604de10_0 .net "s3", 7 0, L_0000000006053bc0;  1 drivers
L_0000000006053bc0 .functor MUXZ 8, L_0000000006054180, L_0000000006054138, L_0000000005ed3230, C4<>;
L_0000000006052180 .part L_0000000006053bc0, 4, 4;
L_00000000060534e0 .part L_0000000006053bc0, 0, 4;
L_0000000006052220 .functor MUXZ 4, L_00000000060534e0, L_0000000006052180, L_0000000005ed2e40, C4<>;
L_0000000006053c60 .part L_0000000006052220, 2, 2;
L_0000000006052cc0 .part L_0000000006052220, 0, 2;
L_0000000006053f80 .functor MUXZ 2, L_0000000006052cc0, L_0000000006053c60, L_0000000005ed2dd0, C4<>;
L_00000000060536c0 .part L_0000000006053f80, 1, 1;
L_00000000060524a0 .part L_0000000006053f80, 0, 1;
L_00000000060527c0 .functor MUXZ 1, L_00000000060524a0, L_00000000060536c0, L_0000000005ed3310, C4<>;
S_000000000604ebb0 .scope module, "lut4_1" "LUT4" 2 513, 2 4 0, S_000000000604fb50;
 .timescale 0 0;
    .port_info 0 /INPUT 1 "A";
    .port_info 1 /INPUT 1 "B";
    .port_info 2 /INPUT 1 "C";
    .port_info 3 /INPUT 1 "D";
    .port_info 4 /OUTPUT 1 "Z";
P_0000000005faf370 .param/l "INIT" 0 2 5, C4<0000000000000000>;
v000000000604c470_0 .net "A", 0 0, L_0000000005ed35b0;  alias, 1 drivers
v000000000604c510_0 .net "B", 0 0, L_0000000005ed2ba0;  alias, 1 drivers
v000000000604c970_0 .net "C", 0 0, L_0000000005ed2c10;  alias, 1 drivers
v000000000604c5b0_0 .net "D", 0 0, L_0000000005ed2f20;  alias, 1 drivers
v000000000604c150_0 .net "Z", 0 0, L_0000000006053080;  alias, 1 drivers
L_00000000060541c8 .functor BUFT 1, C4<00000000>, C4<0>, C4<0>, C4<0>;
v000000000604ce70_0 .net/2u *"_ivl_0", 7 0, L_00000000060541c8;  1 drivers
v000000000604d050_0 .net *"_ivl_13", 1 0, L_0000000006053d00;  1 drivers
v000000000604d7d0_0 .net *"_ivl_15", 1 0, L_0000000006052540;  1 drivers
v000000000604c0b0_0 .net *"_ivl_19", 0 0, L_0000000006052fe0;  1 drivers
L_0000000006054210 .functor BUFT 1, C4<00000000>, C4<0>, C4<0>, C4<0>;
v000000000604ca10_0 .net/2u *"_ivl_2", 7 0, L_0000000006054210;  1 drivers
v000000000604cf10_0 .net *"_ivl_21", 0 0, L_0000000006052360;  1 drivers
v000000000604c1f0_0 .net *"_ivl_7", 3 0, L_0000000006052e00;  1 drivers
v000000000604c650_0 .net *"_ivl_9", 3 0, L_0000000006052d60;  1 drivers
v000000000604d410_0 .net "s1", 1 0, L_0000000006053940;  1 drivers
v000000000604d370_0 .net "s2", 3 0, L_0000000006052f40;  1 drivers
v000000000604c6f0_0 .net "s3", 7 0, L_00000000060520e0;  1 drivers
L_00000000060520e0 .functor MUXZ 8, L_0000000006054210, L_00000000060541c8, L_0000000005ed2f20, C4<>;
L_0000000006052e00 .part L_00000000060520e0, 4, 4;
L_0000000006052d60 .part L_00000000060520e0, 0, 4;
L_0000000006052f40 .functor MUXZ 4, L_0000000006052d60, L_0000000006052e00, L_0000000005ed2c10, C4<>;
L_0000000006053d00 .part L_0000000006052f40, 2, 2;
L_0000000006052540 .part L_0000000006052f40, 0, 2;
L_0000000006053940 .functor MUXZ 2, L_0000000006052540, L_0000000006053d00, L_0000000005ed2ba0, C4<>;
L_0000000006052fe0 .part L_0000000006053940, 1, 1;
L_0000000006052360 .part L_0000000006053940, 0, 1;
L_0000000006053080 .functor MUXZ 1, L_0000000006052360, L_0000000006052fe0, L_0000000005ed35b0, C4<>;
S_000000000604ea20 .scope module, "lut5_mux" "PFUMX" 2 518, 2 179 0, S_000000000604fb50;
 .timescale 0 0;
    .port_info 0 /INPUT 1 "ALUT";
    .port_info 1 /INPUT 1 "BLUT";
    .port_info 2 /INPUT 1 "C0";
    .port_info 3 /OUTPUT 1 "Z";
v000000000604c790_0 .net "ALUT", 0 0, L_0000000006053080;  alias, 1 drivers
v000000000604d730_0 .net "BLUT", 0 0, L_00000000060527c0;  alias, 1 drivers
v000000000604c830_0 .net "C0", 0 0, o0000000005fefc08;  alias, 0 drivers
v000000000604cb50_0 .net "Z", 0 0, L_00000000060539e0;  alias, 1 drivers
L_00000000060539e0 .functor MUXZ 1, L_00000000060527c0, L_0000000006053080, o0000000005fefc08, C4<>;
S_000000000604f830 .scope module, "lutx_mux" "L6MUX21" 2 519, 2 65 0, S_000000000604fb50;
 .timescale 0 0;
    .port_info 0 /INPUT 1 "D0";
    .port_info 1 /INPUT 1 "D1";
    .port_info 2 /INPUT 1 "SD";
    .port_info 3 /OUTPUT 1 "Z";
v000000000604d0f0_0 .net "D0", 0 0, o0000000005ff0988;  alias, 0 drivers
v000000000604d550_0 .net "D1", 0 0, o0000000005ff09b8;  alias, 0 drivers
v000000000604d9b0_0 .net "SD", 0 0, o0000000005fefe78;  alias, 0 drivers
v000000000604d5f0_0 .net "Z", 0 0, L_00000000060531c0;  alias, 1 drivers
L_00000000060531c0 .functor MUXZ 1, o0000000005ff0988, o0000000005ff09b8, o0000000005fefe78, C4<>;
S_000000000604e700 .scope generate, "genblk2" "genblk2" 2 481, 2 481 0, S_0000000005ede2f0;
 .timescale 0 0;
L_0000000005ed3310 .functor BUFZ 1, o0000000005ff0b68, C4<0>, C4<0>, C4<0>;
S_000000000604ed40 .scope generate, "genblk4" "genblk4" 2 482, 2 482 0, S_0000000005ede2f0;
 .timescale 0 0;
L_0000000005ed2dd0 .functor BUFZ 1, o0000000005ff0bc8, C4<0>, C4<0>, C4<0>;
S_000000000604e890 .scope generate, "genblk6" "genblk6" 2 483, 2 483 0, S_0000000005ede2f0;
 .timescale 0 0;
L_0000000005ed2e40 .functor BUFZ 1, o0000000005ff0c28, C4<0>, C4<0>, C4<0>;
S_000000000604eed0 .scope generate, "genblk8" "genblk8" 2 484, 2 484 0, S_0000000005ede2f0;
 .timescale 0 0;
L_0000000005ed3230 .functor BUFZ 1, o0000000005ff0c88, C4<0>, C4<0>, C4<0>;
S_000000000604f510 .scope function.vec4.s16, "permute_initval" "permute_initval" 2 492, 2 492 0, S_0000000005ede2f0;
 .timescale 0 0;
v000000000604cbf0_0 .var/i "i", 31 0;
v000000000604d690_0 .var "initval", 15 0;
; Variable permute_initval is vec4 return value of scope S_000000000604f510
TD_TRELLIS_SLICE.permute_initval ;
    %pushi/vec4 0, 0, 32;
    %store/vec4 v000000000604cbf0_0, 0, 32;
T_1.12 ;
    %load/vec4 v000000000604cbf0_0;
    %cmpi/s 16, 0, 32;
    %jmp/0xz T_1.13, 5;
    %load/vec4 v000000000604d690_0;
    %load/vec4 v000000000604cbf0_0;
    %part/s 1;
    %load/vec4 v000000000604cbf0_0;
    %parti/s 1, 0, 2;
    %load/vec4 v000000000604cbf0_0;
    %parti/s 1, 2, 3;
    %concat/vec4; draw_concat_vec4
    %load/vec4 v000000000604cbf0_0;
    %parti/s 1, 1, 2;
    %concat/vec4; draw_concat_vec4
    %load/vec4 v000000000604cbf0_0;
    %parti/s 1, 3, 3;
    %concat/vec4; draw_concat_vec4
    %ix/vec4 4;
    %ret/vec4 0, 4, 1; Assign to permute_initval (store_vec4_to_lval)
    %load/vec4 v000000000604cbf0_0;
    %addi 1, 0, 32;
    %store/vec4 v000000000604cbf0_0, 0, 32;
    %jmp T_1.12;
T_1.13 ;
    %end;
S_0000000005f155a0 .scope module, "main" "main" 3 6;
 .timescale 0 0;
    .port_info 0 /INPUT 32 "ve0f1d2";
    .port_info 1 /OUTPUT 1 "va34f84";
o0000000005ff1948 .functor BUFZ 32, C4<zzzzzzzzzzzzzzzzzzzzzzzzzzzzzzzz>; HiZ drive
L_000000000609f740 .functor BUFZ 32, o0000000005ff1948, C4<00000000000000000000000000000000>, C4<00000000000000000000000000000000>, C4<00000000000000000000000000000000>;
L_000000000609fcf0 .functor BUFZ 1, L_00000000060525e0, C4<0>, C4<0>, C4<0>;
v0000000006052900_0 .net "va34f84", 0 0, L_000000000609fcf0;  1 drivers
v0000000006052ea0_0 .net "ve0f1d2", 31 0, o0000000005ff1948;  0 drivers
v00000000060522c0_0 .net "w0", 0 31, L_000000000609f740;  1 drivers
v0000000006053620_0 .net "w1", 0 0, L_00000000060525e0;  1 drivers
S_000000000604e3e0 .scope module, "v1b6c91" "main_v1b6c91" 3 14, 3 26 0, S_0000000005f155a0;
 .timescale 0 0;
    .port_info 0 /INPUT 32 "Eingang";
    .port_info 1 /OUTPUT 1 "NiedrigstesBit";
v0000000006052a40_0 .net "Eingang", 31 0, L_000000000609f740;  alias, 1 drivers
v0000000006052ae0_0 .net "NiedrigstesBit", 0 0, L_00000000060525e0;  alias, 1 drivers
L_00000000060525e0 .part L_000000000609f740, 0, 1;
    .scope S_0000000005ef3020;
T_2 ;
    %pushi/vec4 0, 0, 32;
    %store/vec4 v00000000060471c0_0, 0, 32;
T_2.0 ;
    %load/vec4 v00000000060471c0_0;
    %cmpi/s 15, 0, 32;
    %jmp/0xz T_2.1, 5;
    %pushi/vec4 0, 0, 64;
    %load/vec4 v00000000060471c0_0;
    %muli 4, 0, 32;
    %part/s 4;
    %ix/getv/s 3, v00000000060471c0_0;
    %ix/load 4, 0, 0; Constant delay
    %assign/vec4/a/d v0000000006047ee0, 0, 4;
    %load/vec4 v00000000060471c0_0;
    %addi 1, 0, 32;
    %store/vec4 v00000000060471c0_0, 0, 32;
    %jmp T_2.0;
T_2.1 ;
    %end;
    .thread T_2;
    .scope S_0000000005ef3020;
T_3 ;
    %wait E_0000000005faeef0;
    %load/vec4 v0000000006048f20_0;
    %flag_set/vec4 8;
    %jmp/0xz  T_3.0, 8;
    %load/vec4 v0000000006048840_0;
    %load/vec4 v0000000006048b60_0;
    %pad/u 6;
    %ix/vec4 3;
    %ix/load 4, 0, 0; Constant delay
    %assign/vec4/a/d v0000000006047ee0, 0, 4;
T_3.0 ;
    %jmp T_3;
    .thread T_3;
    .scope S_0000000005f04f40;
T_4 ;
    %pushi/vec4 0, 0, 32;
    %store/vec4 v0000000006047440_0, 0, 32;
T_4.0 ;
    %load/vec4 v0000000006047440_0;
    %cmpi/s 16, 0, 32;
    %jmp/0xz T_4.1, 5;
    %pushi/vec4 0, 0, 64;
    %load/vec4 v0000000006047440_0;
    %addi 3, 0, 32;
    %part/s 1;
    %pushi/vec4 0, 0, 64;
    %load/vec4 v0000000006047440_0;
    %addi 2, 0, 32;
    %part/s 1;
    %concat/vec4; draw_concat_vec4
    %pushi/vec4 0, 0, 64;
    %load/vec4 v0000000006047440_0;
    %addi 1, 0, 32;
    %part/s 1;
    %concat/vec4; draw_concat_vec4
    %pushi/vec4 0, 0, 64;
    %load/vec4 v0000000006047440_0;
    %part/s 1;
    %concat/vec4; draw_concat_vec4
    %ix/getv/s 3, v0000000006047440_0;
    %ix/load 4, 0, 0; Constant delay
    %assign/vec4/a/d v00000000060480c0, 0, 4;
    %load/vec4 v0000000006047440_0;
    %addi 1, 0, 32;
    %store/vec4 v0000000006047440_0, 0, 32;
    %jmp T_4.0;
T_4.1 ;
    %end;
    .thread T_4;
    .scope S_0000000005f04f40;
T_5 ;
    %wait E_0000000005faf630;
    %pushi/vec4 5722693, 0, 24; draw_string_vec4
    %dup/vec4;
    %pushi/vec4 49, 0, 24; draw_string_vec4
    %cmp/u;
    %jmp/1 T_5.0, 6;
    %dup/vec4;
    %pushi/vec4 48, 0, 24; draw_string_vec4
    %cmp/u;
    %jmp/1 T_5.1, 6;
    %dup/vec4;
    %pushi/vec4 4804182, 0, 24; draw_string_vec4
    %cmp/u;
    %jmp/1 T_5.2, 6;
    %load/vec4 v0000000006048020_0;
    %store/vec4 v0000000006048c00_0, 0, 1;
    %jmp T_5.4;
T_5.0 ;
    %pushi/vec4 1, 0, 1;
    %store/vec4 v0000000006048c00_0, 0, 1;
    %jmp T_5.4;
T_5.1 ;
    %pushi/vec4 0, 0, 1;
    %store/vec4 v0000000006048c00_0, 0, 1;
    %jmp T_5.4;
T_5.2 ;
    %load/vec4 v0000000006048020_0;
    %inv;
    %store/vec4 v0000000006048c00_0, 0, 1;
    %jmp T_5.4;
T_5.4 ;
    %pop/vec4 1;
    %jmp T_5;
    .thread T_5, $push;
    .scope S_0000000005f04f40;
T_6 ;
    %wait E_0000000005faf770;
    %load/vec4 v0000000006048c00_0;
    %flag_set/vec4 8;
    %jmp/0xz  T_6.0, 8;
    %load/vec4 v0000000006048a20_0;
    %load/vec4 v0000000006047300_0;
    %pad/u 6;
    %ix/vec4 3;
    %ix/load 4, 0, 0; Constant delay
    %assign/vec4/a/d v00000000060480c0, 0, 4;
T_6.0 ;
    %jmp T_6;
    .thread T_6;
    .scope S_0000000005f050d0;
T_7 ;
    %wait E_0000000005faefb0;
    %load/vec4 v0000000006048d40_0;
    %cmpi/e 0, 1, 1;
    %jmp/0xz  T_7.0, 6;
    %pushi/vec4 0, 0, 1;
    %assign/vec4 v0000000006048200_0, 0;
    %jmp T_7.1;
T_7.0 ;
    %load/vec4 v0000000006048d40_0;
    %assign/vec4 v0000000006048200_0, 0;
T_7.1 ;
    %jmp T_7;
    .thread T_7, $push;
    .scope S_0000000005edb270;
T_8 ;
    %wait E_0000000005faf4b0;
    %load/vec4 v00000000060483e0_0;
    %flag_set/vec4 8;
    %jmp/0xz  T_8.0, 8;
    %load/vec4 v0000000006048660_0;
    %assign/vec4 v0000000006047a80_0, 0;
    %jmp T_8.1;
T_8.0 ;
    %load/vec4 v0000000006047b20_0;
    %flag_set/vec4 8;
    %jmp/0xz  T_8.2, 8;
    %load/vec4 v0000000006047800_0;
    %assign/vec4 v0000000006047a80_0, 0;
T_8.2 ;
T_8.1 ;
    %jmp T_8;
    .thread T_8;
    .scope S_0000000005ea2dc0;
T_9 ;
    %load/vec4 v0000000006048660_0;
    %store/vec4 v0000000006047a80_0, 0, 1;
    %end;
    .thread T_9;
    .scope S_000000000604b230;
T_10 ;
    %wait E_0000000005faf2b0;
    %load/vec4 v000000000604cfb0_0;
    %flag_set/vec4 8;
    %jmp/0xz  T_10.0, 8;
    %load/vec4 v000000000604db90_0;
    %assign/vec4 v000000000604d230_0, 0;
    %jmp T_10.1;
T_10.0 ;
    %load/vec4 v000000000604df50_0;
    %flag_set/vec4 8;
    %jmp/0xz  T_10.2, 8;
    %load/vec4 v000000000604d4b0_0;
    %assign/vec4 v000000000604d230_0, 0;
T_10.2 ;
T_10.1 ;
    %jmp T_10;
    .thread T_10;
    .scope S_000000000604beb0;
T_11 ;
    %load/vec4 v000000000604db90_0;
    %store/vec4 v000000000604d230_0, 0, 1;
    %end;
    .thread T_11;
# The file index is used to find the file name in the following table.
:file_names 4;
    "N/A";
    "<interactive>";
    "C:\Users\Yanni\.icestudio\apio\packages\tools-oss-cad-suite\share\yosys/ecp5/cells_sim.v";
    "main.v";
